1548980581 INTERNAL *** MONITORD_STARTED ***
1548980575 INTERNAL *** DAGMAN_STARTED 8006.0 ***
1548980580 create_dir_namd_wf_0_cori SUBMIT 8007.0 local - 1
1548980585 create_dir_namd_wf_0_cori EXECUTE 8007.0 local - 1
1548980585 create_dir_namd_wf_0_cori JOB_TERMINATED 8007.0 local - 1
1548980585 create_dir_namd_wf_0_cori JOB_SUCCESS 0 local - 1
1548980585 create_dir_namd_wf_0_cori POST_SCRIPT_STARTED 8007.0 local - 1
1548980590 create_dir_namd_wf_0_cori POST_SCRIPT_TERMINATED 8007.0 local - 1
1548980590 create_dir_namd_wf_0_cori POST_SCRIPT_SUCCESS 0 local - 1
1548980595 stage_in_local_cori_0_0 SUBMIT 8008.0 local - 2
1548980595 stage_in_local_cori_0_0 EXECUTE 8008.0 local - 2
1548980595 stage_in_local_cori_1_0 SUBMIT 8009.0 local - 3
1548980605 stage_in_local_cori_0_0 JOB_TERMINATED 8008.0 local - 2
1548980605 stage_in_local_cori_0_0 JOB_SUCCESS 0 local - 2
1548980605 stage_in_local_cori_0_0 POST_SCRIPT_STARTED 8008.0 local - 2
1548980605 stage_in_local_cori_1_0 EXECUTE 8009.0 local - 3
1548980605 stage_in_local_cori_1_0 JOB_TERMINATED 8009.0 local - 3
1548980605 stage_in_local_cori_1_0 JOB_SUCCESS 0 local - 3
1548980605 stage_in_local_cori_1_0 POST_SCRIPT_STARTED 8009.0 local - 3
1548980610 stage_in_local_cori_1_0 POST_SCRIPT_TERMINATED 8009.0 local - 3
1548980610 stage_in_local_cori_1_0 POST_SCRIPT_SUCCESS 0 local - 3
1548980610 stage_in_local_cori_0_0 POST_SCRIPT_TERMINATED 8008.0 local - 2
1548980610 stage_in_local_cori_0_0 POST_SCRIPT_SUCCESS 0 local - 2
1548980615 namd2_ID0000001 SUBMIT 8010.0 cori 1200 4
1548980615 namd2_ID0000003 SUBMIT 8011.0 cori 1200 5
1548980625 namd2_ID0000001 GLOBUS_SUBMIT 8010.0 cori 1200 4
1548980625 namd2_ID0000001 GRID_SUBMIT 8010.0 cori 1200 4
1548980635 namd2_ID0000003 GLOBUS_SUBMIT 8011.0 cori 1200 5
1548980635 namd2_ID0000003 GRID_SUBMIT 8011.0 cori 1200 5
1548980750 namd2_ID0000003 EXECUTE 8011.0 cori 1200 5
1548980750 namd2_ID0000001 EXECUTE 8010.0 cori 1200 4
1548980775 namd2_ID0000003 JOB_HELD 8011.0 cori 1200 5
1548980775 namd2_ID0000003 JOB_HELD_REASON 8011.0 cori 1200 5
1548980775 namd2_ID0000001 JOB_HELD 8010.0 cori 1200 4
1548980775 namd2_ID0000001 JOB_HELD_REASON 8010.0 cori 1200 4
1548980835 INTERNAL *** DAGMAN_FINISHED 2 ***
1548980837 INTERNAL *** MONITORD_FINISHED 0 ***
1548980976 INTERNAL *** MONITORD_STARTED ***
1548980976 INTERNAL *** DAGMAN_STARTED 8012.0 ***
1548980980 namd2_ID0000001 SUBMIT 8013.0 cori 1200 6
1548980980 namd2_ID0000003 SUBMIT 8014.0 cori 1200 7
1548980991 namd2_ID0000003 GLOBUS_SUBMIT 8014.0 cori 1200 7
1548980991 namd2_ID0000003 GRID_SUBMIT 8014.0 cori 1200 7
1548980996 namd2_ID0000001 GLOBUS_SUBMIT 8013.0 cori 1200 6
1548980996 namd2_ID0000001 GRID_SUBMIT 8013.0 cori 1200 6
1548981146 namd2_ID0000001 EXECUTE 8013.0 cori 1200 6
1548981146 namd2_ID0000003 EXECUTE 8014.0 cori 1200 7
1548981156 namd2_ID0000001 JOB_HELD 8013.0 cori 1200 6
1548981156 namd2_ID0000001 JOB_HELD_REASON 8013.0 cori 1200 6
1548981191 namd2_ID0000003 JOB_HELD 8014.0 cori 1200 7
1548981191 namd2_ID0000003 JOB_HELD_REASON 8014.0 cori 1200 7
1548981246 INTERNAL *** DAGMAN_FINISHED 2 ***
1548981247 INTERNAL *** MONITORD_FINISHED 0 ***
