2019-01-31 16:29:36,840:INFO:pegasus-monitord(70): pegasus-monitord starting - pid 16085 
2019-01-31 16:29:36,848:INFO:pegasus-monitord(322): Final Command line options are: ['-N', 'namd_wf-0.dag.dagman.out']
2019-01-31 16:29:36,849:INFO:Pegasus.monitoring.event_output(459): Connecting workflow event sink to sqlite:////home/georgepap/GitHub/papajim/sns-namd-shifter-example/submit/georgepap/pegasus/namd_wf/run0001/namd_wf-0.stampede.db
2019-01-31 16:29:36,893:INFO:Pegasus.monitoring.event_output(517): output type=DB namespace=stampede. name=sqlite:////home/georgepap/GitHub/papajim/sns-namd-shifter-example/submit/georgepap/pegasus/namd_wf/run0001/namd_wf-0.stampede.db
2019-01-31 16:29:36,893:INFO:Pegasus.monitoring.event_output(459): Connecting workflow event sink to sqlite:////home/georgepap/.pegasus/workflow.db
2019-01-31 16:29:36,930:INFO:Pegasus.monitoring.event_output(517): output type=DB namespace=dashboard. name=sqlite:////home/georgepap/.pegasus/workflow.db
2019-01-31 16:29:36,930:INFO:pegasus-monitord(1016): monitord started in fast start mode
2019-01-31 16:29:36,942:INFO:Pegasus.monitoring.workflow(952): Appending to existing jobstate.log replay_mode 0 previous_processed_line 0
2019-01-31 16:29:36,942:INFO:Pegasus.monitoring.notifications(394): loading notifications from /home/georgepap/GitHub/papajim/sns-namd-shifter-example/submit/georgepap/pegasus/namd_wf/run0001/namd_wf-0.notify
2019-01-31 16:29:36,943:INFO:Pegasus.monitoring.workflow(170): Parsing DAG file /home/georgepap/GitHub/papajim/sns-namd-shifter-example/submit/georgepap/pegasus/namd_wf/run0001/namd_wf-0.dag
2019-01-31 16:29:36,945:INFO:pegasus-monitord(783): Using DAGMan version 8.4.9 80409
2019-01-31 16:29:36,945:INFO:pegasus-monitord(759): DAGMan runs at pid 16084
2019-01-31 16:29:36,949:INFO:pegasus-monitord(765): using dag namd_wf-0.dag
2019-01-31 16:29:36,949:INFO:Pegasus.monitoring.workflow(680): DAGMan starting with condor id 8012.0
2019-01-31 16:34:06,550:WARNING:pegasus-monitord(829): DAGMan was aborted for workflow running in directory /home/georgepap/GitHub/papajim/sns-namd-shifter-example/submit/georgepap/pegasus/namd_wf/run0001
2019-01-31 16:34:06,552:INFO:pegasus-monitord(739): DAGMan namd_wf-0.dag finished with exit code 2
2019-01-31 16:34:07,646:INFO:pegasus-monitord(1175): workflow /home/georgepap/GitHub/papajim/sns-namd-shifter-example/submit/georgepap/pegasus/namd_wf/run0001/namd_wf-0.dag.dagman.out ended
2019-01-31 16:34:07,647:INFO:Pegasus.monitoring.workflow(1121): recovery file deleted: /home/georgepap/GitHub/papajim/sns-namd-shifter-example/submit/georgepap/pegasus/namd_wf/run0001/monitord.recover
2019-01-31 16:34:07,647:INFO:pegasus-monitord(1349): finishing workflow: /home/georgepap/GitHub/papajim/sns-namd-shifter-example/submit/georgepap/pegasus/namd_wf/run0001/namd_wf-0.dag.dagman.out
2019-01-31 16:34:07,647:INFO:pegasus-monitord(1401): finishing notifications...
2019-01-31 16:34:07,647:INFO:pegasus-monitord(1406): monitord process 16085 exiting with 0
2019-01-31 16:34:07,648:INFO:pegasus-monitord(185): DB flushing beginning
2019-01-31 16:34:07,648:INFO:Pegasus.db.workflow_loader.WorkflowLoader(1100): Executing final flush
2019-01-31 16:34:07,705:INFO:Pegasus.db.dashboard_loader.DashboardLoader(353): Executing final flush
2019-01-31 16:34:07,705:INFO:pegasus-monitord(199): DB flushing ended
