01/31/19 16:22:55 ******************************************************
01/31/19 16:22:55 ** condor_scheduniv_exec.8006.0 (CONDOR_DAGMAN) STARTING UP
01/31/19 16:22:55 ** /usr/bin/condor_dagman
01/31/19 16:22:55 ** SubsystemInfo: name=DAGMAN type=DAGMAN(10) class=DAEMON(1)
01/31/19 16:22:55 ** Configuration: subsystem:DAGMAN local:<NONE> class:DAEMON
01/31/19 16:22:55 ** $CondorVersion: 8.4.9 Nov 27 2016 BuildID: Debian-8.4.9~dfsg.1-2~nd16.04+1 Debian-8.4.9~dfsg.1-2~nd16.04+1 $
01/31/19 16:22:55 ** $CondorPlatform: X86_64-Ubuntu_16.04 $
01/31/19 16:22:55 ** PID = 14710
01/31/19 16:22:55 ** Log last touched time unavailable (No such file or directory)
01/31/19 16:22:55 ******************************************************
01/31/19 16:22:55 Using config source: /etc/condor/condor_config
01/31/19 16:22:55 Using local config sources: 
01/31/19 16:22:55    /etc/condor/config.d/00debconf
01/31/19 16:22:55    /etc/condor/condor_config.local
01/31/19 16:22:55 config Macros = 70, Sorted = 70, StringBytes = 2059, TablesBytes = 2576
01/31/19 16:22:55 CLASSAD_CACHING is ENABLED
01/31/19 16:22:55 Daemon Log is logging: D_ALWAYS D_ERROR
01/31/19 16:22:55 DaemonCore: No command port requested.
01/31/19 16:22:55 DAGMAN_USE_STRICT setting: 1
01/31/19 16:22:55 DAGMAN_VERBOSITY setting: 3
01/31/19 16:22:55 DAGMAN_DEBUG_CACHE_SIZE setting: 5242880
01/31/19 16:22:55 DAGMAN_DEBUG_CACHE_ENABLE setting: False
01/31/19 16:22:55 DAGMAN_SUBMIT_DELAY setting: 0
01/31/19 16:22:55 DAGMAN_MAX_SUBMIT_ATTEMPTS setting: 6
01/31/19 16:22:55 DAGMAN_STARTUP_CYCLE_DETECT setting: False
01/31/19 16:22:55 DAGMAN_MAX_SUBMITS_PER_INTERVAL setting: 5
01/31/19 16:22:55 DAGMAN_USER_LOG_SCAN_INTERVAL setting: 5
01/31/19 16:22:55 DAGMAN_DEFAULT_PRIORITY setting: 0
01/31/19 16:22:55 DAGMAN_SUPPRESS_NOTIFICATION setting: True
01/31/19 16:22:55 allow_events (DAGMAN_ALLOW_EVENTS) setting: 114
01/31/19 16:22:55 DAGMAN_RETRY_SUBMIT_FIRST setting: True
01/31/19 16:22:55 DAGMAN_RETRY_NODE_FIRST setting: False
01/31/19 16:22:55 DAGMAN_MAX_JOBS_IDLE setting: 1000
01/31/19 16:22:55 DAGMAN_MAX_JOBS_SUBMITTED setting: 0
01/31/19 16:22:55 DAGMAN_MAX_PRE_SCRIPTS setting: 20
01/31/19 16:22:55 DAGMAN_MAX_POST_SCRIPTS setting: 20
01/31/19 16:22:55 DAGMAN_ALLOW_LOG_ERROR setting: False
01/31/19 16:22:55 DAGMAN_MUNGE_NODE_NAMES setting: True
01/31/19 16:22:55 DAGMAN_PROHIBIT_MULTI_JOBS setting: False
01/31/19 16:22:55 DAGMAN_SUBMIT_DEPTH_FIRST setting: False
01/31/19 16:22:55 DAGMAN_ALWAYS_RUN_POST setting: True
01/31/19 16:22:55 DAGMAN_ABORT_DUPLICATES setting: True
01/31/19 16:22:55 DAGMAN_ABORT_ON_SCARY_SUBMIT setting: True
01/31/19 16:22:55 DAGMAN_PENDING_REPORT_INTERVAL setting: 600
01/31/19 16:22:55 DAGMAN_AUTO_RESCUE setting: True
01/31/19 16:22:55 DAGMAN_MAX_RESCUE_NUM setting: 100
01/31/19 16:22:55 DAGMAN_WRITE_PARTIAL_RESCUE setting: True
01/31/19 16:22:55 DAGMAN_DEFAULT_NODE_LOG setting: @(DAG_DIR)/@(DAG_FILE).nodes.log
01/31/19 16:22:55 DAGMAN_GENERATE_SUBDAG_SUBMITS setting: True
01/31/19 16:22:55 DAGMAN_MAX_JOB_HOLDS setting: 100
01/31/19 16:22:55 DAGMAN_HOLD_CLAIM_TIME setting: 20
01/31/19 16:22:55 ALL_DEBUG setting: 
01/31/19 16:22:55 DAGMAN_DEBUG setting: 
01/31/19 16:22:55 DAGMAN_SUPPRESS_JOB_LOGS setting: False
01/31/19 16:22:55 argv[0] == "condor_scheduniv_exec.8006.0"
01/31/19 16:22:55 argv[1] == "-Lockfile"
01/31/19 16:22:55 argv[2] == "namd_wf-0.dag.lock"
01/31/19 16:22:55 argv[3] == "-AutoRescue"
01/31/19 16:22:55 argv[4] == "1"
01/31/19 16:22:55 argv[5] == "-DoRescueFrom"
01/31/19 16:22:55 argv[6] == "0"
01/31/19 16:22:55 argv[7] == "-Dag"
01/31/19 16:22:55 argv[8] == "namd_wf-0.dag"
01/31/19 16:22:55 argv[9] == "-MaxPost"
01/31/19 16:22:55 argv[10] == "20"
01/31/19 16:22:55 argv[11] == "-Suppress_notification"
01/31/19 16:22:55 argv[12] == "-CsdVersion"
01/31/19 16:22:55 argv[13] == "$CondorVersion: 8.4.9 Nov 27 2016 BuildID: Debian-8.4.9~dfsg.1-2~nd16.04+1 Debian-8.4.9~dfsg.1-2~nd16.04+1 $"
01/31/19 16:22:55 argv[14] == "-Dagman"
01/31/19 16:22:55 argv[15] == "/usr/bin/condor_dagman"
01/31/19 16:22:55 Warning: failed to get attribute DAGNodeName
01/31/19 16:22:55 DAGMAN_LOG_ON_NFS_IS_ERROR setting: False
01/31/19 16:22:55 Default node log file is: </home/georgepap/GitHub/papajim/sns-namd-shifter-example/submit/georgepap/pegasus/namd_wf/run0001/./namd_wf-0.dag.nodes.log>
01/31/19 16:22:55 DAG Lockfile will be written to namd_wf-0.dag.lock
01/31/19 16:22:55 DAG Input file is namd_wf-0.dag
01/31/19 16:22:55 Parsing 1 dagfiles
01/31/19 16:22:55 Parsing namd_wf-0.dag ...
01/31/19 16:22:55 Warning: category registration has no assigned nodes, so the throttle setting (1) will have no effect
01/31/19 16:22:55 Warning: category cleanup has no assigned nodes, so the throttle setting (4) will have no effect
01/31/19 16:22:55 Dag contains 9 total jobs
01/31/19 16:22:55 Sleeping for 3 seconds to ensure ProcessId uniqueness
01/31/19 16:22:58 Bootstrapping...
01/31/19 16:22:58 Number of pre-completed nodes: 0
01/31/19 16:22:58 MultiLogFiles: truncating log file /home/georgepap/GitHub/papajim/sns-namd-shifter-example/submit/georgepap/pegasus/namd_wf/run0001/./namd_wf-0.dag.nodes.log
01/31/19 16:22:58 DAG status: 0 (DAG_STATUS_OK)
01/31/19 16:22:58 Of 9 nodes total:
01/31/19 16:22:58  Done     Pre   Queued    Post   Ready   Un-Ready   Failed
01/31/19 16:22:58   ===     ===      ===     ===     ===        ===      ===
01/31/19 16:22:58     0       0        0       0       1          8        0
01/31/19 16:22:58 0 job proc(s) currently held
01/31/19 16:22:58 Registering condor_event_timer...
01/31/19 16:22:59 Submitting Condor Node create_dir_namd_wf_0_cori job(s)...
01/31/19 16:22:59 Adding a DAGMan workflow log /home/georgepap/GitHub/papajim/sns-namd-shifter-example/submit/georgepap/pegasus/namd_wf/run0001/./namd_wf-0.dag.nodes.log
01/31/19 16:22:59 Masking the events recorded in the DAGMAN workflow log
01/31/19 16:22:59 Mask for workflow log is 0,1,2,4,5,7,9,10,11,12,13,16,17,24,27
01/31/19 16:22:59 submitting: /usr/bin/condor_submit -a dag_node_name' '=' 'create_dir_namd_wf_0_cori -a +DAGManJobId' '=' '8006 -a DAGManJobId' '=' '8006 -a submit_event_notes' '=' 'DAG' 'Node:' 'create_dir_namd_wf_0_cori -a dagman_log' '=' '/home/georgepap/GitHub/papajim/sns-namd-shifter-example/submit/georgepap/pegasus/namd_wf/run0001/./namd_wf-0.dag.nodes.log -a +DAGManNodesMask' '=' '"0,1,2,4,5,7,9,10,11,12,13,16,17,24,27" -a +DAGNodeRetry' '=' '0 -a DAG_STATUS' '=' '0 -a FAILED_COUNT' '=' '0 -a +DAGParentNodeNames' '=' '"" -a +KeepClaimIdle' '=' '20 -a notification' '=' 'never 00/00/create_dir_namd_wf_0_cori.sub
01/31/19 16:23:00 From submit: Submitting job(s).
01/31/19 16:23:00 From submit: 1 job(s) submitted to cluster 8007.
01/31/19 16:23:00 	assigned Condor ID (8007.0.0)
01/31/19 16:23:00 Just submitted 1 job this cycle...
01/31/19 16:23:00 Currently monitoring 1 Condor log file(s)
01/31/19 16:23:00 Reassigning the id of job create_dir_namd_wf_0_cori from (8007.0.0) to (8007.0.0)
01/31/19 16:23:00 Event: ULOG_SUBMIT for Condor Node create_dir_namd_wf_0_cori (8007.0.0)
01/31/19 16:23:00 Number of idle job procs: 1
01/31/19 16:23:00 DAG status: 0 (DAG_STATUS_OK)
01/31/19 16:23:00 Of 9 nodes total:
01/31/19 16:23:00  Done     Pre   Queued    Post   Ready   Un-Ready   Failed
01/31/19 16:23:00   ===     ===      ===     ===     ===        ===      ===
01/31/19 16:23:00     0       0        1       0       0          8        0
01/31/19 16:23:00 0 job proc(s) currently held
01/31/19 16:23:05 Currently monitoring 1 Condor log file(s)
01/31/19 16:23:05 Event: ULOG_EXECUTE for Condor Node create_dir_namd_wf_0_cori (8007.0.0)
01/31/19 16:23:05 Number of idle job procs: 0
01/31/19 16:23:05 Event: ULOG_JOB_TERMINATED for Condor Node create_dir_namd_wf_0_cori (8007.0.0)
01/31/19 16:23:05 Number of idle job procs: 0
01/31/19 16:23:05 Node create_dir_namd_wf_0_cori job proc (8007.0.0) completed successfully.
01/31/19 16:23:05 Node create_dir_namd_wf_0_cori job completed
01/31/19 16:23:05 Running POST script of Node create_dir_namd_wf_0_cori...
01/31/19 16:23:05 Warning: mysin has length 0 (ignore if produced by DAGMan; see gittrac #4987, #5031)
01/31/19 16:23:05 DAG status: 0 (DAG_STATUS_OK)
01/31/19 16:23:05 Of 9 nodes total:
01/31/19 16:23:05  Done     Pre   Queued    Post   Ready   Un-Ready   Failed
01/31/19 16:23:05   ===     ===      ===     ===     ===        ===      ===
01/31/19 16:23:05     0       0        0       1       0          8        0
01/31/19 16:23:05 0 job proc(s) currently held
01/31/19 16:23:05 Initializing user log writer for /home/georgepap/GitHub/papajim/sns-namd-shifter-example/submit/georgepap/pegasus/namd_wf/run0001/./namd_wf-0.dag.nodes.log, (8007.0.0)
01/31/19 16:23:10 Currently monitoring 1 Condor log file(s)
01/31/19 16:23:10 Event: ULOG_POST_SCRIPT_TERMINATED for Condor Node create_dir_namd_wf_0_cori (8007.0.0)
01/31/19 16:23:10 POST Script of Node create_dir_namd_wf_0_cori completed successfully.
01/31/19 16:23:10 DAG status: 0 (DAG_STATUS_OK)
01/31/19 16:23:10 Of 9 nodes total:
01/31/19 16:23:10  Done     Pre   Queued    Post   Ready   Un-Ready   Failed
01/31/19 16:23:10   ===     ===      ===     ===     ===        ===      ===
01/31/19 16:23:10     1       0        0       0       2          6        0
01/31/19 16:23:10 0 job proc(s) currently held
01/31/19 16:23:15 Submitting Condor Node stage_in_local_cori_0_0 job(s)...
01/31/19 16:23:15 Adding a DAGMan workflow log /home/georgepap/GitHub/papajim/sns-namd-shifter-example/submit/georgepap/pegasus/namd_wf/run0001/./namd_wf-0.dag.nodes.log
01/31/19 16:23:15 Masking the events recorded in the DAGMAN workflow log
01/31/19 16:23:15 Mask for workflow log is 0,1,2,4,5,7,9,10,11,12,13,16,17,24,27
01/31/19 16:23:15 submitting: /usr/bin/condor_submit -a dag_node_name' '=' 'stage_in_local_cori_0_0 -a +DAGManJobId' '=' '8006 -a DAGManJobId' '=' '8006 -a submit_event_notes' '=' 'DAG' 'Node:' 'stage_in_local_cori_0_0 -a dagman_log' '=' '/home/georgepap/GitHub/papajim/sns-namd-shifter-example/submit/georgepap/pegasus/namd_wf/run0001/./namd_wf-0.dag.nodes.log -a +DAGManNodesMask' '=' '"0,1,2,4,5,7,9,10,11,12,13,16,17,24,27" -a +DAGNodeRetry' '=' '0 -a DAG_STATUS' '=' '0 -a FAILED_COUNT' '=' '0 -a +DAGParentNodeNames' '=' '"create_dir_namd_wf_0_cori" -a +KeepClaimIdle' '=' '20 -a notification' '=' 'never 00/00/stage_in_local_cori_0_0.sub
01/31/19 16:23:15 From submit: Submitting job(s).
01/31/19 16:23:15 From submit: 1 job(s) submitted to cluster 8008.
01/31/19 16:23:15 	assigned Condor ID (8008.0.0)
01/31/19 16:23:15 Submitting Condor Node stage_in_local_cori_1_0 job(s)...
01/31/19 16:23:15 Adding a DAGMan workflow log /home/georgepap/GitHub/papajim/sns-namd-shifter-example/submit/georgepap/pegasus/namd_wf/run0001/./namd_wf-0.dag.nodes.log
01/31/19 16:23:15 Masking the events recorded in the DAGMAN workflow log
01/31/19 16:23:15 Mask for workflow log is 0,1,2,4,5,7,9,10,11,12,13,16,17,24,27
01/31/19 16:23:15 submitting: /usr/bin/condor_submit -a dag_node_name' '=' 'stage_in_local_cori_1_0 -a +DAGManJobId' '=' '8006 -a DAGManJobId' '=' '8006 -a submit_event_notes' '=' 'DAG' 'Node:' 'stage_in_local_cori_1_0 -a dagman_log' '=' '/home/georgepap/GitHub/papajim/sns-namd-shifter-example/submit/georgepap/pegasus/namd_wf/run0001/./namd_wf-0.dag.nodes.log -a +DAGManNodesMask' '=' '"0,1,2,4,5,7,9,10,11,12,13,16,17,24,27" -a +DAGNodeRetry' '=' '0 -a DAG_STATUS' '=' '0 -a FAILED_COUNT' '=' '0 -a +DAGParentNodeNames' '=' '"create_dir_namd_wf_0_cori" -a +KeepClaimIdle' '=' '20 -a notification' '=' 'never 00/00/stage_in_local_cori_1_0.sub
01/31/19 16:23:15 From submit: Submitting job(s).
01/31/19 16:23:15 From submit: 1 job(s) submitted to cluster 8009.
01/31/19 16:23:15 	assigned Condor ID (8009.0.0)
01/31/19 16:23:15 Just submitted 2 jobs this cycle...
01/31/19 16:23:15 Currently monitoring 1 Condor log file(s)
01/31/19 16:23:15 Reassigning the id of job stage_in_local_cori_0_0 from (8008.0.0) to (8008.0.0)
01/31/19 16:23:15 Event: ULOG_SUBMIT for Condor Node stage_in_local_cori_0_0 (8008.0.0)
01/31/19 16:23:15 Number of idle job procs: 1
01/31/19 16:23:15 Event: ULOG_EXECUTE for Condor Node stage_in_local_cori_0_0 (8008.0.0)
01/31/19 16:23:15 Number of idle job procs: 0
01/31/19 16:23:15 Reassigning the id of job stage_in_local_cori_1_0 from (8009.0.0) to (8009.0.0)
01/31/19 16:23:15 Event: ULOG_SUBMIT for Condor Node stage_in_local_cori_1_0 (8009.0.0)
01/31/19 16:23:15 Number of idle job procs: 1
01/31/19 16:23:15 DAG status: 0 (DAG_STATUS_OK)
01/31/19 16:23:15 Of 9 nodes total:
01/31/19 16:23:15  Done     Pre   Queued    Post   Ready   Un-Ready   Failed
01/31/19 16:23:15   ===     ===      ===     ===     ===        ===      ===
01/31/19 16:23:15     1       0        2       0       0          6        0
01/31/19 16:23:15 0 job proc(s) currently held
01/31/19 16:23:25 Currently monitoring 1 Condor log file(s)
01/31/19 16:23:25 Event: ULOG_JOB_TERMINATED for Condor Node stage_in_local_cori_0_0 (8008.0.0)
01/31/19 16:23:25 Number of idle job procs: 1
01/31/19 16:23:25 Node stage_in_local_cori_0_0 job proc (8008.0.0) completed successfully.
01/31/19 16:23:25 Node stage_in_local_cori_0_0 job completed
01/31/19 16:23:25 Running POST script of Node stage_in_local_cori_0_0...
01/31/19 16:23:25 Warning: mysin has length 0 (ignore if produced by DAGMan; see gittrac #4987, #5031)
01/31/19 16:23:25 Event: ULOG_EXECUTE for Condor Node stage_in_local_cori_1_0 (8009.0.0)
01/31/19 16:23:25 Number of idle job procs: 0
01/31/19 16:23:25 Event: ULOG_JOB_TERMINATED for Condor Node stage_in_local_cori_1_0 (8009.0.0)
01/31/19 16:23:25 Number of idle job procs: 0
01/31/19 16:23:25 Node stage_in_local_cori_1_0 job proc (8009.0.0) completed successfully.
01/31/19 16:23:25 Node stage_in_local_cori_1_0 job completed
01/31/19 16:23:25 Running POST script of Node stage_in_local_cori_1_0...
01/31/19 16:23:25 Warning: mysin has length 0 (ignore if produced by DAGMan; see gittrac #4987, #5031)
01/31/19 16:23:25 DAG status: 0 (DAG_STATUS_OK)
01/31/19 16:23:25 Of 9 nodes total:
01/31/19 16:23:25  Done     Pre   Queued    Post   Ready   Un-Ready   Failed
01/31/19 16:23:25   ===     ===      ===     ===     ===        ===      ===
01/31/19 16:23:25     1       0        0       2       0          6        0
01/31/19 16:23:25 0 job proc(s) currently held
01/31/19 16:23:25 Initializing user log writer for /home/georgepap/GitHub/papajim/sns-namd-shifter-example/submit/georgepap/pegasus/namd_wf/run0001/./namd_wf-0.dag.nodes.log, (8009.0.0)
01/31/19 16:23:25 Initializing user log writer for /home/georgepap/GitHub/papajim/sns-namd-shifter-example/submit/georgepap/pegasus/namd_wf/run0001/./namd_wf-0.dag.nodes.log, (8008.0.0)
01/31/19 16:23:30 Currently monitoring 1 Condor log file(s)
01/31/19 16:23:30 Event: ULOG_POST_SCRIPT_TERMINATED for Condor Node stage_in_local_cori_1_0 (8009.0.0)
01/31/19 16:23:30 POST Script of Node stage_in_local_cori_1_0 completed successfully.
01/31/19 16:23:30 Event: ULOG_POST_SCRIPT_TERMINATED for Condor Node stage_in_local_cori_0_0 (8008.0.0)
01/31/19 16:23:30 POST Script of Node stage_in_local_cori_0_0 completed successfully.
01/31/19 16:23:30 DAG status: 0 (DAG_STATUS_OK)
01/31/19 16:23:30 Of 9 nodes total:
01/31/19 16:23:30  Done     Pre   Queued    Post   Ready   Un-Ready   Failed
01/31/19 16:23:30   ===     ===      ===     ===     ===        ===      ===
01/31/19 16:23:30     3       0        0       0       2          4        0
01/31/19 16:23:30 0 job proc(s) currently held
01/31/19 16:23:35 Submitting Condor Node namd2_ID0000001 job(s)...
01/31/19 16:23:35 Adding a DAGMan workflow log /home/georgepap/GitHub/papajim/sns-namd-shifter-example/submit/georgepap/pegasus/namd_wf/run0001/./namd_wf-0.dag.nodes.log
01/31/19 16:23:35 Masking the events recorded in the DAGMAN workflow log
01/31/19 16:23:35 Mask for workflow log is 0,1,2,4,5,7,9,10,11,12,13,16,17,24,27
01/31/19 16:23:35 submitting: /usr/bin/condor_submit -a dag_node_name' '=' 'namd2_ID0000001 -a +DAGManJobId' '=' '8006 -a DAGManJobId' '=' '8006 -a submit_event_notes' '=' 'DAG' 'Node:' 'namd2_ID0000001 -a dagman_log' '=' '/home/georgepap/GitHub/papajim/sns-namd-shifter-example/submit/georgepap/pegasus/namd_wf/run0001/./namd_wf-0.dag.nodes.log -a +DAGManNodesMask' '=' '"0,1,2,4,5,7,9,10,11,12,13,16,17,24,27" -a +DAGNodeRetry' '=' '0 -a DAG_STATUS' '=' '0 -a FAILED_COUNT' '=' '0 -a +DAGParentNodeNames' '=' '"stage_in_local_cori_0_0" -a +KeepClaimIdle' '=' '20 -a notification' '=' 'never 00/00/namd2_ID0000001.sub
01/31/19 16:23:35 From submit: Submitting job(s).
01/31/19 16:23:35 From submit: 1 job(s) submitted to cluster 8010.
01/31/19 16:23:35 	assigned Condor ID (8010.0.0)
01/31/19 16:23:35 Submitting Condor Node namd2_ID0000003 job(s)...
01/31/19 16:23:35 Adding a DAGMan workflow log /home/georgepap/GitHub/papajim/sns-namd-shifter-example/submit/georgepap/pegasus/namd_wf/run0001/./namd_wf-0.dag.nodes.log
01/31/19 16:23:35 Masking the events recorded in the DAGMAN workflow log
01/31/19 16:23:35 Mask for workflow log is 0,1,2,4,5,7,9,10,11,12,13,16,17,24,27
01/31/19 16:23:35 submitting: /usr/bin/condor_submit -a dag_node_name' '=' 'namd2_ID0000003 -a +DAGManJobId' '=' '8006 -a DAGManJobId' '=' '8006 -a submit_event_notes' '=' 'DAG' 'Node:' 'namd2_ID0000003 -a dagman_log' '=' '/home/georgepap/GitHub/papajim/sns-namd-shifter-example/submit/georgepap/pegasus/namd_wf/run0001/./namd_wf-0.dag.nodes.log -a +DAGManNodesMask' '=' '"0,1,2,4,5,7,9,10,11,12,13,16,17,24,27" -a +DAGNodeRetry' '=' '0 -a DAG_STATUS' '=' '0 -a FAILED_COUNT' '=' '0 -a +DAGParentNodeNames' '=' '"stage_in_local_cori_0_0" -a +KeepClaimIdle' '=' '20 -a notification' '=' 'never 00/00/namd2_ID0000003.sub
01/31/19 16:23:35 From submit: Submitting job(s).
01/31/19 16:23:35 From submit: 1 job(s) submitted to cluster 8011.
01/31/19 16:23:35 	assigned Condor ID (8011.0.0)
01/31/19 16:23:35 Just submitted 2 jobs this cycle...
01/31/19 16:23:35 Currently monitoring 1 Condor log file(s)
01/31/19 16:23:35 Reassigning the id of job namd2_ID0000001 from (8010.0.0) to (8010.0.0)
01/31/19 16:23:35 Event: ULOG_SUBMIT for Condor Node namd2_ID0000001 (8010.0.0)
01/31/19 16:23:35 Number of idle job procs: 1
01/31/19 16:23:35 Reassigning the id of job namd2_ID0000003 from (8011.0.0) to (8011.0.0)
01/31/19 16:23:35 Event: ULOG_SUBMIT for Condor Node namd2_ID0000003 (8011.0.0)
01/31/19 16:23:35 Number of idle job procs: 2
01/31/19 16:23:35 DAG status: 0 (DAG_STATUS_OK)
01/31/19 16:23:35 Of 9 nodes total:
01/31/19 16:23:35  Done     Pre   Queued    Post   Ready   Un-Ready   Failed
01/31/19 16:23:35   ===     ===      ===     ===     ===        ===      ===
01/31/19 16:23:35     3       0        2       0       0          4        0
01/31/19 16:23:35 0 job proc(s) currently held
01/31/19 16:23:45 Currently monitoring 1 Condor log file(s)
01/31/19 16:23:45 Event: ULOG_GLOBUS_SUBMIT for Condor Node namd2_ID0000001 (8010.0.0)
01/31/19 16:23:45 Event: ULOG_GRID_SUBMIT for Condor Node namd2_ID0000001 (8010.0.0)
01/31/19 16:23:55 Currently monitoring 1 Condor log file(s)
01/31/19 16:23:55 Event: ULOG_GLOBUS_SUBMIT for Condor Node namd2_ID0000003 (8011.0.0)
01/31/19 16:23:55 Event: ULOG_GRID_SUBMIT for Condor Node namd2_ID0000003 (8011.0.0)
01/31/19 16:25:50 Currently monitoring 1 Condor log file(s)
01/31/19 16:25:50 Event: ULOG_EXECUTE for Condor Node namd2_ID0000003 (8011.0.0)
01/31/19 16:25:50 Number of idle job procs: 1
01/31/19 16:25:50 Event: ULOG_EXECUTE for Condor Node namd2_ID0000001 (8010.0.0)
01/31/19 16:25:50 Number of idle job procs: 0
01/31/19 16:26:15 Currently monitoring 1 Condor log file(s)
01/31/19 16:26:15 Event: ULOG_JOB_HELD for Condor Node namd2_ID0000003 (8011.0.0)
01/31/19 16:26:15   Hold reason: Job failed, no reason given by GRAM server
01/31/19 16:26:15 Number of idle job procs: 1
01/31/19 16:26:15 Event: ULOG_JOB_HELD for Condor Node namd2_ID0000001 (8010.0.0)
01/31/19 16:26:15   Hold reason: Job failed, no reason given by GRAM server
01/31/19 16:26:15 Number of idle job procs: 2
01/31/19 16:26:15 DAG status: 0 (DAG_STATUS_OK)
01/31/19 16:26:15 Of 9 nodes total:
01/31/19 16:26:15  Done     Pre   Queued    Post   Ready   Un-Ready   Failed
01/31/19 16:26:15   ===     ===      ===     ===     ===        ===      ===
01/31/19 16:26:15     3       0        2       0       0          4        0
01/31/19 16:26:15 2 job proc(s) currently held
01/31/19 16:27:15 Received SIGUSR1
01/31/19 16:27:15 Aborting DAG...
01/31/19 16:27:15 Writing Rescue DAG to namd_wf-0.dag.rescue001...
01/31/19 16:27:15 Removing submitted jobs...
01/31/19 16:27:15 Note: 0 total job deferrals because of -MaxJobs limit (0)
01/31/19 16:27:15 Note: 0 total job deferrals because of -MaxIdle limit (1000)
01/31/19 16:27:15 Note: 0 total job deferrals because of node category throttles
01/31/19 16:27:15 Note: 0 total PRE script deferrals because of -MaxPre limit (20) or DEFER
01/31/19 16:27:15 Note: 0 total POST script deferrals because of -MaxPost limit (20) or DEFER
01/31/19 16:27:15 DAG status: 4 (DAG_STATUS_RM)
01/31/19 16:27:15 Of 9 nodes total:
01/31/19 16:27:15  Done     Pre   Queued    Post   Ready   Un-Ready   Failed
01/31/19 16:27:15   ===     ===      ===     ===     ===        ===      ===
01/31/19 16:27:15     3       0        2       0       0          4        0
01/31/19 16:27:15 2 job proc(s) currently held
01/31/19 16:27:15 Wrote metrics file namd_wf-0.dag.metrics.
01/31/19 16:27:15 Reporting metrics to Pegasus metrics server(s); output is in namd_wf-0.dag.metrics.out.
01/31/19 16:27:15 Running command </usr/lib/condor/libexec/condor_dagman_metrics_reporter -f namd_wf-0.dag.metrics -s -t 100>
01/31/19 16:27:15 Warning: mysin has length 0 (ignore if produced by DAGMan; see gittrac #4987, #5031)
01/31/19 16:27:15 **** condor_scheduniv_exec.8006.0 (condor_DAGMAN) pid 14710 EXITING WITH STATUS 2
01/31/19 16:29:36 ******************************************************
01/31/19 16:29:36 ** condor_scheduniv_exec.8012.0 (CONDOR_DAGMAN) STARTING UP
01/31/19 16:29:36 ** /usr/bin/condor_dagman
01/31/19 16:29:36 ** SubsystemInfo: name=DAGMAN type=DAGMAN(10) class=DAEMON(1)
01/31/19 16:29:36 ** Configuration: subsystem:DAGMAN local:<NONE> class:DAEMON
01/31/19 16:29:36 ** $CondorVersion: 8.4.9 Nov 27 2016 BuildID: Debian-8.4.9~dfsg.1-2~nd16.04+1 Debian-8.4.9~dfsg.1-2~nd16.04+1 $
01/31/19 16:29:36 ** $CondorPlatform: X86_64-Ubuntu_16.04 $
01/31/19 16:29:36 ** PID = 16084
01/31/19 16:29:36 ** Log last touched 1/31 16:27:15
01/31/19 16:29:36 ******************************************************
01/31/19 16:29:36 Using config source: /etc/condor/condor_config
01/31/19 16:29:36 Using local config sources: 
01/31/19 16:29:36    /etc/condor/config.d/00debconf
01/31/19 16:29:36    /etc/condor/condor_config.local
01/31/19 16:29:36 config Macros = 70, Sorted = 70, StringBytes = 2059, TablesBytes = 2576
01/31/19 16:29:36 CLASSAD_CACHING is ENABLED
01/31/19 16:29:36 Daemon Log is logging: D_ALWAYS D_ERROR
01/31/19 16:29:36 DaemonCore: No command port requested.
01/31/19 16:29:36 DAGMAN_USE_STRICT setting: 1
01/31/19 16:29:36 DAGMAN_VERBOSITY setting: 3
01/31/19 16:29:36 DAGMAN_DEBUG_CACHE_SIZE setting: 5242880
01/31/19 16:29:36 DAGMAN_DEBUG_CACHE_ENABLE setting: False
01/31/19 16:29:36 DAGMAN_SUBMIT_DELAY setting: 0
01/31/19 16:29:36 DAGMAN_MAX_SUBMIT_ATTEMPTS setting: 6
01/31/19 16:29:36 DAGMAN_STARTUP_CYCLE_DETECT setting: False
01/31/19 16:29:36 DAGMAN_MAX_SUBMITS_PER_INTERVAL setting: 5
01/31/19 16:29:36 DAGMAN_USER_LOG_SCAN_INTERVAL setting: 5
01/31/19 16:29:36 DAGMAN_DEFAULT_PRIORITY setting: 0
01/31/19 16:29:36 DAGMAN_SUPPRESS_NOTIFICATION setting: True
01/31/19 16:29:36 allow_events (DAGMAN_ALLOW_EVENTS) setting: 114
01/31/19 16:29:36 DAGMAN_RETRY_SUBMIT_FIRST setting: True
01/31/19 16:29:36 DAGMAN_RETRY_NODE_FIRST setting: False
01/31/19 16:29:36 DAGMAN_MAX_JOBS_IDLE setting: 1000
01/31/19 16:29:36 DAGMAN_MAX_JOBS_SUBMITTED setting: 0
01/31/19 16:29:36 DAGMAN_MAX_PRE_SCRIPTS setting: 20
01/31/19 16:29:36 DAGMAN_MAX_POST_SCRIPTS setting: 20
01/31/19 16:29:36 DAGMAN_ALLOW_LOG_ERROR setting: False
01/31/19 16:29:36 DAGMAN_MUNGE_NODE_NAMES setting: True
01/31/19 16:29:36 DAGMAN_PROHIBIT_MULTI_JOBS setting: False
01/31/19 16:29:36 DAGMAN_SUBMIT_DEPTH_FIRST setting: False
01/31/19 16:29:36 DAGMAN_ALWAYS_RUN_POST setting: True
01/31/19 16:29:36 DAGMAN_ABORT_DUPLICATES setting: True
01/31/19 16:29:36 DAGMAN_ABORT_ON_SCARY_SUBMIT setting: True
01/31/19 16:29:36 DAGMAN_PENDING_REPORT_INTERVAL setting: 600
01/31/19 16:29:36 DAGMAN_AUTO_RESCUE setting: True
01/31/19 16:29:36 DAGMAN_MAX_RESCUE_NUM setting: 100
01/31/19 16:29:36 DAGMAN_WRITE_PARTIAL_RESCUE setting: True
01/31/19 16:29:36 DAGMAN_DEFAULT_NODE_LOG setting: @(DAG_DIR)/@(DAG_FILE).nodes.log
01/31/19 16:29:36 DAGMAN_GENERATE_SUBDAG_SUBMITS setting: True
01/31/19 16:29:36 DAGMAN_MAX_JOB_HOLDS setting: 100
01/31/19 16:29:36 DAGMAN_HOLD_CLAIM_TIME setting: 20
01/31/19 16:29:36 ALL_DEBUG setting: 
01/31/19 16:29:36 DAGMAN_DEBUG setting: 
01/31/19 16:29:36 DAGMAN_SUPPRESS_JOB_LOGS setting: False
01/31/19 16:29:36 argv[0] == "condor_scheduniv_exec.8012.0"
01/31/19 16:29:36 argv[1] == "-Lockfile"
01/31/19 16:29:36 argv[2] == "namd_wf-0.dag.lock"
01/31/19 16:29:36 argv[3] == "-AutoRescue"
01/31/19 16:29:36 argv[4] == "1"
01/31/19 16:29:36 argv[5] == "-DoRescueFrom"
01/31/19 16:29:36 argv[6] == "0"
01/31/19 16:29:36 argv[7] == "-Dag"
01/31/19 16:29:36 argv[8] == "namd_wf-0.dag"
01/31/19 16:29:36 argv[9] == "-MaxPost"
01/31/19 16:29:36 argv[10] == "20"
01/31/19 16:29:36 argv[11] == "-Suppress_notification"
01/31/19 16:29:36 argv[12] == "-CsdVersion"
01/31/19 16:29:36 argv[13] == "$CondorVersion: 8.4.9 Nov 27 2016 BuildID: Debian-8.4.9~dfsg.1-2~nd16.04+1 Debian-8.4.9~dfsg.1-2~nd16.04+1 $"
01/31/19 16:29:36 argv[14] == "-Dagman"
01/31/19 16:29:36 argv[15] == "/usr/bin/condor_dagman"
01/31/19 16:29:36 Warning: failed to get attribute DAGNodeName
01/31/19 16:29:36 DAGMAN_LOG_ON_NFS_IS_ERROR setting: False
01/31/19 16:29:36 Default node log file is: </home/georgepap/GitHub/papajim/sns-namd-shifter-example/submit/georgepap/pegasus/namd_wf/run0001/./namd_wf-0.dag.nodes.log>
01/31/19 16:29:36 DAG Lockfile will be written to namd_wf-0.dag.lock
01/31/19 16:29:36 DAG Input file is namd_wf-0.dag
01/31/19 16:29:36 Parsing 1 dagfiles
01/31/19 16:29:36 Parsing namd_wf-0.dag ...
01/31/19 16:29:36 Found rescue DAG number 1; running namd_wf-0.dag.rescue001 in combination with normal DAG file
01/31/19 16:29:36 ~~~~~~~~~~~~~~~~~~~~~~~~~~~~~~~~~~~~~~~~~~~~~~~~~~~~~~
01/31/19 16:29:36 USING RESCUE DAG namd_wf-0.dag.rescue001
01/31/19 16:29:36 Warning: category registration has no assigned nodes, so the throttle setting (1) will have no effect
01/31/19 16:29:36 Warning: category cleanup has no assigned nodes, so the throttle setting (4) will have no effect
01/31/19 16:29:36 Dag contains 9 total jobs
01/31/19 16:29:36 Sleeping for 3 seconds to ensure ProcessId uniqueness
01/31/19 16:29:39 Bootstrapping...
01/31/19 16:29:39 Number of pre-completed nodes: 3
01/31/19 16:29:39 MultiLogFiles: truncating log file /home/georgepap/GitHub/papajim/sns-namd-shifter-example/submit/georgepap/pegasus/namd_wf/run0001/./namd_wf-0.dag.nodes.log
01/31/19 16:29:39 DAG status: 0 (DAG_STATUS_OK)
01/31/19 16:29:39 Of 9 nodes total:
01/31/19 16:29:39  Done     Pre   Queued    Post   Ready   Un-Ready   Failed
01/31/19 16:29:39   ===     ===      ===     ===     ===        ===      ===
01/31/19 16:29:39     3       0        0       0       2          4        0
01/31/19 16:29:39 0 job proc(s) currently held
01/31/19 16:29:39 Registering condor_event_timer...
01/31/19 16:29:40 Submitting Condor Node namd2_ID0000001 job(s)...
01/31/19 16:29:40 Adding a DAGMan workflow log /home/georgepap/GitHub/papajim/sns-namd-shifter-example/submit/georgepap/pegasus/namd_wf/run0001/./namd_wf-0.dag.nodes.log
01/31/19 16:29:40 Masking the events recorded in the DAGMAN workflow log
01/31/19 16:29:40 Mask for workflow log is 0,1,2,4,5,7,9,10,11,12,13,16,17,24,27
01/31/19 16:29:40 submitting: /usr/bin/condor_submit -a dag_node_name' '=' 'namd2_ID0000001 -a +DAGManJobId' '=' '8012 -a DAGManJobId' '=' '8012 -a submit_event_notes' '=' 'DAG' 'Node:' 'namd2_ID0000001 -a dagman_log' '=' '/home/georgepap/GitHub/papajim/sns-namd-shifter-example/submit/georgepap/pegasus/namd_wf/run0001/./namd_wf-0.dag.nodes.log -a +DAGManNodesMask' '=' '"0,1,2,4,5,7,9,10,11,12,13,16,17,24,27" -a +DAGNodeRetry' '=' '0 -a DAG_STATUS' '=' '0 -a FAILED_COUNT' '=' '0 -a +DAGParentNodeNames' '=' '"stage_in_local_cori_0_0" -a +KeepClaimIdle' '=' '20 -a notification' '=' 'never 00/00/namd2_ID0000001.sub
01/31/19 16:29:40 From submit: Submitting job(s).
01/31/19 16:29:40 From submit: 1 job(s) submitted to cluster 8013.
01/31/19 16:29:40 	assigned Condor ID (8013.0.0)
01/31/19 16:29:40 Submitting Condor Node namd2_ID0000003 job(s)...
01/31/19 16:29:40 Adding a DAGMan workflow log /home/georgepap/GitHub/papajim/sns-namd-shifter-example/submit/georgepap/pegasus/namd_wf/run0001/./namd_wf-0.dag.nodes.log
01/31/19 16:29:40 Masking the events recorded in the DAGMAN workflow log
01/31/19 16:29:40 Mask for workflow log is 0,1,2,4,5,7,9,10,11,12,13,16,17,24,27
01/31/19 16:29:40 submitting: /usr/bin/condor_submit -a dag_node_name' '=' 'namd2_ID0000003 -a +DAGManJobId' '=' '8012 -a DAGManJobId' '=' '8012 -a submit_event_notes' '=' 'DAG' 'Node:' 'namd2_ID0000003 -a dagman_log' '=' '/home/georgepap/GitHub/papajim/sns-namd-shifter-example/submit/georgepap/pegasus/namd_wf/run0001/./namd_wf-0.dag.nodes.log -a +DAGManNodesMask' '=' '"0,1,2,4,5,7,9,10,11,12,13,16,17,24,27" -a +DAGNodeRetry' '=' '0 -a DAG_STATUS' '=' '0 -a FAILED_COUNT' '=' '0 -a +DAGParentNodeNames' '=' '"stage_in_local_cori_0_0" -a +KeepClaimIdle' '=' '20 -a notification' '=' 'never 00/00/namd2_ID0000003.sub
01/31/19 16:29:40 From submit: Submitting job(s).
01/31/19 16:29:40 From submit: 1 job(s) submitted to cluster 8014.
01/31/19 16:29:40 	assigned Condor ID (8014.0.0)
01/31/19 16:29:40 Just submitted 2 jobs this cycle...
01/31/19 16:29:40 Currently monitoring 1 Condor log file(s)
01/31/19 16:29:40 Reassigning the id of job namd2_ID0000001 from (8013.0.0) to (8013.0.0)
01/31/19 16:29:40 Event: ULOG_SUBMIT for Condor Node namd2_ID0000001 (8013.0.0)
01/31/19 16:29:40 Number of idle job procs: 1
01/31/19 16:29:40 Reassigning the id of job namd2_ID0000003 from (8014.0.0) to (8014.0.0)
01/31/19 16:29:40 Event: ULOG_SUBMIT for Condor Node namd2_ID0000003 (8014.0.0)
01/31/19 16:29:40 Number of idle job procs: 2
01/31/19 16:29:40 DAG status: 0 (DAG_STATUS_OK)
01/31/19 16:29:40 Of 9 nodes total:
01/31/19 16:29:40  Done     Pre   Queued    Post   Ready   Un-Ready   Failed
01/31/19 16:29:40   ===     ===      ===     ===     ===        ===      ===
01/31/19 16:29:40     3       0        2       0       0          4        0
01/31/19 16:29:40 0 job proc(s) currently held
01/31/19 16:29:51 Currently monitoring 1 Condor log file(s)
01/31/19 16:29:51 Event: ULOG_GLOBUS_SUBMIT for Condor Node namd2_ID0000003 (8014.0.0)
01/31/19 16:29:51 Event: ULOG_GRID_SUBMIT for Condor Node namd2_ID0000003 (8014.0.0)
01/31/19 16:29:56 Currently monitoring 1 Condor log file(s)
01/31/19 16:29:56 Event: ULOG_GLOBUS_SUBMIT for Condor Node namd2_ID0000001 (8013.0.0)
01/31/19 16:29:56 Event: ULOG_GRID_SUBMIT for Condor Node namd2_ID0000001 (8013.0.0)
01/31/19 16:32:26 Currently monitoring 1 Condor log file(s)
01/31/19 16:32:26 Event: ULOG_EXECUTE for Condor Node namd2_ID0000001 (8013.0.0)
01/31/19 16:32:26 Number of idle job procs: 1
01/31/19 16:32:26 Event: ULOG_EXECUTE for Condor Node namd2_ID0000003 (8014.0.0)
01/31/19 16:32:26 Number of idle job procs: 0
01/31/19 16:32:36 Currently monitoring 1 Condor log file(s)
01/31/19 16:32:36 Event: ULOG_JOB_HELD for Condor Node namd2_ID0000001 (8013.0.0)
01/31/19 16:32:36   Hold reason: Job failed, no reason given by GRAM server
01/31/19 16:32:36 Number of idle job procs: 1
01/31/19 16:32:36 DAG status: 0 (DAG_STATUS_OK)
01/31/19 16:32:36 Of 9 nodes total:
01/31/19 16:32:36  Done     Pre   Queued    Post   Ready   Un-Ready   Failed
01/31/19 16:32:36   ===     ===      ===     ===     ===        ===      ===
01/31/19 16:32:36     3       0        2       0       0          4        0
01/31/19 16:32:36 1 job proc(s) currently held
01/31/19 16:33:11 Currently monitoring 1 Condor log file(s)
01/31/19 16:33:11 Event: ULOG_JOB_HELD for Condor Node namd2_ID0000003 (8014.0.0)
01/31/19 16:33:11   Hold reason: Job failed, no reason given by GRAM server
01/31/19 16:33:11 Number of idle job procs: 2
01/31/19 16:33:11 DAG status: 0 (DAG_STATUS_OK)
01/31/19 16:33:11 Of 9 nodes total:
01/31/19 16:33:11  Done     Pre   Queued    Post   Ready   Un-Ready   Failed
01/31/19 16:33:11   ===     ===      ===     ===     ===        ===      ===
01/31/19 16:33:11     3       0        2       0       0          4        0
01/31/19 16:33:11 2 job proc(s) currently held
01/31/19 16:34:05 Received SIGUSR1
01/31/19 16:34:05 Aborting DAG...
01/31/19 16:34:05 Writing Rescue DAG to namd_wf-0.dag.rescue002...
01/31/19 16:34:05 Removing submitted jobs...
01/31/19 16:34:05 Note: 0 total job deferrals because of -MaxJobs limit (0)
01/31/19 16:34:05 Note: 0 total job deferrals because of -MaxIdle limit (1000)
01/31/19 16:34:05 Note: 0 total job deferrals because of node category throttles
01/31/19 16:34:05 Note: 0 total PRE script deferrals because of -MaxPre limit (20) or DEFER
01/31/19 16:34:05 Note: 0 total POST script deferrals because of -MaxPost limit (20) or DEFER
01/31/19 16:34:05 DAG status: 4 (DAG_STATUS_RM)
01/31/19 16:34:05 Of 9 nodes total:
01/31/19 16:34:05  Done     Pre   Queued    Post   Ready   Un-Ready   Failed
01/31/19 16:34:05   ===     ===      ===     ===     ===        ===      ===
01/31/19 16:34:05     3       0        2       0       0          4        0
01/31/19 16:34:05 2 job proc(s) currently held
01/31/19 16:34:06 Wrote metrics file namd_wf-0.dag.metrics.
01/31/19 16:34:06 Reporting metrics to Pegasus metrics server(s); output is in namd_wf-0.dag.metrics.out.
01/31/19 16:34:06 Running command </usr/lib/condor/libexec/condor_dagman_metrics_reporter -f namd_wf-0.dag.metrics -s -t 100>
01/31/19 16:34:06 Warning: mysin has length 0 (ignore if produced by DAGMan; see gittrac #4987, #5031)
01/31/19 16:34:06 **** condor_scheduniv_exec.8012.0 (condor_DAGMAN) pid 16084 EXITING WITH STATUS 2
