000 (8013.000.000) 01/31 16:29:40 Job submitted from host: <127.0.0.1:41831?addrs=127.0.0.1-41831>
    DAG Node: namd2_ID0000001
    pool:cori
...
000 (8014.000.000) 01/31 16:29:40 Job submitted from host: <127.0.0.1:41831?addrs=127.0.0.1-41831>
    DAG Node: namd2_ID0000003
    pool:cori
...
017 (8014.000.000) 01/31 16:29:50 Job submitted to Globus
    RM-Contact: corigrid.nersc.gov/jobmanager-slurm
    JM-Contact: corigrid.nersc.gov/jobmanager-slurm
    Can-Restart-JM: 1
...
027 (8014.000.000) 01/31 16:29:50 Job submitted to grid resource
    GridResource: gt5 corigrid.nersc.gov/jobmanager-slurm
    GridJobId: gt5 corigrid.nersc.gov/jobmanager-slurm https://corigrid.nersc.gov:36830/16794406958194255996/6411767159294580391/
...
017 (8013.000.000) 01/31 16:29:55 Job submitted to Globus
    RM-Contact: corigrid.nersc.gov/jobmanager-slurm
    JM-Contact: corigrid.nersc.gov/jobmanager-slurm
    Can-Restart-JM: 1
...
027 (8013.000.000) 01/31 16:29:55 Job submitted to grid resource
    GridResource: gt5 corigrid.nersc.gov/jobmanager-slurm
    GridJobId: gt5 corigrid.nersc.gov/jobmanager-slurm https://corigrid.nersc.gov:36830/16794406958164117116/6411767159294580391/
...
001 (8013.000.000) 01/31 16:32:23 Job executing on host: gt5 corigrid.nersc.gov/jobmanager-slurm
...
001 (8014.000.000) 01/31 16:32:24 Job executing on host: gt5 corigrid.nersc.gov/jobmanager-slurm
...
012 (8013.000.000) 01/31 16:32:35 Job was held.
	Job failed, no reason given by GRAM server
	Code 2 Subcode 0
...
012 (8014.000.000) 01/31 16:33:06 Job was held.
	Job failed, no reason given by GRAM server
	Code 2 Subcode 0
...
009 (8013.000.000) 01/31 16:34:05 Job was aborted by the user.
	removed because <OtherJobRemoveRequirements = DAGManJobId =?= 8012> fired when job (8012.0) was removed
...
009 (8014.000.000) 01/31 16:34:06 Job was aborted by the user.
	removed because <OtherJobRemoveRequirements = DAGManJobId =?= 8012> fired when job (8012.0) was removed
...
