2019-06-05 15:32:32,754:INFO:pegasus-monitord(70): pegasus-monitord starting - pid 1156748 
2019-06-05 15:32:32,757:INFO:pegasus-monitord(322): Final Command line options are: ['-N', 'namd_wf-0.dag.dagman.out']
2019-06-05 15:32:32,758:INFO:Pegasus.monitoring.event_output(461): Connecting workflow event sink to sqlite:////home/georgpap/GitHub/papajim/sns-namd-shifter-example/submit/georgpap/pegasus/namd_wf/run0001/namd_wf-0.stampede.db
Created Pegasus database in: sqlite:////home/georgpap/GitHub/papajim/sns-namd-shifter-example/submit/georgpap/pegasus/namd_wf/run0001/namd_wf-0.stampede.db
2019-06-05 15:32:33,352:INFO:Pegasus.monitoring.event_output(519): output type=DB namespace=stampede. name=sqlite:////home/georgpap/GitHub/papajim/sns-namd-shifter-example/submit/georgpap/pegasus/namd_wf/run0001/namd_wf-0.stampede.db
2019-06-05 15:32:33,352:INFO:Pegasus.monitoring.event_output(461): Connecting workflow event sink to sqlite:////home/georgpap/.pegasus/workflow.db
2019-06-05 15:32:33,364:INFO:Pegasus.monitoring.event_output(519): output type=DB namespace=dashboard. name=sqlite:////home/georgpap/.pegasus/workflow.db
2019-06-05 15:32:33,364:INFO:pegasus-monitord(1016): monitord started in fast start mode
2019-06-05 15:32:33,372:INFO:Pegasus.monitoring.workflow(376): cannot open state file /home/georgpap/GitHub/papajim/sns-namd-shifter-example/submit/georgpap/pegasus/namd_wf/run0001/monitord.info, continuing without state...
2019-06-05 15:32:33,372:INFO:Pegasus.monitoring.workflow(974): creating new file /home/georgpap/GitHub/papajim/sns-namd-shifter-example/submit/georgpap/pegasus/namd_wf/run0001/jobstate.log
2019-06-05 15:32:33,372:INFO:Pegasus.monitoring.workflow(982): Appending to existing jobstate.log replay_mode 0 previous_processed_line 0
2019-06-05 15:32:33,372:INFO:Pegasus.monitoring.notifications(394): loading notifications from /home/georgpap/GitHub/papajim/sns-namd-shifter-example/submit/georgpap/pegasus/namd_wf/run0001/namd_wf-0.notify
2019-06-05 15:32:33,485:INFO:Pegasus.monitoring.workflow(183): Parsing DAG file /home/georgpap/GitHub/papajim/sns-namd-shifter-example/submit/georgpap/pegasus/namd_wf/run0001/namd_wf-0.dag
2019-06-05 15:32:33,486:INFO:pegasus-monitord(783): Using DAGMan version 8.8.1 80801
2019-06-05 15:32:33,486:INFO:pegasus-monitord(759): DAGMan runs at pid 1156747
2019-06-05 15:32:33,488:INFO:pegasus-monitord(765): using dag namd_wf-0.dag
2019-06-05 15:32:33,488:INFO:Pegasus.monitoring.workflow(692): DAGMan starting with condor id 38.0
2019-06-05 15:35:46,784:INFO:pegasus-monitord(739): DAGMan namd_wf-0.dag finished with exit code 1
2019-06-05 15:35:47,801:INFO:pegasus-monitord(1175): workflow /home/georgpap/GitHub/papajim/sns-namd-shifter-example/submit/georgpap/pegasus/namd_wf/run0001/namd_wf-0.dag.dagman.out ended
2019-06-05 15:35:47,802:INFO:Pegasus.monitoring.workflow(1151): recovery file deleted: /home/georgpap/GitHub/papajim/sns-namd-shifter-example/submit/georgpap/pegasus/namd_wf/run0001/monitord.recover
2019-06-05 15:35:47,802:INFO:pegasus-monitord(1349): finishing workflow: /home/georgpap/GitHub/papajim/sns-namd-shifter-example/submit/georgpap/pegasus/namd_wf/run0001/namd_wf-0.dag.dagman.out
2019-06-05 15:35:47,802:INFO:pegasus-monitord(1401): finishing notifications...
2019-06-05 15:35:47,803:INFO:pegasus-monitord(1406): monitord process 1156748 exiting with 0
2019-06-05 15:35:47,803:INFO:pegasus-monitord(185): DB flushing beginning
2019-06-05 15:35:47,804:INFO:Pegasus.db.workflow_loader.WorkflowLoader(1102): Executing final flush
2019-06-05 15:35:47,822:INFO:Pegasus.db.dashboard_loader.DashboardLoader(353): Executing final flush
2019-06-05 15:35:47,822:INFO:pegasus-monitord(199): DB flushing ended
