06/05/19 15:32:32 ******************************************************
06/05/19 15:32:32 ** condor_scheduniv_exec.38.0 (CONDOR_DAGMAN) STARTING UP
06/05/19 15:32:32 ** /home/georgpap/Software/Bosco/bin/condor_dagman
06/05/19 15:32:32 ** SubsystemInfo: name=DAGMAN type=DAGMAN(10) class=DAEMON(1)
06/05/19 15:32:32 ** Configuration: subsystem:DAGMAN local:<NONE> class:DAEMON
06/05/19 15:32:32 ** $CondorVersion: 8.8.1 Feb 19 2019 BuildID: 461773 $
06/05/19 15:32:32 ** $CondorPlatform: x86_64_Ubuntu18 $
06/05/19 15:32:32 ** PID = 1156747
06/05/19 15:32:32 ** Log last touched time unavailable (No such file or directory)
06/05/19 15:32:32 ******************************************************
06/05/19 15:32:32 Using config source: /home/georgpap/Software/Bosco/etc/condor_config
06/05/19 15:32:32 Using local config sources: 
06/05/19 15:32:32    /home/georgpap/Software/Bosco/local.iris/config/condor_config.bosco_routing
06/05/19 15:32:32    /home/georgpap/Software/Bosco/local.iris/config/condor_config.factory
06/05/19 15:32:32    /home/georgpap/Software/Bosco/local.iris/condor_config.local
06/05/19 15:32:32 config Macros = 95, Sorted = 94, StringBytes = 3508, TablesBytes = 3484
06/05/19 15:32:32 CLASSAD_CACHING is ENABLED
06/05/19 15:32:32 Daemon Log is logging: D_ALWAYS D_ERROR
06/05/19 15:32:32 DaemonCore: No command port requested.
06/05/19 15:32:32 DAGMAN_USE_STRICT setting: 1
06/05/19 15:32:32 DAGMAN_VERBOSITY setting: 3
06/05/19 15:32:32 DAGMAN_DEBUG_CACHE_SIZE setting: 5242880
06/05/19 15:32:32 DAGMAN_DEBUG_CACHE_ENABLE setting: False
06/05/19 15:32:32 DAGMAN_SUBMIT_DELAY setting: 0
06/05/19 15:32:32 DAGMAN_MAX_SUBMIT_ATTEMPTS setting: 6
06/05/19 15:32:32 DAGMAN_STARTUP_CYCLE_DETECT setting: False
06/05/19 15:32:32 DAGMAN_MAX_SUBMITS_PER_INTERVAL setting: 100
06/05/19 15:32:32 DAGMAN_AGGRESSIVE_SUBMIT setting: False
06/05/19 15:32:32 DAGMAN_USER_LOG_SCAN_INTERVAL setting: 5
06/05/19 15:32:32 DAGMAN_QUEUE_UPDATE_INTERVAL setting: 300
06/05/19 15:32:32 DAGMAN_DEFAULT_PRIORITY setting: 0
06/05/19 15:32:32 DAGMAN_SUPPRESS_NOTIFICATION setting: True
06/05/19 15:32:32 allow_events (DAGMAN_ALLOW_EVENTS) setting: 114
06/05/19 15:32:32 DAGMAN_RETRY_SUBMIT_FIRST setting: True
06/05/19 15:32:32 DAGMAN_RETRY_NODE_FIRST setting: False
06/05/19 15:32:32 DAGMAN_MAX_JOBS_IDLE setting: 1000
06/05/19 15:32:32 DAGMAN_MAX_JOBS_SUBMITTED setting: 0
06/05/19 15:32:32 DAGMAN_MAX_PRE_SCRIPTS setting: 20
06/05/19 15:32:32 DAGMAN_MAX_POST_SCRIPTS setting: 20
06/05/19 15:32:32 DAGMAN_MUNGE_NODE_NAMES setting: True
06/05/19 15:32:32 DAGMAN_PROHIBIT_MULTI_JOBS setting: False
06/05/19 15:32:32 DAGMAN_SUBMIT_DEPTH_FIRST setting: False
06/05/19 15:32:32 DAGMAN_ALWAYS_RUN_POST setting: False
06/05/19 15:32:32 DAGMAN_ABORT_DUPLICATES setting: True
06/05/19 15:32:32 DAGMAN_ABORT_ON_SCARY_SUBMIT setting: True
06/05/19 15:32:32 DAGMAN_PENDING_REPORT_INTERVAL setting: 600
06/05/19 15:32:32 DAGMAN_AUTO_RESCUE setting: True
06/05/19 15:32:32 DAGMAN_MAX_RESCUE_NUM setting: 100
06/05/19 15:32:32 DAGMAN_WRITE_PARTIAL_RESCUE setting: True
06/05/19 15:32:32 DAGMAN_DEFAULT_NODE_LOG setting: @(DAG_DIR)/@(DAG_FILE).nodes.log
06/05/19 15:32:32 DAGMAN_GENERATE_SUBDAG_SUBMITS setting: True
06/05/19 15:32:32 DAGMAN_MAX_JOB_HOLDS setting: 100
06/05/19 15:32:32 DAGMAN_HOLD_CLAIM_TIME setting: 20
06/05/19 15:32:32 ALL_DEBUG setting: 
06/05/19 15:32:32 DAGMAN_DEBUG setting: 
06/05/19 15:32:32 DAGMAN_SUPPRESS_JOB_LOGS setting: False
06/05/19 15:32:32 DAGMAN_REMOVE_NODE_JOBS setting: True
06/05/19 15:32:32 argv[0] == "condor_scheduniv_exec.38.0"
06/05/19 15:32:32 argv[1] == "-Lockfile"
06/05/19 15:32:32 argv[2] == "namd_wf-0.dag.lock"
06/05/19 15:32:32 argv[3] == "-AutoRescue"
06/05/19 15:32:32 argv[4] == "1"
06/05/19 15:32:32 argv[5] == "-DoRescueFrom"
06/05/19 15:32:32 argv[6] == "0"
06/05/19 15:32:32 argv[7] == "-Dag"
06/05/19 15:32:32 argv[8] == "namd_wf-0.dag"
06/05/19 15:32:32 argv[9] == "-MaxPost"
06/05/19 15:32:32 argv[10] == "20"
06/05/19 15:32:32 argv[11] == "-Suppress_notification"
06/05/19 15:32:32 argv[12] == "-CsdVersion"
06/05/19 15:32:32 argv[13] == "$CondorVersion: 8.8.1 Feb 19 2019 BuildID: 461773 $"
06/05/19 15:32:32 argv[14] == "-Dagman"
06/05/19 15:32:32 argv[15] == "/home/georgpap/Software/Bosco/bin/condor_dagman"
06/05/19 15:32:32 Workflow batch-name: <namd_wf-0.dag+38>
06/05/19 15:32:32 Workflow accounting_group: <>
06/05/19 15:32:32 Workflow accounting_group_user: <>
06/05/19 15:32:32 Warning: failed to get attribute DAGNodeName
06/05/19 15:32:32 DAGMAN_LOG_ON_NFS_IS_ERROR setting: False
06/05/19 15:32:32 Default node log file is: </home/georgpap/GitHub/papajim/sns-namd-shifter-example/submit/georgpap/pegasus/namd_wf/run0001/./namd_wf-0.dag.nodes.log>
06/05/19 15:32:32 DAG Lockfile will be written to namd_wf-0.dag.lock
06/05/19 15:32:32 DAG Input file is namd_wf-0.dag
06/05/19 15:32:32 Parsing 1 dagfiles
06/05/19 15:32:32 Parsing namd_wf-0.dag ...
06/05/19 15:32:32 Warning: category registration has no assigned nodes, so the throttle setting (1) will have no effect
06/05/19 15:32:32 Warning: category cleanup has no assigned nodes, so the throttle setting (4) will have no effect
06/05/19 15:32:32 Dag contains 9 total jobs
06/05/19 15:32:32 Sleeping for 3 seconds to ensure ProcessId uniqueness
06/05/19 15:32:35 Bootstrapping...
06/05/19 15:32:35 Number of pre-completed nodes: 0
06/05/19 15:32:35 MultiLogFiles: truncating log file /home/georgpap/GitHub/papajim/sns-namd-shifter-example/submit/georgpap/pegasus/namd_wf/run0001/./namd_wf-0.dag.nodes.log
06/05/19 15:32:35 DAG status: 0 (DAG_STATUS_OK)
06/05/19 15:32:35 Of 9 nodes total:
06/05/19 15:32:35  Done     Pre   Queued    Post   Ready   Un-Ready   Failed
06/05/19 15:32:35   ===     ===      ===     ===     ===        ===      ===
06/05/19 15:32:35     0       0        0       0       1          8        0
06/05/19 15:32:35 0 job proc(s) currently held
06/05/19 15:32:35 DAGMan Runtime Statistics: [ EventCycleTimeSum = 0.0; EventCycleTimeCount = 0.0; LogProcessCycleTimeSum = 0.0; SleepCycleTimeSum = 0.0; LogProcessCycleTimeCount = 0.0; SleepCycleTimeCount = 0.0; SubmitCycleTimeCount = 0.0; SubmitCycleTimeSum = 0.0; ]
06/05/19 15:32:35 Registering condor_event_timer...
06/05/19 15:32:36 Submitting HTCondor Node create_dir_namd_wf_0_cori job(s)...
06/05/19 15:32:36 Adding a DAGMan workflow log /home/georgpap/GitHub/papajim/sns-namd-shifter-example/submit/georgpap/pegasus/namd_wf/run0001/./namd_wf-0.dag.nodes.log
06/05/19 15:32:36 Masking the events recorded in the DAGMAN workflow log
06/05/19 15:32:36 Mask for workflow log is 0,1,2,4,5,7,9,10,11,12,13,16,17,24,27,35,36
06/05/19 15:32:36 submitting: /home/georgpap/Software/Bosco/bin/condor_submit -a dag_node_name' '=' 'create_dir_namd_wf_0_cori -a +DAGManJobId' '=' '38 -a DAGManJobId' '=' '38 -batch-name namd_wf-0.dag+38 -a submit_event_notes' '=' 'DAG' 'Node:' 'create_dir_namd_wf_0_cori -a dagman_log' '=' '/home/georgpap/GitHub/papajim/sns-namd-shifter-example/submit/georgpap/pegasus/namd_wf/run0001/./namd_wf-0.dag.nodes.log -a +DAGManNodesMask' '=' '"0,1,2,4,5,7,9,10,11,12,13,16,17,24,27,35,36" -a priority=800 -a +DAGNodeRetry' '=' '0 -a DAG_STATUS' '=' '0 -a FAILED_COUNT' '=' '0 -a +KeepClaimIdle' '=' '20 -a notification' '=' 'never -a +DAGParentNodeNames' '=' '"" 00/00/create_dir_namd_wf_0_cori.sub
06/05/19 15:32:36 From submit: Submitting job(s).
06/05/19 15:32:36 From submit: 1 job(s) submitted to cluster 39.
06/05/19 15:32:36 	assigned HTCondor ID (39.0.0)
06/05/19 15:32:36 Just submitted 1 job this cycle...
06/05/19 15:32:36 DAG status: 0 (DAG_STATUS_OK)
06/05/19 15:32:36 Of 9 nodes total:
06/05/19 15:32:36  Done     Pre   Queued    Post   Ready   Un-Ready   Failed
06/05/19 15:32:36   ===     ===      ===     ===     ===        ===      ===
06/05/19 15:32:36     0       0        1       0       0          8        0
06/05/19 15:32:36 0 job proc(s) currently held
06/05/19 15:32:36 DAGMan Runtime Statistics: [ EventCycleTimeSum = 0.0; SleepCycleTimeCount = 0.0; EventCycleTimeCount = 0.0; SubmitCycleTimeStd = 0.04879593849182129; SubmitCycleTimeMax = 0.04879593849182129; LogProcessCycleTimeSum = 0.0; LogProcessCycleTimeCount = 0.0; SubmitCycleTimeMin = 0.04879593849182129; SubmitCycleTimeCount = 1.0; SubmitCycleTimeSum = 0.04879593849182129; SleepCycleTimeSum = 0.0; SubmitCycleTimeAvg = 0.04879593849182129; ]
06/05/19 15:32:41 Currently monitoring 1 HTCondor log file(s)
06/05/19 15:32:41 Reassigning the id of job create_dir_namd_wf_0_cori from (39.0.0) to (39.0.0)
06/05/19 15:32:41 Event: ULOG_SUBMIT for HTCondor Node create_dir_namd_wf_0_cori (39.0.0) {06/05/19 15:32:36}
06/05/19 15:32:41 Number of idle job procs: 1
06/05/19 15:32:51 Currently monitoring 1 HTCondor log file(s)
06/05/19 15:32:51 Event: ULOG_GRID_SUBMIT for HTCondor Node create_dir_namd_wf_0_cori (39.0.0) {06/05/19 15:32:48}
06/05/19 15:34:06 Currently monitoring 1 HTCondor log file(s)
06/05/19 15:34:06 Event: ULOG_JOB_TERMINATED for HTCondor Node create_dir_namd_wf_0_cori (39.0.0) {06/05/19 15:34:04}
06/05/19 15:34:06 Number of idle job procs: 0
06/05/19 15:34:06 Node create_dir_namd_wf_0_cori job proc (39.0.0) completed successfully.
06/05/19 15:34:06 Node create_dir_namd_wf_0_cori job completed
06/05/19 15:34:06 Running POST script of Node create_dir_namd_wf_0_cori...
06/05/19 15:34:06 Warning: mysin has length 0 (ignore if produced by DAGMan; see gittrac #4987, #5031)
06/05/19 15:34:06 DAG status: 0 (DAG_STATUS_OK)
06/05/19 15:34:06 Of 9 nodes total:
06/05/19 15:34:06  Done     Pre   Queued    Post   Ready   Un-Ready   Failed
06/05/19 15:34:06   ===     ===      ===     ===     ===        ===      ===
06/05/19 15:34:06     0       0        0       1       0          8        0
06/05/19 15:34:06 0 job proc(s) currently held
06/05/19 15:34:06 DAGMan Runtime Statistics: [ EventCycleTimeStd = 0.01156031332444756; EventCycleTimeMax = 0.04910802841186523; EventCycleTimeMin = 7.867813110351562E-06; EventCycleTimeAvg = 0.002788292037116157; EventCycleTimeSum = 0.05018925666809082; EventCycleTimeCount = 18.0; SleepCycleTimeStd = 0.00014780384230321; LogProcessCycleTimeMin = 0.0002450942993164062; LogProcessCycleTimeMax = 0.006552934646606445; SubmitCycleTimeCount = 19.0; LogProcessCycleTimeAvg = 0.002384662628173828; LogProcessCycleTimeCount = 3.0; LogProcessCycleTimeStd = 0.003610255040408785; LogProcessCycleTimeSum = 0.007153987884521484; SubmitCycleTimeSum = 0.04904007911682129; SubmitCycleTimeAvg = 0.002581056795622173; SleepCycleTimeSum = 90.09489274024963; SubmitCycleTimeMin = 2.86102294921875E-06; SubmitCycleTimeMax = 0.04879593849182129; SleepCycleTimeAvg = 5.005271818902758; SleepCycleTimeMax = 5.005684852600098; SleepCycleTimeCount = 18.0; SubmitCycleTimeStd = 0.0111914448847213; SleepCycleTimeMin = 5.005053043365479; ]
06/05/19 15:34:06 Initializing user log writer for /home/georgpap/GitHub/papajim/sns-namd-shifter-example/submit/georgpap/pegasus/namd_wf/run0001/./namd_wf-0.dag.nodes.log, (39.0.0)
06/05/19 15:34:11 Currently monitoring 1 HTCondor log file(s)
06/05/19 15:34:11 Event: ULOG_POST_SCRIPT_TERMINATED for HTCondor Node create_dir_namd_wf_0_cori (39.0.0) {06/05/19 15:34:06}
06/05/19 15:34:11 POST Script of node create_dir_namd_wf_0_cori failed with status 1
06/05/19 15:34:11 POST for Node create_dir_namd_wf_0_cori returned 1
06/05/19 15:34:11 Retrying node create_dir_namd_wf_0_cori (retry #1 of 1)...
06/05/19 15:34:11 DAG status: 0 (DAG_STATUS_OK)
06/05/19 15:34:11 Of 9 nodes total:
06/05/19 15:34:11  Done     Pre   Queued    Post   Ready   Un-Ready   Failed
06/05/19 15:34:11   ===     ===      ===     ===     ===        ===      ===
06/05/19 15:34:11     0       0        0       0       1          8        0
06/05/19 15:34:11 0 job proc(s) currently held
06/05/19 15:34:11 DAGMan Runtime Statistics: [ EventCycleTimeStd = 0.01127460127490904; EventCycleTimeMax = 0.04910802841186523; EventCycleTimeMin = 7.867813110351562E-06; EventCycleTimeAvg = 0.003005968896966232; EventCycleTimeSum = 0.0571134090423584; EventCycleTimeCount = 19.0; SleepCycleTimeStd = 0.01019786147035153; LogProcessCycleTimeMin = 0.0002450942993164062; LogProcessCycleTimeMax = 0.006552934646606445; SubmitCycleTimeCount = 20.0; LogProcessCycleTimeAvg = 0.001872241497039795; LogProcessCycleTimeCount = 4.0; LogProcessCycleTimeStd = 0.003120832575942209; LogProcessCycleTimeSum = 0.00748896598815918; SubmitCycleTimeSum = 0.04905509948730469; SubmitCycleTimeAvg = 0.002452754974365234; SleepCycleTimeSum = 95.14461159706116; SubmitCycleTimeMin = 2.86102294921875E-06; SubmitCycleTimeMax = 0.04879593849182129; SleepCycleTimeAvg = 5.007611136687429; SleepCycleTimeMax = 5.049718856811523; SleepCycleTimeCount = 19.0; SubmitCycleTimeStd = 0.01090805402763907; SleepCycleTimeMin = 5.005053043365479; ]
06/05/19 15:34:16 Reassigning the id of job create_dir_namd_wf_0_cori from (39.0.0) to (-1.-1.-1)
06/05/19 15:34:16 Submitting HTCondor Node create_dir_namd_wf_0_cori job(s)...
06/05/19 15:34:16 Adding a DAGMan workflow log /home/georgpap/GitHub/papajim/sns-namd-shifter-example/submit/georgpap/pegasus/namd_wf/run0001/./namd_wf-0.dag.nodes.log
06/05/19 15:34:16 Masking the events recorded in the DAGMAN workflow log
06/05/19 15:34:16 Mask for workflow log is 0,1,2,4,5,7,9,10,11,12,13,16,17,24,27,35,36
06/05/19 15:34:16 submitting: /home/georgpap/Software/Bosco/bin/condor_submit -a dag_node_name' '=' 'create_dir_namd_wf_0_cori -a +DAGManJobId' '=' '38 -a DAGManJobId' '=' '38 -batch-name namd_wf-0.dag+38 -a submit_event_notes' '=' 'DAG' 'Node:' 'create_dir_namd_wf_0_cori -a dagman_log' '=' '/home/georgpap/GitHub/papajim/sns-namd-shifter-example/submit/georgpap/pegasus/namd_wf/run0001/./namd_wf-0.dag.nodes.log -a +DAGManNodesMask' '=' '"0,1,2,4,5,7,9,10,11,12,13,16,17,24,27,35,36" -a priority=800 -a +DAGNodeRetry' '=' '1 -a DAG_STATUS' '=' '0 -a FAILED_COUNT' '=' '0 -a +KeepClaimIdle' '=' '20 -a notification' '=' 'never -a +DAGParentNodeNames' '=' '"" 00/00/create_dir_namd_wf_0_cori.sub
06/05/19 15:34:16 From submit: Submitting job(s).
06/05/19 15:34:16 From submit: 1 job(s) submitted to cluster 40.
06/05/19 15:34:16 	assigned HTCondor ID (40.0.0)
06/05/19 15:34:16 Just submitted 1 job this cycle...
06/05/19 15:34:16 DAG status: 0 (DAG_STATUS_OK)
06/05/19 15:34:16 Of 9 nodes total:
06/05/19 15:34:16  Done     Pre   Queued    Post   Ready   Un-Ready   Failed
06/05/19 15:34:16   ===     ===      ===     ===     ===        ===      ===
06/05/19 15:34:16     0       0        1       0       0          8        0
06/05/19 15:34:16 0 job proc(s) currently held
06/05/19 15:34:16 DAGMan Runtime Statistics: [ EventCycleTimeStd = 0.01098584123823982; EventCycleTimeMax = 0.04910802841186523; EventCycleTimeMin = 7.867813110351562E-06; EventCycleTimeAvg = 0.002891421318054199; EventCycleTimeSum = 0.05782842636108398; EventCycleTimeCount = 20.0; SleepCycleTimeStd = 0.009940200246261983; LogProcessCycleTimeMin = 0.0002450942993164062; LogProcessCycleTimeMax = 0.006552934646606445; SubmitCycleTimeCount = 21.0; LogProcessCycleTimeAvg = 0.001872241497039795; LogProcessCycleTimeCount = 4.0; LogProcessCycleTimeStd = 0.003120832575942209; LogProcessCycleTimeSum = 0.00748896598815918; SubmitCycleTimeSum = 0.1020472049713135; SubmitCycleTimeAvg = 0.004859390712919689; SleepCycleTimeSum = 100.1498365402222; SubmitCycleTimeMin = 2.86102294921875E-06; SubmitCycleTimeMax = 0.05299210548400879; SleepCycleTimeAvg = 5.007491827011108; SleepCycleTimeMax = 5.049718856811523; SleepCycleTimeCount = 20.0; SubmitCycleTimeStd = 0.01531881743726443; SleepCycleTimeMin = 5.005053043365479; ]
06/05/19 15:34:21 Currently monitoring 1 HTCondor log file(s)
06/05/19 15:34:21 Reassigning the id of job create_dir_namd_wf_0_cori from (40.0.0) to (40.0.0)
06/05/19 15:34:21 Event: ULOG_SUBMIT for HTCondor Node create_dir_namd_wf_0_cori (40.0.0) {06/05/19 15:34:16}
06/05/19 15:34:21 Number of idle job procs: 1
06/05/19 15:34:26 Currently monitoring 1 HTCondor log file(s)
06/05/19 15:34:26 Event: ULOG_GRID_SUBMIT for HTCondor Node create_dir_namd_wf_0_cori (40.0.0) {06/05/19 15:34:25}
06/05/19 15:35:41 Currently monitoring 1 HTCondor log file(s)
06/05/19 15:35:41 Event: ULOG_JOB_TERMINATED for HTCondor Node create_dir_namd_wf_0_cori (40.0.0) {06/05/19 15:35:40}
06/05/19 15:35:41 Number of idle job procs: 0
06/05/19 15:35:41 Node create_dir_namd_wf_0_cori job proc (40.0.0) completed successfully.
06/05/19 15:35:41 Node create_dir_namd_wf_0_cori job completed
06/05/19 15:35:41 Running POST script of Node create_dir_namd_wf_0_cori...
06/05/19 15:35:41 Warning: mysin has length 0 (ignore if produced by DAGMan; see gittrac #4987, #5031)
06/05/19 15:35:41 DAG status: 0 (DAG_STATUS_OK)
06/05/19 15:35:41 Of 9 nodes total:
06/05/19 15:35:41  Done     Pre   Queued    Post   Ready   Un-Ready   Failed
06/05/19 15:35:41   ===     ===      ===     ===     ===        ===      ===
06/05/19 15:35:41     0       0        0       1       0          8        0
06/05/19 15:35:41 0 job proc(s) currently held
06/05/19 15:35:41 DAGMan Runtime Statistics: [ EventCycleTimeStd = 0.01172145979573021; EventCycleTimeMax = 0.05313205718994141; EventCycleTimeMin = 7.867813110351562E-06; EventCycleTimeAvg = 0.003019158904616897; EventCycleTimeSum = 0.1117088794708252; EventCycleTimeCount = 37.0; SleepCycleTimeStd = 0.007302204969176668; LogProcessCycleTimeMin = 5.388259887695312E-05; LogProcessCycleTimeMax = 0.006552934646606445; SubmitCycleTimeCount = 38.0; LogProcessCycleTimeAvg = 0.002002682004656111; LogProcessCycleTimeCount = 7.0; LogProcessCycleTimeStd = 0.003000466389986471; LogProcessCycleTimeSum = 0.01401877403259277; SubmitCycleTimeSum = 0.1022820472717285; SubmitCycleTimeAvg = 0.002691632822940224; SleepCycleTimeSum = 185.2409491539001; SubmitCycleTimeMin = 2.86102294921875E-06; SubmitCycleTimeMax = 0.05299210548400879; SleepCycleTimeAvg = 5.006512139294599; SleepCycleTimeMax = 5.049718856811523; SleepCycleTimeCount = 37.0; SubmitCycleTimeStd = 0.01152424975777411; SleepCycleTimeMin = 5.005053043365479; ]
06/05/19 15:35:42 Initializing user log writer for /home/georgpap/GitHub/papajim/sns-namd-shifter-example/submit/georgpap/pegasus/namd_wf/run0001/./namd_wf-0.dag.nodes.log, (40.0.0)
06/05/19 15:35:46 Currently monitoring 1 HTCondor log file(s)
06/05/19 15:35:46 Event: ULOG_POST_SCRIPT_TERMINATED for HTCondor Node create_dir_namd_wf_0_cori (40.0.0) {06/05/19 15:35:42}
06/05/19 15:35:46 POST Script of node create_dir_namd_wf_0_cori failed with status 1
06/05/19 15:35:46 POST for Node create_dir_namd_wf_0_cori returned 1
06/05/19 15:35:46 DAG status: 2 (DAG_STATUS_NODE_FAILED)
06/05/19 15:35:46 Of 9 nodes total:
06/05/19 15:35:46  Done     Pre   Queued    Post   Ready   Un-Ready   Failed
06/05/19 15:35:46   ===     ===      ===     ===     ===        ===      ===
06/05/19 15:35:46     0       0        0       0       0          8        1
06/05/19 15:35:46 0 job proc(s) currently held
06/05/19 15:35:46 DAGMan Runtime Statistics: [ EventCycleTimeStd = 0.01157443764583666; EventCycleTimeMax = 0.05313205718994141; EventCycleTimeMin = 7.867813110351562E-06; EventCycleTimeAvg = 0.003106261554517244; EventCycleTimeSum = 0.1180379390716553; EventCycleTimeCount = 38.0; SleepCycleTimeStd = 0.1553675444421085; LogProcessCycleTimeMin = 5.388259887695312E-05; LogProcessCycleTimeMax = 0.006552934646606445; SubmitCycleTimeCount = 39.0; LogProcessCycleTimeAvg = 0.00176846981048584; LogProcessCycleTimeCount = 8.0; LogProcessCycleTimeStd = 0.002855788383789808; LogProcessCycleTimeSum = 0.01414775848388672; SubmitCycleTimeSum = 0.1022899150848389; SubmitCycleTimeAvg = 0.002622818335508689; SleepCycleTimeSum = 189.2907412052155; SubmitCycleTimeMin = 2.86102294921875E-06; SubmitCycleTimeMax = 0.05299210548400879; SleepCycleTimeAvg = 4.981335294874091; SleepCycleTimeMax = 5.049718856811523; SleepCycleTimeCount = 38.0; SubmitCycleTimeStd = 0.01137972136193201; SleepCycleTimeMin = 4.049792051315308; ]
06/05/19 15:35:46 ERROR: the following job(s) failed:
06/05/19 15:35:46 ---------------------- Job ----------------------
06/05/19 15:35:46       Node Name: create_dir_namd_wf_0_cori
06/05/19 15:35:46            Noop: false
06/05/19 15:35:46          NodeID: 0
06/05/19 15:35:46     Node Status: STATUS_ERROR    
06/05/19 15:35:46 Node return val: 1
06/05/19 15:35:46           Error: Job failed due to DAGMAN error 0 and POST Script failed with status 1 (after 1 node retries)
06/05/19 15:35:46 Job Submit File: 00/00/create_dir_namd_wf_0_cori.sub
06/05/19 15:35:46     POST Script: /home/georgpap/Software/Pegasus/pegasus-4.9.2dev/bin/pegasus-exitcode  -s PegasusLite:+exitcode+0 -l namd_wf-0.exitcode.log -M namd_wf-0.cache.meta  .//00/00/create_dir_namd_wf_0_cori.out
06/05/19 15:35:46           Retry: 1
06/05/19 15:35:46  HTCondor Job ID: (40.0.0)
06/05/19 15:35:46       Q_PARENTS: <END>
06/05/19 15:35:46       Q_WAITING: <END>
06/05/19 15:35:46      Q_CHILDREN: stage_in_remote_cori_0_0, stage_in_remote_cori_1_0, <END>
06/05/19 15:35:46 ---------------------------------------	<END>
06/05/19 15:35:46 Aborting DAG...
06/05/19 15:35:46 Writing Rescue DAG to namd_wf-0.dag.rescue001...
06/05/19 15:35:46 Removing submitted jobs...
06/05/19 15:35:46 Removing any/all submitted HTCondor jobs...
06/05/19 15:35:46 Running: /home/georgpap/Software/Bosco/bin/condor_rm -const DAGManJobId' '=?=' '38
06/05/19 15:35:46 Note: 0 total job deferrals because of -MaxJobs limit (0)
06/05/19 15:35:46 Note: 0 total job deferrals because of -MaxIdle limit (1000)
06/05/19 15:35:46 Note: 0 total job deferrals because of node category throttles
06/05/19 15:35:46 Note: 0 total PRE script deferrals because of -MaxPre limit (20) or DEFER
06/05/19 15:35:46 Note: 0 total POST script deferrals because of -MaxPost limit (20) or DEFER
06/05/19 15:35:46 DAG status: 2 (DAG_STATUS_NODE_FAILED)
06/05/19 15:35:46 Of 9 nodes total:
06/05/19 15:35:46  Done     Pre   Queued    Post   Ready   Un-Ready   Failed
06/05/19 15:35:46   ===     ===      ===     ===     ===        ===      ===
06/05/19 15:35:46     0       0        0       0       0          8        1
06/05/19 15:35:46 0 job proc(s) currently held
06/05/19 15:35:46 DAGMan Runtime Statistics: [ EventCycleTimeStd = 0.01157443764583666; EventCycleTimeMax = 0.05313205718994141; EventCycleTimeMin = 7.867813110351562E-06; EventCycleTimeAvg = 0.003106261554517244; EventCycleTimeSum = 0.1180379390716553; EventCycleTimeCount = 38.0; SleepCycleTimeStd = 0.1553675444421085; LogProcessCycleTimeMin = 5.388259887695312E-05; LogProcessCycleTimeMax = 0.006552934646606445; SubmitCycleTimeCount = 39.0; LogProcessCycleTimeAvg = 0.00176846981048584; LogProcessCycleTimeCount = 8.0; LogProcessCycleTimeStd = 0.002855788383789808; LogProcessCycleTimeSum = 0.01414775848388672; SubmitCycleTimeSum = 0.1022899150848389; SubmitCycleTimeAvg = 0.002622818335508689; SleepCycleTimeSum = 189.2907412052155; SubmitCycleTimeMin = 2.86102294921875E-06; SubmitCycleTimeMax = 0.05299210548400879; SleepCycleTimeAvg = 4.981335294874091; SleepCycleTimeMax = 5.049718856811523; SleepCycleTimeCount = 38.0; SubmitCycleTimeStd = 0.01137972136193201; SleepCycleTimeMin = 4.049792051315308; ]
06/05/19 15:35:46 Wrote metrics file namd_wf-0.dag.metrics.
06/05/19 15:35:46 Reporting metrics to Pegasus metrics server(s); output is in namd_wf-0.dag.metrics.out.
06/05/19 15:35:46 Running command </home/georgpap/Software/Bosco/libexec/condor_dagman_metrics_reporter -f namd_wf-0.dag.metrics -t 100>
06/05/19 15:35:46 Warning: mysin has length 0 (ignore if produced by DAGMan; see gittrac #4987, #5031)
06/05/19 15:35:46 DAGMan Runtime Statistics: [ EventCycleTimeStd = 0.01157443764583666; EventCycleTimeMax = 0.05313205718994141; EventCycleTimeMin = 7.867813110351562E-06; EventCycleTimeAvg = 0.003106261554517244; EventCycleTimeSum = 0.1180379390716553; EventCycleTimeCount = 38.0; SleepCycleTimeStd = 0.1553675444421085; LogProcessCycleTimeMin = 5.388259887695312E-05; LogProcessCycleTimeMax = 0.006552934646606445; SubmitCycleTimeCount = 39.0; LogProcessCycleTimeAvg = 0.00176846981048584; LogProcessCycleTimeCount = 8.0; LogProcessCycleTimeStd = 0.002855788383789808; LogProcessCycleTimeSum = 0.01414775848388672; SubmitCycleTimeSum = 0.1022899150848389; SubmitCycleTimeAvg = 0.002622818335508689; SleepCycleTimeSum = 189.2907412052155; SubmitCycleTimeMin = 2.86102294921875E-06; SubmitCycleTimeMax = 0.05299210548400879; SleepCycleTimeAvg = 4.981335294874091; SleepCycleTimeMax = 5.049718856811523; SleepCycleTimeCount = 38.0; SubmitCycleTimeStd = 0.01137972136193201; SleepCycleTimeMin = 4.049792051315308; ]
06/05/19 15:35:46 **** condor_scheduniv_exec.38.0 (condor_DAGMAN) pid 1156747 EXITING WITH STATUS 1
