Charm++: standalone mode (not using charmrun)
Charm++> Running in Multicore mode:  32 threads
Charm++> Using recursive bisection (scheme 3) for topology aware partitions
Converse/Charm++ Commit ID: v6.7.1-0-gbdf6a1b-namd-charm-6.7.1-build-2016-Nov-07-136676
CharmLB> Load balancer assumes all CPUs are same.
Charm++> Running on 1 unique compute nodes (64-way SMP).
Charm++> cpu topology info is gathered in 0.002 seconds.
Info: NAMD 2.12 for Linux-x86_64-multicore
Info: 
Info: Please visit http://www.ks.uiuc.edu/Research/namd/
Info: for updates, documentation, and support information.
Info: 
Info: Please cite Phillips et al., J. Comp. Chem. 26:1781-1802 (2005)
Info: in all publications reporting results obtained with NAMD.
Info: 
Info: Based on Charm++/Converse 60701 for multicore-linux64-iccstatic
Info: Built Wed Dec 21 11:36:52 CST 2016 by jim on harare.ks.uiuc.edu
Info: 1 NAMD  2.12  Linux-x86_64-multicore  32    nid02207  papajim
Info: Running on 32 processors, 1 nodes, 1 physical nodes.
Info: CPU topology information available.
Info: Charm++/Converse parallel runtime startup completed at 0.038868 s
CkLoopLib is used in SMP with a simple dynamic scheduling (converse-level notification) but not using node-level queue
Info: 2273.44 MB of memory in use based on /proc/self/stat
Info: Configuration file is production_200.conf
Info: Working in the current directory /global/cscratch1/sd/papajim/georgepap/pegasus/namd_wf/run0001
TCL: Suspending until startup complete.
Info: EXTENDED SYSTEM FILE   equilibrate_200.restart.xsc
Info: SIMULATION PARAMETERS:
Info: TIMESTEP               1
Info: NUMBER OF STEPS        0
Info: STEPS PER CYCLE        20
Info: PERIODIC CELL BASIS 1  33.5334 0 0
Info: PERIODIC CELL BASIS 2  0 33.5334 0
Info: PERIODIC CELL BASIS 3  0 0 33.5334
Info: PERIODIC CELL CENTER   0 0 0
Info: LOAD BALANCER  Centralized
Info: LOAD BALANCING STRATEGY  New Load Balancers -- DEFAULT
Info: LDB PERIOD             4000 steps
Info: FIRST LDB TIMESTEP     100
Info: LAST LDB TIMESTEP     -1
Info: LDB BACKGROUND SCALING 1
Info: HOM BACKGROUND SCALING 1
Info: PME BACKGROUND SCALING 1
Info: MIN ATOMS PER PATCH    40
Info: VELOCITY FILE          equilibrate_200.restart.vel
Info: CENTER OF MASS MOVING INITIALLY? NO
Info: DIELECTRIC             1
Info: EXCLUDE                SCALED ONE-FOUR
Info: 1-4 ELECTROSTATICS SCALED BY 1
Info: MODIFIED 1-4 VDW PARAMETERS WILL BE USED
Info: DCD FILENAME           production_200.dcd
Info: DCD FREQUENCY          1000
Info: DCD FIRST STEP         1000
Info: DCD FILE WILL CONTAIN UNIT CELL DATA
Info: XST FILENAME           production_200.xst
Info: XST FREQUENCY          1000
Info: NO VELOCITY DCD OUTPUT
Info: NO FORCE DCD OUTPUT
Info: OUTPUT FILENAME        production_200
Info: BINARY OUTPUT FILES WILL BE USED
Info: RESTART FILENAME       production_200.restart
Info: RESTART FREQUENCY      1000
Info: BINARY RESTART FILES WILL BE USED
Info: SWITCHING ACTIVE
Info: SWITCHING ON           10
Info: SWITCHING OFF          12
Info: PAIRLIST DISTANCE      14
Info: PAIRLIST SHRINK RATE   0.01
Info: PAIRLIST GROW RATE     0.01
Info: PAIRLIST TRIGGER       0.3
Info: PAIRLISTS PER CYCLE    2
Info: PAIRLISTS ENABLED
Info: MARGIN                 0.495
Info: HYDROGEN GROUP CUTOFF  2.5
Info: PATCH DIMENSION        16.995
Info: ENERGY OUTPUT STEPS    1000
Info: CROSSTERM ENERGY INCLUDED IN DIHEDRAL
Info: TIMING OUTPUT STEPS    1000
Info: PRESSURE OUTPUT STEPS  1000
Info: LANGEVIN DYNAMICS ACTIVE
Info: LANGEVIN TEMPERATURE   200
Info: LANGEVIN USING BBK INTEGRATOR
Info: LANGEVIN DAMPING COEFFICIENT IS 1 INVERSE PS
Info: LANGEVIN DYNAMICS NOT APPLIED TO HYDROGENS
Info: LANGEVIN PISTON PRESSURE CONTROL ACTIVE
Info:        TARGET PRESSURE IS 1.01325 BAR
Info:     OSCILLATION PERIOD IS 100 FS
Info:             DECAY TIME IS 50 FS
Info:     PISTON TEMPERATURE IS 200 K
Info:       PRESSURE CONTROL IS ATOM-BASED
Info:    INITIAL STRAIN RATE IS -0.000160211 -0.000160211 -0.000160211
Info:       CELL FLUCTUATION IS ISOTROPIC
Info: PARTICLE MESH EWALD (PME) ACTIVE
Info: PME TOLERANCE               1e-06
Info: PME EWALD COEFFICIENT       0.257952
Info: PME INTERPOLATION ORDER     6
Info: PME GRID DIMENSIONS         40 40 40
Info: PME MAXIMUM GRID SPACING    1
Info: Attempting to read FFTW data from FFTW_NAMD_2.12_Linux-x86_64-multicore.txt
Info: Optimizing 6 FFT steps.  1... 2... 3... 4... 5... 6...   Done.
Info: Writing FFTW data to FFTW_NAMD_2.12_Linux-x86_64-multicore.txt
Info: FULL ELECTROSTATIC EVALUATION FREQUENCY      1
Info: USING VERLET I (r-RESPA) MTS SCHEME.
Info: C1 SPLITTING OF LONG RANGE ELECTROSTATICS
Info: PLACING ATOMS IN PATCHES BY HYDROGEN GROUPS
Info: RANDOM NUMBER SEED     1548384473
Info: USE HYDROGEN BONDS?    NO
Info: COORDINATE PDB         crd.md18_vmd_autopsf.pdb
Info: STRUCTURE FILE         Q42.psf
Info: PARAMETER file: CHARMM format! 
Info: PARAMETERS             par_all27_prot_lipid.inp
Info: USING ARITHMETIC MEAN TO COMBINE L-J SIGMA PARAMETERS
Info: BINARY COORDINATES     equilibrate_200.restart.coor
Info: SUMMARY OF PARAMETERS:
Info: 180 BONDS
Info: 447 ANGLES
Info: 566 DIHEDRAL
Info: 46 IMPROPER
Info: 6 CROSSTERM
Info: 120 VDW
Info: 0 VDW_PAIRS
Info: 0 NBTHOLE_PAIRS
Info: TIME FOR READING PSF FILE: 0.0481761
Info: Reading pdb file crd.md18_vmd_autopsf.pdb
Info: TIME FOR READING PDB FILE: 0.039922
Info: 
Info: ****************************
Info: STRUCTURE SUMMARY:
Info: 3692 ATOMS
Info: 2256 BONDS
Info: 1128 ANGLES
Info: 0 DIHEDRALS
Info: 0 IMPROPERS
Info: 0 CROSSTERMS
Info: 0 EXCLUSIONS
Info: 11076 DEGREES OF FREEDOM
Info: 1436 HYDROGEN GROUPS
Info: 3 ATOMS IN LARGEST HYDROGEN GROUP
Info: 1436 MIGRATION GROUPS
Info: 3 ATOMS IN LARGEST MIGRATION GROUP
Info: TOTAL MASS = 26849.6 amu
Info: TOTAL CHARGE = 0 e
Info: MASS DENSITY = 1.1824 g/cm^3
Info: ATOM DENSITY = 0.0979104 atoms/A^3
Info: *****************************
Info: Reading from binary file equilibrate_200.restart.coor
Info: 
Info: Entering startup at 0.346387 s, 2289.94 MB of memory in use
Info: Startup phase 0 took 0.000179052 s, 2289.94 MB of memory in use
Info: ADDED 3384 IMPLICIT EXCLUSIONS
Info: Startup phase 1 took 0.00122499 s, 2289.94 MB of memory in use
Info: NONBONDED TABLE R-SQUARED SPACING: 0.0625
Info: NONBONDED TABLE SIZE: 769 POINTS
Info: INCONSISTENCY IN FAST TABLE ENERGY VS FORCE: 0.000325096 AT 11.9556
Info: INCONSISTENCY IN SCOR TABLE ENERGY VS FORCE: 0.000324844 AT 11.9556
Info: ABSOLUTE IMPRECISION IN VDWA TABLE ENERGY: 4.59334e-32 AT 11.9974
Info: RELATIVE IMPRECISION IN VDWA TABLE ENERGY: 7.4108e-17 AT 11.9974
Info: INCONSISTENCY IN VDWA TABLE ENERGY VS FORCE: 0.0040507 AT 0.251946
Info: ABSOLUTE IMPRECISION IN VDWB TABLE ENERGY: 1.53481e-26 AT 11.9974
Info: RELATIVE IMPRECISION IN VDWB TABLE ENERGY: 7.96691e-18 AT 11.9974
Info: INCONSISTENCY IN VDWB TABLE ENERGY VS FORCE: 0.00150189 AT 0.251946
Info: Startup phase 2 took 0.00183892 s, 2289.94 MB of memory in use
Info: Startup phase 3 took 0.000179052 s, 2289.94 MB of memory in use
Info: Startup phase 4 took 0.000657082 s, 2289.94 MB of memory in use
Info: Startup phase 5 took 0.000154972 s, 2289.94 MB of memory in use
Info: PATCH GRID IS 3 (PERIODIC) BY 3 (PERIODIC) BY 1 (PERIODIC)
Info: PATCH GRID IS 2-AWAY BY 2-AWAY BY 1-AWAY
Info: Reading from binary file equilibrate_200.restart.vel
Info: REMOVING COM VELOCITY -0.0285857 -0.044458 0.0854548
Info: LARGEST PATCH (8) HAS 432 ATOMS
Info: TORUS A SIZE 32 USING 0
Info: TORUS B SIZE 1 USING 0
Info: TORUS C SIZE 1 USING 0
Info: TORUS MINIMAL MESH SIZE IS 1 BY 1 BY 1
Info: Placed 100% of base nodes on same physical node as patch
Info: Startup phase 6 took 0.0349269 s, 2289.94 MB of memory in use
Info: PME using 20 and 20 processors for FFT and reciprocal sum.
Info: PME GRID LOCATIONS: 1 3 5 6 7 9 11 13 14 15 ...
Info: PME TRANS LOCATIONS: 1 2 4 5 6 8 9 10 12 14 ...
Info: PME USING 1 GRID NODES AND 1 TRANS NODES
Info: Startup phase 7 took 0.00202513 s, 2289.94 MB of memory in use
Info: Startup phase 8 took 0.000340939 s, 2289.94 MB of memory in use
LDB: Central LB being created...
Info: Startup phase 9 took 0.000364065 s, 2289.94 MB of memory in use
Info: CREATING 441 COMPUTE OBJECTS
Info: useSync: 0 useProxySync: 0
Info: Startup phase 10 took 0.00252795 s, 2289.94 MB of memory in use
Info: Startup phase 11 took 0.000211954 s, 2289.94 MB of memory in use
Info: Startup phase 12 took 0.000128984 s, 2289.94 MB of memory in use
Info: Finished startup at 0.391147 s, 2289.94 MB of memory in use

TCL: Running for 40000 steps
PRESSURE: 0 -110.943 388.903 400.655 388.903 928.463 -358.995 400.655 -358.995 833.23
GPRESSURE: 0 366.54 -93.6615 -81.1962 -282.991 411.621 140.539 -124.506 47.6773 352.264
ETITLE:      TS           BOND          ANGLE          DIHED          IMPRP               ELECT            VDW       BOUNDARY           MISC        KINETIC               TOTAL           TEMP      POTENTIAL         TOTAL3        TEMPAVG            PRESSURE      GPRESSURE         VOLUME       PRESSAVG      GPRESSAVG

ENERGY:       0      1372.1651       722.2654         0.0000         0.0000         -52034.0642      4425.3505         0.0000         0.0000      3162.1132         -42352.1700       287.3326    -45514.2832    -42319.0675       287.3326            550.2500       376.8084     37707.9350       550.2500       376.8084

OPENING EXTENDED SYSTEM TRAJECTORY FILE
LDB: ============= START OF LOAD BALANCING ============== 0.509289
LDB: ============== END OF LOAD BALANCING =============== 0.509433
Info: useSync: 0 useProxySync: 0
LDB: =============== DONE WITH MIGRATION ================ 0.510537
LDB: ============= START OF LOAD BALANCING ============== 0.890993
LDB: Largest compute 13 load 0.106081 is 70.3% of average load 0.150993
LDB: Average compute 0.009316 is 6.2% of average load 0.150993
LDB: Partitioning computes with target load 0.018632
LDB: Increased migratable compute count from 387 to 522
LDB: Largest unpartitionable compute is 0.002219
LDB: ============== END OF LOAD BALANCING =============== 0.892389
Info: useSync: 0 useProxySync: 0
LDB: =============== DONE WITH MIGRATION ================ 0.893208
Info: Initial time: 32 CPUs 0.00477522 s/step 0.0552687 days/ns 2289.94 MB memory
LDB: ============= START OF LOAD BALANCING ============== 0.988454
LDB: ============== END OF LOAD BALANCING =============== 0.98862
Info: useSync: 0 useProxySync: 0
LDB: =============== DONE WITH MIGRATION ================ 0.989452
LDB: ============= START OF LOAD BALANCING ============== 1.32572
LDB: Largest compute 451 load 0.019278 is 17.6% of average load 0.109661
LDB: Average compute 0.004727 is 4.3% of average load 0.109661
LDB: TIME 1.32608 LOAD: AVG 0.109661 MAX 0.32554  PROXIES: TOTAL 63 MAXPE 5 MAXPATCH 7 None MEM: 2289.94 MB
LDB: TIME 1.32681 LOAD: AVG 0.109661 MAX 0.131591  PROXIES: TOTAL 82 MAXPE 5 MAXPATCH 10 TorusLB MEM: 2289.94 MB
LDB: ============== END OF LOAD BALANCING =============== 1.32795
Info: useSync: 0 useProxySync: 0
LDB: =============== DONE WITH MIGRATION ================ 1.32919
Info: Initial time: 32 CPUs 0.004305 s/step 0.0498264 days/ns 2289.94 MB memory
LDB: ============= START OF LOAD BALANCING ============== 1.64235
LDB: Largest compute 22 load 0.029472 is 17.8% of average load 0.165158
LDB: Average compute 0.007145 is 4.3% of average load 0.165158
LDB: TIME 1.64279 LOAD: AVG 0.165158 MAX 0.271627  PROXIES: TOTAL 63 MAXPE 5 MAXPATCH 7 None MEM: 2289.94 MB
LDB: TIME 1.643 LOAD: AVG 0.165158 MAX 0.271627  PROXIES: TOTAL 82 MAXPE 5 MAXPATCH 10 RefineTorusLB MEM: 2289.94 MB
LDB: TIME 1.64591 LOAD: AVG 0.165158 MAX 0.176911  PROXIES: TOTAL 89 MAXPE 5 MAXPATCH 12 RefineTorusLB MEM: 2289.94 MB
LDB: ============== END OF LOAD BALANCING =============== 1.64684
Info: useSync: 0 useProxySync: 0
LDB: =============== DONE WITH MIGRATION ================ 1.6477
Info: Initial time: 32 CPUs 0.00309375 s/step 0.0358073 days/ns 2289.94 MB memory
LDB: ============= START OF LOAD BALANCING ============== 1.9275
LDB: Largest compute 486 load 0.027533 is 18.8% of average load 0.146743
LDB: Average compute 0.006366 is 4.3% of average load 0.146743
LDB: TIME 1.9279 LOAD: AVG 0.146743 MAX 0.263655  PROXIES: TOTAL 63 MAXPE 5 MAXPATCH 7 None MEM: 2289.94 MB
LDB: TIME 1.92808 LOAD: AVG 0.146743 MAX 0.263655  PROXIES: TOTAL 89 MAXPE 5 MAXPATCH 12 RefineTorusLB MEM: 2289.94 MB
LDB: TIME 1.93024 LOAD: AVG 0.146743 MAX 0.157166  PROXIES: TOTAL 94 MAXPE 5 MAXPATCH 12 RefineTorusLB MEM: 2289.94 MB
LDB: ============== END OF LOAD BALANCING =============== 1.93081
Info: useSync: 0 useProxySync: 0
LDB: =============== DONE WITH MIGRATION ================ 1.9316
Info: Benchmark time: 32 CPUs 0.0027803 s/step 0.0321794 days/ns 2289.94 MB memory
Info: Benchmark time: 32 CPUs 0.00189382 s/step 0.0219192 days/ns 2289.94 MB memory
Info: Benchmark time: 32 CPUs 0.00180594 s/step 0.0209021 days/ns 2289.94 MB memory
Info: Benchmark time: 32 CPUs 0.00234748 s/step 0.0271699 days/ns 2289.94 MB memory
Info: Benchmark time: 32 CPUs 0.00242524 s/step 0.0280699 days/ns 2289.94 MB memory
Info: Benchmark time: 32 CPUs 0.00218784 s/step 0.0253222 days/ns 2289.94 MB memory
PRESSURE: 1000 35.4184 53.6361 601.925 53.6361 -1868.98 -498.3 601.925 -498.3 856.986
GPRESSURE: 1000 -918.397 -21.8871 438.582 12.5172 -1413 -74.8252 176.658 -46.9021 -826.196
PRESSAVG: 1000 173.737 -83.3321 110.466 -83.3321 -114.756 64.7725 110.466 64.7725 -80.9776
GPRESSAVG: 1000 168.162 -82.6619 113.196 -80.584 -110.97 67.243 105.319 63.1912 -76.876
TIMING: 1000  CPU: 2.792, 0.00276/step  Wall: 2.80147, 0.00276856/step, 0.0299927 hours remaining, 2289.937500 MB of memory in use.
ENERGY:    1000      1273.0529       721.5393         0.0000         0.0000         -52189.6837      4311.5064         0.0000         0.0000      3048.5361         -42835.0490       277.0121    -45883.5851    -42800.2284       279.5876           -325.5268     -1052.5306     38036.4132        -7.3323        -6.5612

WRITING EXTENDED SYSTEM TO RESTART FILE AT STEP 1000
OPENING COORDINATE DCD FILE
WRITING COORDINATES TO DCD FILE production_200.dcd AT STEP 1000
WRITING COORDINATES TO RESTART FILE AT STEP 1000
FINISHED WRITING RESTART COORDINATES
The last position output (seq=1000) takes 0.011 seconds, 2289.938 MB of memory in use
WRITING VELOCITIES TO RESTART FILE AT STEP 1000
FINISHED WRITING RESTART VELOCITIES
The last velocity output (seq=1000) takes 0.001 seconds, 2289.938 MB of memory in use
PRESSURE: 2000 -938.813 -389.177 282.662 -389.177 1369.8 -371.165 282.662 -371.165 1025.45
GPRESSURE: 2000 519.241 -547.587 -262.06 -413.219 1004.64 -137.015 151.317 160.325 836.757
PRESSAVG: 2000 73.2501 -91.2796 23.5595 -91.2796 -93.3341 -157.167 23.5595 -157.167 87.2696
GPRESSAVG: 2000 78.1816 -89.8347 23.86 -92.1271 -98.3828 -156.767 24.6752 -153.357 82.6191
TIMING: 2000  CPU: 4.576, 0.001784/step  Wall: 4.59704, 0.00179557/step, 0.0189533 hours remaining, 2289.937500 MB of memory in use.
ENERGY:    2000      1351.9609       711.5686         0.0000         0.0000         -52706.0442      4597.3676         0.0000         0.0000      2838.0250         -43207.1221       257.8836    -46045.1471    -43179.5482       264.7548            485.4795       786.8802     37608.2601        22.3952        20.8060

WRITING EXTENDED SYSTEM TO RESTART FILE AT STEP 2000
WRITING COORDINATES TO DCD FILE production_200.dcd AT STEP 2000
WRITING COORDINATES TO RESTART FILE AT STEP 2000
FINISHED WRITING RESTART COORDINATES
The last position output (seq=2000) takes 0.002 seconds, 2289.938 MB of memory in use
WRITING VELOCITIES TO RESTART FILE AT STEP 2000
FINISHED WRITING RESTART VELOCITIES
The last velocity output (seq=2000) takes 0.002 seconds, 2289.938 MB of memory in use
PRESSURE: 3000 -486.281 -1389.79 916.525 -1389.79 371.06 760.243 916.525 760.243 -716.966
GPRESSURE: 3000 -255.159 -931.971 373.181 -590.92 -405.871 136.047 346.567 799.986 445.021
PRESSAVG: 3000 -20.1423 180.342 189.874 180.342 172.768 131.15 189.874 131.15 -131.574
GPRESSAVG: 3000 -17.8153 181.419 188.516 179.938 172.436 130.996 188.899 129.026 -129.978
TIMING: 3000  CPU: 6.332, 0.001756/step  Wall: 6.3599, 0.00176286/step, 0.0181183 hours remaining, 2289.937500 MB of memory in use.
ENERGY:    3000      1326.4811       655.4284         0.0000         0.0000         -52623.5133      4488.5393         0.0000         0.0000      2729.0255         -43424.0390       247.9791    -46153.0645    -43396.2635       253.8577           -277.3956       -72.0027     37606.7837         7.0173         8.2140

WRITING EXTENDED SYSTEM TO RESTART FILE AT STEP 3000
WRITING COORDINATES TO DCD FILE production_200.dcd AT STEP 3000
WRITING COORDINATES TO RESTART FILE AT STEP 3000
FINISHED WRITING RESTART COORDINATES
The last position output (seq=3000) takes 0.003 seconds, 2289.938 MB of memory in use
WRITING VELOCITIES TO RESTART FILE AT STEP 3000
FINISHED WRITING RESTART VELOCITIES
The last velocity output (seq=3000) takes 0.002 seconds, 2289.938 MB of memory in use
PRESSURE: 4000 2047.94 294.071 -948.619 294.071 25.1159 315.785 -948.619 315.785 3028.22
GPRESSURE: 4000 374.705 325.626 -101.771 445.969 1259.46 -679.793 -76.1239 -546.369 1165.57
PRESSAVG: 4000 53.0493 146.146 213.362 146.146 6.92502 35.8529 213.362 35.8529 -68.4522
GPRESSAVG: 4000 46.667 144.783 215.823 144.129 7.53662 37.5734 214.695 35.9978 -66.6395
TIMING: 4000  CPU: 8.1, 0.001768/step  Wall: 8.13416, 0.00177426/step, 0.0177426 hours remaining, 2289.937500 MB of memory in use.
ENERGY:    4000      1247.1800       639.0147         0.0000         0.0000         -52954.7751      4700.9641         0.0000         0.0000      2659.9810         -43707.6353       241.7052    -46367.6163    -43679.2919       245.4534           1700.4257       933.2456     37533.6024        -2.8259        -4.1453

WRITING EXTENDED SYSTEM TO RESTART FILE AT STEP 4000
WRITING COORDINATES TO DCD FILE production_200.dcd AT STEP 4000
WRITING COORDINATES TO RESTART FILE AT STEP 4000
FINISHED WRITING RESTART COORDINATES
The last position output (seq=4000) takes 0.003 seconds, 2289.938 MB of memory in use
WRITING VELOCITIES TO RESTART FILE AT STEP 4000
FINISHED WRITING RESTART VELOCITIES
The last velocity output (seq=4000) takes 0.002 seconds, 2289.938 MB of memory in use
LDB: ============= START OF LOAD BALANCING ============== 9.05455
LDB: ============== END OF LOAD BALANCING =============== 9.05478
Info: useSync: 0 useProxySync: 0
LDB: =============== DONE WITH MIGRATION ================ 9.05522
LDB: ============= START OF LOAD BALANCING ============== 9.24814
LDB: Largest compute 486 load 0.026906 is 21.4% of average load 0.125459
LDB: Average compute 0.005485 is 4.4% of average load 0.125459
LDB: TIME 9.24878 LOAD: AVG 0.125459 MAX 0.178046  PROXIES: TOTAL 63 MAXPE 5 MAXPATCH 7 None MEM: 2289.94 MB
LDB: TIME 9.24935 LOAD: AVG 0.125459 MAX 0.178046  PROXIES: TOTAL 94 MAXPE 5 MAXPATCH 12 RefineTorusLB MEM: 2289.94 MB
LDB: TIME 9.25273 LOAD: AVG 0.125459 MAX 0.134359  PROXIES: TOTAL 96 MAXPE 5 MAXPATCH 12 RefineTorusLB MEM: 2289.94 MB
LDB: ============== END OF LOAD BALANCING =============== 9.25399
Info: useSync: 0 useProxySync: 0
LDB: =============== DONE WITH MIGRATION ================ 9.25515
PRESSURE: 5000 -1116.29 789.284 369.389 789.284 -383.38 417.279 369.389 417.279 -1511.44
GPRESSURE: 5000 -750.142 758.7 210.268 845.959 -245.985 304.205 29.0344 619.877 -1230.92
PRESSAVG: 5000 -56.727 148.006 277.385 148.006 186.047 230.592 277.385 230.592 -89.5237
GPRESSAVG: 5000 -52.6831 147.058 279.796 148.612 187.013 228.916 276.694 230.729 -88.0947
TIMING: 5000  CPU: 10.056, 0.001956/step  Wall: 10.1032, 0.00196906/step, 0.0191436 hours remaining, 2289.937500 MB of memory in use.
ENERGY:    5000      1280.3539       652.4292         0.0000         0.0000         -52898.4547      4497.3593         0.0000         0.0000      2552.8700         -43915.4422       231.9723    -46468.3122    -43890.0299       236.7147          -1003.7042      -742.3473     37614.8577        13.2655        15.4119

WRITING EXTENDED SYSTEM TO RESTART FILE AT STEP 5000
WRITING COORDINATES TO DCD FILE production_200.dcd AT STEP 5000
WRITING COORDINATES TO RESTART FILE AT STEP 5000
FINISHED WRITING RESTART COORDINATES
The last position output (seq=5000) takes 0.002 seconds, 2289.938 MB of memory in use
WRITING VELOCITIES TO RESTART FILE AT STEP 5000
FINISHED WRITING RESTART VELOCITIES
The last velocity output (seq=5000) takes 0.002 seconds, 2289.938 MB of memory in use
PRESSURE: 6000 412.761 -487.598 494.278 -487.598 -808.968 13.4594 494.278 13.4594 311.112
GPRESSURE: 6000 -4.21356 140.256 155.727 200.833 -838.778 8.04534 275.041 -41.563 -136.836
PRESSAVG: 6000 184.438 190.358 266.453 190.358 -85.0482 381.165 266.453 381.165 -132.724
GPRESSAVG: 6000 179.808 192.334 263.265 193.5 -86.2717 380.275 268.415 382.054 -132.745
TIMING: 6000  CPU: 11.592, 0.001536/step  Wall: 11.6437, 0.00154046/step, 0.0145488 hours remaining, 2289.937500 MB of memory in use.
ENERGY:    6000      1226.8422       662.5884         0.0000         0.0000         -53054.2238      4566.4777         0.0000         0.0000      2513.2583         -44085.0572       228.3729    -46598.3155    -44058.3835       230.3581            -28.3650      -326.6093     37567.0083       -11.1114       -13.0695

WRITING EXTENDED SYSTEM TO RESTART FILE AT STEP 6000
WRITING COORDINATES TO DCD FILE production_200.dcd AT STEP 6000
WRITING COORDINATES TO RESTART FILE AT STEP 6000
FINISHED WRITING RESTART COORDINATES
The last position output (seq=6000) takes 0.002 seconds, 2289.938 MB of memory in use
WRITING VELOCITIES TO RESTART FILE AT STEP 6000
FINISHED WRITING RESTART VELOCITIES
PRESSURE: 7000 2179.25 -78.3677 196.808 -78.3677 -539.082 449.889 196.808 449.889 -608.949
GPRESSURE: 7000 22.4547 675.378 6.63141 153.852 -595.365 64.6808 4.33874 -143.709 -525.816
PRESSAVG: 7000 -68.6039 172.103 117.489 172.103 -50.0938 -0.550747 117.489 -0.550747 115.771
GPRESSAVG: 7000 -68.9485 170.318 117.488 174.138 -49.4007 -3.59858 115.727 -1.35686 113.562
TIMING: 7000  CPU: 13.136, 0.001544/step  Wall: 13.1959, 0.0015522/step, 0.0142285 hours remaining, 2289.937500 MB of memory in use.
ENERGY:    7000      1171.9933       650.5346         0.0000         0.0000         -53024.7369      4568.2980         0.0000         0.0000      2422.8391         -44211.0719       220.1568    -46633.9110    -44185.2997       225.4232            343.7389      -366.2421     37540.5231        -0.9755        -1.5957

WRITING EXTENDED SYSTEM TO RESTART FILE AT STEP 7000
WRITING COORDINATES TO DCD FILE production_200.dcd AT STEP 7000
WRITING COORDINATES TO RESTART FILE AT STEP 7000
FINISHED WRITING RESTART COORDINATES
The last position output (seq=7000) takes 0.003 seconds, 2289.938 MB of memory in use
WRITING VELOCITIES TO RESTART FILE AT STEP 7000
FINISHED WRITING RESTART VELOCITIES
PRESSURE: 8000 -1352.77 1553.44 -227.536 1553.44 -307.508 563.516 -227.536 563.516 -686.577
GPRESSURE: 8000 -146.937 1220.03 -575.328 727.759 -89.2863 300.526 -317.588 354.687 6.26288
PRESSAVG: 8000 -61.3811 147.496 -33.6793 147.496 -186.562 -84.2348 -33.6793 -84.2348 223.486
GPRESSAVG: 8000 -59.2296 148.598 -33.9202 147.471 -185.201 -80.1179 -35.8595 -84.7892 224.23
TIMING: 8000  CPU: 14.692, 0.001556/step  Wall: 14.7578, 0.00156189/step, 0.0138835 hours remaining, 2289.937500 MB of memory in use.
ENERGY:    8000      1212.7734       608.4538         0.0000         0.0000         -53092.9638      4583.2814         0.0000         0.0000      2413.3979         -44275.0573       219.2989    -46688.4552    -44249.4096       221.1842           -782.2853       -76.6536     37516.9071        -8.1523        -6.7333

WRITING EXTENDED SYSTEM TO RESTART FILE AT STEP 8000
WRITING COORDINATES TO DCD FILE production_200.dcd AT STEP 8000
WRITING COORDINATES TO RESTART FILE AT STEP 8000
FINISHED WRITING RESTART COORDINATES
The last position output (seq=8000) takes 0.002 seconds, 2289.938 MB of memory in use
WRITING VELOCITIES TO RESTART FILE AT STEP 8000
FINISHED WRITING RESTART VELOCITIES
LDB: ============= START OF LOAD BALANCING ============== 15.6207
LDB: ============== END OF LOAD BALANCING =============== 15.6209
Info: useSync: 0 useProxySync: 0
LDB: =============== DONE WITH MIGRATION ================ 15.6214
LDB: ============= START OF LOAD BALANCING ============== 15.779
LDB: Largest compute 485 load 0.017813 is 14.6% of average load 0.121654
LDB: Average compute 0.005355 is 4.4% of average load 0.121654
LDB: TIME 15.7794 LOAD: AVG 0.121654 MAX 0.144269  PROXIES: TOTAL 63 MAXPE 5 MAXPATCH 7 None MEM: 2289.94 MB
LDB: TIME 15.7796 LOAD: AVG 0.121654 MAX 0.144269  PROXIES: TOTAL 96 MAXPE 5 MAXPATCH 12 RefineTorusLB MEM: 2289.94 MB
LDB: TIME 15.7814 LOAD: AVG 0.121654 MAX 0.130297  PROXIES: TOTAL 94 MAXPE 5 MAXPATCH 12 RefineTorusLB MEM: 2289.94 MB
LDB: ============== END OF LOAD BALANCING =============== 15.7818
Info: useSync: 0 useProxySync: 0
LDB: =============== DONE WITH MIGRATION ================ 15.7825
WRITING COORDINATES TO DCD FILE production_200.dcd AT STEP 9000
WRITING COORDINATES TO RESTART FILE AT STEP 9000
FINISHED WRITING RESTART COORDINATES
The last position output (seq=9000) takes 0.002 seconds, 2289.938 MB of memory in use
PRESSURE: 9000 951.77 -44.4652 -195.327 -44.4652 1669.78 -47.6139 -195.327 -47.6139 517.166
GPRESSURE: 9000 340.907 -245.812 -7.0815 212.505 584.799 -16.744 558.118 -165.552 619.918
PRESSAVG: 9000 49.0679 65.5785 108.268 65.5785 -65.4405 24.6133 108.268 24.6133 44.3293
GPRESSAVG: 9000 51.7946 65.9726 111.625 59.491 -65.2973 23.8095 110.568 25.2407 42.6562
TIMING: 9000  CPU: 16.212, 0.00152/step  Wall: 16.2865, 0.00152873/step, 0.013164 hours remaining, 2289.937500 MB of memory in use.
ENERGY:    9000      1186.1664       567.8778         0.0000         0.0000         -53131.5625      4669.8294         0.0000         0.0000      2368.6468         -44339.0421       215.2324    -46707.6889    -44315.1483       219.5299           1046.2382       515.2080     37404.3277         9.3189         9.7178

WRITING EXTENDED SYSTEM TO RESTART FILE AT STEP 9000
WRITING VELOCITIES TO RESTART FILE AT STEP 9000
FINISHED WRITING RESTART VELOCITIES
PRESSURE: 10000 -1174.06 32.7677 -475.713 32.7677 1124.62 6.69153 -475.713 6.69153 768.747
GPRESSURE: 10000 -456.881 463.209 445.919 555.15 -29.327 -321.637 364.539 -169.16 356.058
PRESSAVG: 10000 -152.409 266.795 161.606 266.795 190.838 139.928 161.606 139.928 -21.4235
GPRESSAVG: 10000 -155.853 266.956 159.876 270.821 190.917 139.765 163.344 142.09 -21.4006
TIMING: 10000  CPU: 17.712, 0.0015/step  Wall: 17.7875, 0.00150098/step, 0.0125082 hours remaining, 2289.937500 MB of memory in use.
ETITLE:      TS           BOND          ANGLE          DIHED          IMPRP               ELECT            VDW       BOUNDARY           MISC        KINETIC               TOTAL           TEMP      POTENTIAL         TOTAL3        TEMPAVG            PRESSURE      GPRESSURE         VOLUME       PRESSAVG      GPRESSAVG

ENERGY:   10000      1176.9580       623.1644         0.0000         0.0000         -53172.6100      4624.9159         0.0000         0.0000      2336.8500         -44410.7217       212.3432    -46747.5717    -44387.9735       217.2204            239.7692       -43.3833     37435.3029         5.6685         4.5545

WRITING EXTENDED SYSTEM TO RESTART FILE AT STEP 10000
WRITING COORDINATES TO DCD FILE production_200.dcd AT STEP 10000
WRITING COORDINATES TO RESTART FILE AT STEP 10000
FINISHED WRITING RESTART COORDINATES
The last position output (seq=10000) takes 0.005 seconds, 2289.938 MB of memory in use
WRITING VELOCITIES TO RESTART FILE AT STEP 10000
FINISHED WRITING RESTART VELOCITIES
WRITING COORDINATES TO DCD FILE production_200.dcd AT STEP 11000
WRITING COORDINATES TO RESTART FILE AT STEP 11000
FINISHED WRITING RESTART COORDINATES
WRITING VELOCITIES TO RESTART FILE AT STEP 11000
FINISHED WRITING RESTART VELOCITIES
PRESSURE: 11000 -99.0012 -61.2161 687.319 -61.2161 111.333 -543.883 687.319 -543.883 674.736
GPRESSURE: 11000 260.285 50.8607 120.391 -35.0168 505.231 -401.692 148.297 -254.071 -670.267
PRESSAVG: 11000 -234.586 101.441 156.604 101.441 173.219 161.987 156.604 161.987 122.793
GPRESSAVG: 11000 -233.95 103.088 153.573 99.1806 170.437 162.773 153.101 162.509 122.323
TIMING: 11000  CPU: 19.208, 0.001496/step  Wall: 19.3001, 0.0015126/step, 0.0121848 hours remaining, 2289.937500 MB of memory in use.
ENERGY:   11000      1157.3221       615.4021         0.0000         0.0000         -53309.5289      4671.1832         0.0000         0.0000      2383.7871         -44481.8343       216.6082    -46865.6214    -44457.5983       215.6742            229.0224        31.7497     37625.7775        20.4753        19.6035

WRITING EXTENDED SYSTEM TO RESTART FILE AT STEP 11000
WRITING COORDINATES TO DCD FILE production_200.dcd AT STEP 12000
WRITING COORDINATES TO RESTART FILE AT STEP 12000
FINISHED WRITING RESTART COORDINATES
WRITING VELOCITIES TO RESTART FILE AT STEP 12000
FINISHED WRITING RESTART VELOCITIES
PRESSURE: 12000 -2149.86 -54.8362 1494.4 -54.8362 -1739.43 -762.826 1494.4 -762.826 -534.98
GPRESSURE: 12000 -727.07 269.021 256.906 458.896 -289.441 62.7695 364.319 -17.8901 159.878
PRESSAVG: 12000 -122.742 56.1814 246.731 56.1814 115.6 112.577 246.731 112.577 39.539
GPRESSAVG: 12000 -123.188 56.5721 246.683 58.1512 119.921 111.235 249.624 110.364 40.9535
TIMING: 12000  CPU: 20.712, 0.001504/step  Wall: 20.8112, 0.00151113/step, 0.0117533 hours remaining, 2289.937500 MB of memory in use.
ENERGY:   12000      1175.2748       612.0389         0.0000         0.0000         -53239.9049      4597.3996         0.0000         0.0000      2331.4968         -44523.6948       211.8567    -46855.1916    -44500.3826       213.0030          -1474.7554      -285.5445     37361.3657        10.7989        12.5623

WRITING EXTENDED SYSTEM TO RESTART FILE AT STEP 12000
LDB: ============= START OF LOAD BALANCING ============== 21.6494
LDB: ============== END OF LOAD BALANCING =============== 21.65
Info: useSync: 0 useProxySync: 0
LDB: =============== DONE WITH MIGRATION ================ 21.6504
LDB: ============= START OF LOAD BALANCING ============== 21.8006
LDB: Largest compute 534 load 0.018788 is 15.5% of average load 0.121530
LDB: Average compute 0.005362 is 4.4% of average load 0.121530
LDB: TIME 21.801 LOAD: AVG 0.12153 MAX 0.133492  PROXIES: TOTAL 63 MAXPE 5 MAXPATCH 7 None MEM: 2289.94 MB
LDB: TIME 21.8012 LOAD: AVG 0.12153 MAX 0.133492  PROXIES: TOTAL 94 MAXPE 5 MAXPATCH 12 RefineTorusLB MEM: 2289.94 MB
LDB: TIME 21.8017 LOAD: AVG 0.12153 MAX 0.130143  PROXIES: TOTAL 96 MAXPE 5 MAXPATCH 12 RefineTorusLB MEM: 2289.94 MB
LDB: ============== END OF LOAD BALANCING =============== 21.8021
Info: useSync: 0 useProxySync: 0
LDB: =============== DONE WITH MIGRATION ================ 21.8027
PRESSURE: 13000 573.421 -398.234 383.558 -398.234 418.57 -871.874 383.558 -871.874 927.192
GPRESSURE: 13000 19.2416 -270.997 42.5248 -295.86 313.242 -423.251 280.083 -202.638 449.07
PRESSAVG: 13000 -294.704 -72.6407 227.629 -72.6407 184.846 39.7054 227.629 39.7054 141.69
GPRESSAVG: 13000 -293.967 -72.8857 229.514 -72.7158 180.755 44.7766 229.222 41.9966 139.295
TIMING: 13000  CPU: 22.212, 0.0015/step  Wall: 22.3144, 0.00150313/step, 0.0112735 hours remaining, 2289.937500 MB of memory in use.
ENERGY:   13000      1133.3735       618.5693         0.0000         0.0000         -53307.3834      4684.9329         0.0000         0.0000      2316.9873         -44553.5205       210.5383    -46870.5078    -44531.1155       211.2412            639.7276       260.5181     37528.2599        10.6105         8.6943

WRITING EXTENDED SYSTEM TO RESTART FILE AT STEP 13000
WRITING COORDINATES TO DCD FILE production_200.dcd AT STEP 13000
WRITING COORDINATES TO RESTART FILE AT STEP 13000
FINISHED WRITING RESTART COORDINATES
WRITING VELOCITIES TO RESTART FILE AT STEP 13000
FINISHED WRITING RESTART VELOCITIES
PRESSURE: 14000 97.271 -898.701 -144.165 -898.701 -5.31018 -166.936 -144.165 -166.936 -26.4069
GPRESSURE: 14000 37.7755 -601.32 -174.381 -193.853 -303.74 24.2785 -455.752 -48.8903 335.441
PRESSAVG: 14000 -145.503 -17.0024 268.943 -17.0024 -83.4159 76.2341 268.943 76.2341 133.405
GPRESSAVG: 14000 -148.508 -21.4503 269.094 -17.4589 -77.9432 71.278 268.858 77.32 135.879
TIMING: 14000  CPU: 23.728, 0.001516/step  Wall: 23.837, 0.00152262/step, 0.0109967 hours remaining, 2289.937500 MB of memory in use.
ENERGY:   14000      1125.2050       613.9764         0.0000         0.0000         -53258.2496      4635.5588         0.0000         0.0000      2318.2714         -44565.2380       210.6550    -46883.5094    -44543.1036       210.7249             21.8513        23.1590     37498.9281       -31.8379       -30.1904

WRITING EXTENDED SYSTEM TO RESTART FILE AT STEP 14000
WRITING COORDINATES TO DCD FILE production_200.dcd AT STEP 14000
WRITING COORDINATES TO RESTART FILE AT STEP 14000
FINISHED WRITING RESTART COORDINATES
WRITING VELOCITIES TO RESTART FILE AT STEP 14000
FINISHED WRITING RESTART VELOCITIES
PRESSURE: 15000 -1988.72 -43.2182 -127.525 -43.2182 -442.108 341.443 -127.525 341.443 -1097.58
GPRESSURE: 15000 -188.597 -234.298 270.739 -233.127 -155.104 -93.5397 90.1466 -404.134 -588.657
PRESSAVG: 15000 -62.2211 28.8651 115.003 28.8651 -177.787 227.973 115.003 227.973 243.668
GPRESSAVG: 15000 -61.0887 30.4507 116.612 28.299 -179.703 228.469 112.728 226.697 241.647
TIMING: 15000  CPU: 25.244, 0.001516/step  Wall: 25.3604, 0.00152345/step, 0.0105795 hours remaining, 2289.937500 MB of memory in use.
ENERGY:   15000      1146.7617       596.2137         0.0000         0.0000         -53240.7940      4619.9488         0.0000         0.0000      2267.0077         -44610.8622       205.9968    -46877.8699    -44586.9219       210.5893          -1176.1386      -310.7859     37604.2262         1.2197         0.2850

WRITING EXTENDED SYSTEM TO RESTART FILE AT STEP 15000
WRITING COORDINATES TO DCD FILE production_200.dcd AT STEP 15000
WRITING COORDINATES TO RESTART FILE AT STEP 15000
FINISHED WRITING RESTART COORDINATES
WRITING VELOCITIES TO RESTART FILE AT STEP 15000
FINISHED WRITING RESTART VELOCITIES
PRESSURE: 16000 339.763 273.606 284.754 273.606 -138.214 746.8 284.754 746.8 190.817
GPRESSURE: 16000 299.542 -88.5087 447.993 -79.218 -4.36679 419.034 556.427 393.381 -107.507
PRESSAVG: 16000 -36.0104 -93.5841 84.3977 -93.5841 18.097 251.231 84.3977 251.231 -12.5178
GPRESSAVG: 16000 -34.3657 -93.3846 81.0021 -93.6121 12.2142 247.298 84.6286 248.595 -11.8748
TIMING: 16000  CPU: 26.768, 0.001524/step  Wall: 26.8925, 0.00153204/step, 0.0102136 hours remaining, 2289.937500 MB of memory in use.
ENERGY:   16000      1128.1447       615.4186         0.0000         0.0000         -53255.7593      4656.4285         0.0000         0.0000      2267.8498         -44587.9176       206.0733    -46855.7675    -44567.9770       208.9777            130.7885        62.5562     37492.2939       -10.1438       -11.3421

WRITING EXTENDED SYSTEM TO RESTART FILE AT STEP 16000
WRITING COORDINATES TO DCD FILE production_200.dcd AT STEP 16000
WRITING COORDINATES TO RESTART FILE AT STEP 16000
FINISHED WRITING RESTART COORDINATES
WRITING VELOCITIES TO RESTART FILE AT STEP 16000
FINISHED WRITING RESTART VELOCITIES
LDB: ============= START OF LOAD BALANCING ============== 27.7416
LDB: ============== END OF LOAD BALANCING =============== 27.7418
Info: useSync: 0 useProxySync: 0
LDB: =============== DONE WITH MIGRATION ================ 27.7422
LDB: ============= START OF LOAD BALANCING ============== 27.9776
LDB: Largest compute 441 load 0.024218 is 18.9% of average load 0.128359
LDB: Average compute 0.005668 is 4.4% of average load 0.128359
LDB: TIME 27.978 LOAD: AVG 0.128359 MAX 0.221765  PROXIES: TOTAL 63 MAXPE 5 MAXPATCH 7 None MEM: 2289.94 MB
LDB: TIME 27.9783 LOAD: AVG 0.128359 MAX 0.221765  PROXIES: TOTAL 96 MAXPE 5 MAXPATCH 12 RefineTorusLB MEM: 2289.94 MB
LDB: TIME 27.9794 LOAD: AVG 0.128359 MAX 0.136507  PROXIES: TOTAL 102 MAXPE 5 MAXPATCH 13 RefineTorusLB MEM: 2289.94 MB
LDB: ============== END OF LOAD BALANCING =============== 27.98
Info: useSync: 0 useProxySync: 0
LDB: =============== DONE WITH MIGRATION ================ 27.9806
PRESSURE: 17000 -853.563 -449.055 -468.52 -449.055 1440.11 1195.31 -468.52 1195.31 371.996
GPRESSURE: 17000 666.016 -460.389 62.5303 -110.855 93.2385 913.9 110.654 957.23 203.986
PRESSAVG: 17000 107.973 -190.878 30.5825 -190.878 64.7861 442.491 30.5825 442.491 -103.133
GPRESSAVG: 17000 109.946 -192.166 32.0193 -189.518 69.3058 447.485 31.4942 446.839 -102.828
TIMING: 17000  CPU: 28.416, 0.001648/step  Wall: 28.5435, 0.001651/step, 0.0105481 hours remaining, 2289.937500 MB of memory in use.
ENERGY:   17000      1143.4694       600.9813         0.0000         0.0000         -53394.5549      4712.4429         0.0000         0.0000      2277.4561         -44660.2052       206.9462    -46937.6613    -44639.7311       209.1024            319.5143       321.0802     37364.5446        23.2088        25.4745

WRITING EXTENDED SYSTEM TO RESTART FILE AT STEP 17000
WRITING COORDINATES TO DCD FILE production_200.dcd AT STEP 17000
WRITING COORDINATES TO RESTART FILE AT STEP 17000
FINISHED WRITING RESTART COORDINATES
WRITING VELOCITIES TO RESTART FILE AT STEP 17000
FINISHED WRITING RESTART VELOCITIES
PRESSURE: 18000 653.563 -411.147 288.84 -411.147 1492.21 -707.087 288.84 -707.087 914.723
GPRESSURE: 18000 566.796 -409.787 -294.128 -301.995 1155.09 65.958 -84.2076 -107.396 1396.7
PRESSAVG: 18000 296.883 -20.8539 178.574 -20.8539 -180.604 258.566 178.574 258.566 -143.679
GPRESSAVG: 18000 296.984 -19.1801 177.296 -20.9162 -182.474 258.387 175.226 257.154 -143.013
TIMING: 18000  CPU: 29.932, 0.001516/step  Wall: 30.0644, 0.00152092/step, 0.0092945 hours remaining, 2289.937500 MB of memory in use.
ENERGY:   18000      1114.3929       585.1411         0.0000         0.0000         -53508.3876      4829.5022         0.0000         0.0000      2284.7057         -44694.6458       207.6049    -46979.3514    -44673.7730       207.6343           1020.1662      1039.5312     37560.6423        -9.1331        -9.5012

WRITING EXTENDED SYSTEM TO RESTART FILE AT STEP 18000
WRITING COORDINATES TO DCD FILE production_200.dcd AT STEP 18000
WRITING COORDINATES TO RESTART FILE AT STEP 18000
FINISHED WRITING RESTART COORDINATES
WRITING VELOCITIES TO RESTART FILE AT STEP 18000
FINISHED WRITING RESTART VELOCITIES
PRESSURE: 19000 2373.4 -426.165 -1307.87 -426.165 951.181 -309.975 -1307.87 -309.975 1197.93
GPRESSURE: 19000 1141.07 -26.2985 -293.924 213.237 398.078 -99.6577 -316.403 -304.93 977.949
PRESSAVG: 19000 285.405 -68.2517 34.1785 -68.2517 -163.208 214.762 34.1785 214.762 -87.224
GPRESSAVG: 19000 282.412 -66.825 34.5431 -67.4887 -164.165 214.816 36.3517 214.233 -86.427
TIMING: 19000  CPU: 31.428, 0.001496/step  Wall: 31.5695, 0.00150513/step, 0.0087799 hours remaining, 2289.937500 MB of memory in use.
ENERGY:   19000      1043.6759       607.1679         0.0000         0.0000         -53398.6392      4772.2402         0.0000         0.0000      2291.1076         -44684.4476       208.1867    -46975.5552    -44660.9695       206.4559           1507.5015       839.0312     37492.9154        11.6574        10.6066

WRITING EXTENDED SYSTEM TO RESTART FILE AT STEP 19000
WRITING COORDINATES TO DCD FILE production_200.dcd AT STEP 19000
WRITING COORDINATES TO RESTART FILE AT STEP 19000
FINISHED WRITING RESTART COORDINATES
WRITING VELOCITIES TO RESTART FILE AT STEP 19000
FINISHED WRITING RESTART VELOCITIES
PRESSURE: 20000 -380.708 -998.918 246.009 -998.918 1117.42 443.87 246.009 443.87 -99.1549
GPRESSURE: 20000 -109.647 128.4 190.834 107.968 553.46 602.475 -167.712 214.872 -439.372
PRESSAVG: 20000 370.834 -57.6912 48.7512 -57.6912 -108.599 248.095 48.7512 248.095 -309.748
GPRESSAVG: 20000 373.854 -56.7423 49.1927 -55.7347 -110.309 246.732 49.1394 248.297 -310.261
TIMING: 20000  CPU: 32.936, 0.001508/step  Wall: 33.082, 0.00151248/step, 0.00840265 hours remaining, 2289.937500 MB of memory in use.
ETITLE:      TS           BOND          ANGLE          DIHED          IMPRP               ELECT            VDW       BOUNDARY           MISC        KINETIC               TOTAL           TEMP      POTENTIAL         TOTAL3        TEMPAVG            PRESSURE      GPRESSURE         VOLUME       PRESSAVG      GPRESSAVG

ENERGY:   20000      1051.1841       618.5120         0.0000         0.0000         -53365.3867      4671.1011         0.0000         0.0000      2261.5549         -44763.0347       205.5013    -47024.5896    -44740.9071       205.2409            212.5183         1.4803     37515.4557       -15.8380       -15.5716

WRITING EXTENDED SYSTEM TO RESTART FILE AT STEP 20000
WRITING COORDINATES TO DCD FILE production_200.dcd AT STEP 20000
WRITING COORDINATES TO RESTART FILE AT STEP 20000
FINISHED WRITING RESTART COORDINATES
WRITING VELOCITIES TO RESTART FILE AT STEP 20000
FINISHED WRITING RESTART VELOCITIES
LDB: ============= START OF LOAD BALANCING ============== 33.9277
LDB: ============== END OF LOAD BALANCING =============== 33.9278
Info: useSync: 0 useProxySync: 0
LDB: =============== DONE WITH MIGRATION ================ 33.9282
LDB: ============= START OF LOAD BALANCING ============== 34.0806
LDB: Largest compute 485 load 0.017374 is 14.3% of average load 0.121593
LDB: Average compute 0.005330 is 4.4% of average load 0.121593
LDB: TIME 34.0809 LOAD: AVG 0.121593 MAX 0.137412  PROXIES: TOTAL 63 MAXPE 5 MAXPATCH 7 None MEM: 2289.94 MB
LDB: TIME 34.0811 LOAD: AVG 0.121593 MAX 0.137412  PROXIES: TOTAL 102 MAXPE 5 MAXPATCH 13 RefineTorusLB MEM: 2289.94 MB
LDB: TIME 34.0829 LOAD: AVG 0.121593 MAX 0.130129  PROXIES: TOTAL 102 MAXPE 5 MAXPATCH 13 RefineTorusLB MEM: 2289.94 MB
LDB: ============== END OF LOAD BALANCING =============== 34.0835
Info: useSync: 0 useProxySync: 0
LDB: =============== DONE WITH MIGRATION ================ 34.0847
PRESSURE: 21000 -2029.16 -176.158 46.546 -176.158 -1594.56 1318.89 46.546 1318.89 -542.043
GPRESSURE: 21000 -957.916 -515.316 135.203 -615.972 -224.115 467.335 -2.39506 763.428 -648.187
PRESSAVG: 21000 283.921 36.7609 25.2426 36.7609 -106.187 345.341 25.2426 345.341 -115.249
GPRESSAVG: 21000 279.602 35.4314 26.1057 35.3547 -106.07 346.91 27.6313 344.921 -115.411
TIMING: 21000  CPU: 34.432, 0.001496/step  Wall: 34.585, 0.00150298/step, 0.00793238 hours remaining, 2289.937500 MB of memory in use.
ENERGY:   21000      1106.8471       568.0417         0.0000         0.0000         -53216.7870      4573.2048         0.0000         0.0000      2240.9984         -44727.6951       203.6334    -46968.6934    -44705.8734       203.6999          -1388.5879      -610.0725     37581.6961        20.8284        19.3733

WRITING EXTENDED SYSTEM TO RESTART FILE AT STEP 21000
WRITING COORDINATES TO DCD FILE production_200.dcd AT STEP 21000
WRITING COORDINATES TO RESTART FILE AT STEP 21000
FINISHED WRITING RESTART COORDINATES
WRITING VELOCITIES TO RESTART FILE AT STEP 21000
FINISHED WRITING RESTART VELOCITIES
PRESSURE: 22000 973.509 254.094 -477.661 254.094 301.991 1189.96 -477.661 1189.96 2171.33
GPRESSURE: 22000 373.996 -287.306 439.327 -289.602 223.168 527.284 287.079 765.265 1895.35
PRESSAVG: 22000 86.952 -33.0406 -13.2791 -33.0406 93.9458 489.817 -13.2791 489.817 -157.481
GPRESSAVG: 22000 86.9096 -34.4601 -13.7524 -37.1229 98.1641 486.908 -16.5412 490.797 -158.09
TIMING: 22000  CPU: 36.464, 0.002032/step  Wall: 36.6296, 0.00204463/step, 0.0102231 hours remaining, 2289.937500 MB of memory in use.
ENERGY:   22000      1048.3138       588.7226         0.0000         0.0000         -53389.4386      4753.9745         0.0000         0.0000      2270.4692         -44727.9586       206.3113    -46998.4278    -44706.3347       204.9177           1148.9441       830.8363     37304.2699         7.8057         8.9946

WRITING EXTENDED SYSTEM TO RESTART FILE AT STEP 22000
WRITING COORDINATES TO DCD FILE production_200.dcd AT STEP 22000
WRITING COORDINATES TO RESTART FILE AT STEP 22000
FINISHED WRITING RESTART COORDINATES
WRITING VELOCITIES TO RESTART FILE AT STEP 22000
FINISHED WRITING RESTART VELOCITIES
WRITING COORDINATES TO DCD FILE production_200.dcd AT STEP 23000
WRITING COORDINATES TO RESTART FILE AT STEP 23000
FINISHED WRITING RESTART COORDINATES
WRITING VELOCITIES TO RESTART FILE AT STEP 23000
FINISHED WRITING RESTART VELOCITIES
PRESSURE: 23000 1666.93 1536.77 -805.406 1536.77 -934.033 -257.146 -805.406 -257.146 -56.6912
GPRESSURE: 23000 491.58 259.912 -913.009 468.272 -236.705 283.987 -658.079 98.5958 335.343
PRESSAVG: 23000 -29.5364 66.777 -13.0026 66.777 133.205 291.473 -13.0026 291.473 -74.7868
GPRESSAVG: 23000 -28.6753 64.505 -10.0772 68.0361 129.661 297.199 -13.9261 288.89 -75.004
TIMING: 23000  CPU: 37.944, 0.00148/step  Wall: 38.1923, 0.00156269/step, 0.00737936 hours remaining, 2289.937500 MB of memory in use.
ENERGY:   23000      1068.0244       593.0085         0.0000         0.0000         -53369.2538      4710.7882         0.0000         0.0000      2220.5569         -44776.8759       201.7759    -46997.4328    -44756.4009       204.2812            225.4017       196.7396     37511.2150         9.6271         8.6604

WRITING EXTENDED SYSTEM TO RESTART FILE AT STEP 23000
WRITING COORDINATES TO DCD FILE production_200.dcd AT STEP 24000
WRITING COORDINATES TO RESTART FILE AT STEP 24000
FINISHED WRITING RESTART COORDINATES
WRITING VELOCITIES TO RESTART FILE AT STEP 24000
FINISHED WRITING RESTART VELOCITIES
PRESSURE: 24000 -2143.23 477.072 -598.277 477.072 1836.38 102.576 -598.277 102.576 -938.454
GPRESSURE: 24000 267.338 -31.6193 -714.63 252.51 1150.87 21.5347 -736.811 -48.9029 -118.608
PRESSAVG: 24000 -122.794 111.844 -90.8983 111.844 196.249 260.818 -90.8983 260.818 -33.4994
GPRESSAVG: 24000 -117.067 114.699 -92.3843 110.247 194.651 258.463 -93.6412 261.309 -32.6677
TIMING: 24000  CPU: 39.436, 0.001492/step  Wall: 39.6922, 0.00149992/step, 0.00666632 hours remaining, 2289.937500 MB of memory in use.
ENERGY:   24000      1107.6607       611.9132         0.0000         0.0000         -53491.2141      4742.9887         0.0000         0.0000      2230.5152         -44798.1362       202.6808    -47028.6514    -44778.0344       203.3230           -415.1007       433.1984     37426.5479        13.3188        14.9721

WRITING EXTENDED SYSTEM TO RESTART FILE AT STEP 24000
LDB: ============= START OF LOAD BALANCING ============== 40.526
LDB: ============== END OF LOAD BALANCING =============== 40.5261
Info: useSync: 0 useProxySync: 0
LDB: =============== DONE WITH MIGRATION ================ 40.5266
LDB: ============= START OF LOAD BALANCING ============== 40.6785
LDB: Largest compute 524 load 0.017463 is 14.3% of average load 0.121804
LDB: Average compute 0.005334 is 4.4% of average load 0.121804
LDB: TIME 40.6788 LOAD: AVG 0.121804 MAX 0.135091  PROXIES: TOTAL 63 MAXPE 5 MAXPATCH 7 None MEM: 2289.94 MB
LDB: TIME 40.6791 LOAD: AVG 0.121804 MAX 0.135091  PROXIES: TOTAL 102 MAXPE 5 MAXPATCH 13 RefineTorusLB MEM: 2289.94 MB
LDB: TIME 40.6793 LOAD: AVG 0.121804 MAX 0.130111  PROXIES: TOTAL 102 MAXPE 5 MAXPATCH 13 RefineTorusLB MEM: 2289.94 MB
LDB: ============== END OF LOAD BALANCING =============== 40.6797
Info: useSync: 0 useProxySync: 0
LDB: =============== DONE WITH MIGRATION ================ 40.6803
WRITING COORDINATES TO DCD FILE production_200.dcd AT STEP 25000
WRITING COORDINATES TO RESTART FILE AT STEP 25000
FINISHED WRITING RESTART COORDINATES
WRITING VELOCITIES TO RESTART FILE AT STEP 25000
FINISHED WRITING RESTART VELOCITIES
PRESSURE: 25000 177.618 -41.3305 309.677 -41.3305 -527.504 461.54 309.677 461.54 -345.839
GPRESSURE: 25000 544.573 8.37675 137.278 -350.518 525.896 522.035 -40.859 409.288 57.2539
PRESSAVG: 25000 -119.541 -98.6998 -2.90766 -98.6998 254.24 215.561 -2.90766 215.561 -90.0639
GPRESSAVG: 25000 -124.314 -97.6072 -2.37242 -95.3036 259.995 215.81 2.00444 219.637 -90.7153
TIMING: 25000  CPU: 40.924, 0.001488/step  Wall: 41.1871, 0.00149487/step, 0.00622861 hours remaining, 2289.937500 MB of memory in use.
ENERGY:   25000      1090.8194       606.6425         0.0000         0.0000         -53454.1144      4740.5683         0.0000         0.0000      2200.5630         -44815.5213       199.9591    -47016.0843    -44795.5516       201.6902           -231.9080       375.9075     37589.0369        14.8783        14.9885

WRITING EXTENDED SYSTEM TO RESTART FILE AT STEP 25000
PRESSURE: 26000 94.4864 317.4 -349.721 317.4 -36.1335 99.1929 -349.721 99.1929 1575.01
GPRESSURE: 26000 33.3265 448.096 11.2376 -95.0415 99.9369 482.019 -64.8972 28.1673 157.764
PRESSAVG: 26000 -66.376 -36.1175 -28.0339 -36.1175 132.516 266.887 -28.0339 266.887 -5.50535
GPRESSAVG: 26000 -66.1061 -36.4788 -28.8534 -38.9493 129.974 265.478 -30.712 265.752 -3.4239
TIMING: 26000  CPU: 42.412, 0.001488/step  Wall: 42.6782, 0.00149114/step, 0.00579889 hours remaining, 2289.937500 MB of memory in use.
ENERGY:   26000      1031.8363       627.3504         0.0000         0.0000         -53402.8628      4691.8453         0.0000         0.0000      2219.9087         -44831.9220       201.7170    -47051.8308    -44810.4318       201.5744            544.4536        97.0091     37449.4006        20.2117        20.1480

WRITING EXTENDED SYSTEM TO RESTART FILE AT STEP 26000
WRITING COORDINATES TO DCD FILE production_200.dcd AT STEP 26000
WRITING COORDINATES TO RESTART FILE AT STEP 26000
FINISHED WRITING RESTART COORDINATES
WRITING VELOCITIES TO RESTART FILE AT STEP 26000
FINISHED WRITING RESTART VELOCITIES
PRESSURE: 27000 -634.44 119.631 797.198 119.631 1600.5 572.274 797.198 572.274 -1306.62
GPRESSURE: 27000 -584.495 124.201 -163.389 -166.882 1207.8 180.364 -275.299 189.672 -394.646
PRESSAVG: 27000 -331.271 -259.97 34.9165 -259.97 301.071 91.3394 34.9165 91.3394 36.5128
GPRESSAVG: 27000 -329.219 -263.532 39.2024 -257.385 301.909 93.0168 35.3294 89.0746 36.8932
TIMING: 27000  CPU: 43.896, 0.001484/step  Wall: 44.1704, 0.0014922/step, 0.0053885 hours remaining, 2289.937500 MB of memory in use.
ENERGY:   27000      1052.7561       603.3358         0.0000         0.0000         -53394.3494      4690.2812         0.0000         0.0000      2235.1646         -44812.8118       203.1033    -47047.9763    -44789.7941       202.2024           -113.5192        76.2192     37402.0517         2.1044         3.1944

WRITING EXTENDED SYSTEM TO RESTART FILE AT STEP 27000
WRITING COORDINATES TO DCD FILE production_200.dcd AT STEP 27000
WRITING COORDINATES TO RESTART FILE AT STEP 27000
FINISHED WRITING RESTART COORDINATES
WRITING VELOCITIES TO RESTART FILE AT STEP 27000
FINISHED WRITING RESTART VELOCITIES
WRITING COORDINATES TO DCD FILE production_200.dcd AT STEP 28000
WRITING COORDINATES TO RESTART FILE AT STEP 28000
FINISHED WRITING RESTART COORDINATES
PRESSURE: 28000 -352.042 174.352 -789.174 174.352 105.38 761.668 -789.174 761.668 1587.18
GPRESSURE: 28000 -1121.03 -86.8399 -456.727 45.1174 274.645 272.679 -201.246 409.541 500.161
PRESSAVG: 28000 -471.287 -44.1739 58.5531 -44.1739 442.407 105.878 58.5531 105.878 7.21919
GPRESSAVG: 28000 -472.696 -45.0232 54.4622 -45.3096 442.155 108.18 58.2007 107.426 7.90746
TIMING: 28000  CPU: 45.408, 0.001512/step  Wall: 45.6897, 0.00151932/step, 0.00506439 hours remaining, 2289.937500 MB of memory in use.
ENERGY:   28000      1062.3342       611.6189         0.0000         0.0000         -53360.1973      4665.6625         0.0000         0.0000      2219.6262         -44800.9555       201.6914    -47020.5817    -44782.1591       202.1078            446.8386      -115.4079     37508.5771        -7.2204        -7.5442

WRITING EXTENDED SYSTEM TO RESTART FILE AT STEP 28000
WRITING VELOCITIES TO RESTART FILE AT STEP 28000
FINISHED WRITING RESTART VELOCITIES
LDB: ============= START OF LOAD BALANCING ============== 46.5363
LDB: ============== END OF LOAD BALANCING =============== 46.5365
Info: useSync: 0 useProxySync: 0
LDB: =============== DONE WITH MIGRATION ================ 46.5369
LDB: ============= START OF LOAD BALANCING ============== 46.6904
LDB: Largest compute 485 load 0.019007 is 15.5% of average load 0.122455
LDB: Average compute 0.005372 is 4.4% of average load 0.122455
LDB: TIME 46.6908 LOAD: AVG 0.122455 MAX 0.139471  PROXIES: TOTAL 63 MAXPE 5 MAXPATCH 7 None MEM: 2289.94 MB
LDB: TIME 46.691 LOAD: AVG 0.122455 MAX 0.139471  PROXIES: TOTAL 102 MAXPE 5 MAXPATCH 13 RefineTorusLB MEM: 2289.94 MB
LDB: TIME 46.6913 LOAD: AVG 0.122455 MAX 0.130305  PROXIES: TOTAL 102 MAXPE 5 MAXPATCH 13 RefineTorusLB MEM: 2289.94 MB
LDB: ============== END OF LOAD BALANCING =============== 46.6917
Info: useSync: 0 useProxySync: 0
LDB: =============== DONE WITH MIGRATION ================ 46.6923
WRITING COORDINATES TO DCD FILE production_200.dcd AT STEP 29000
WRITING COORDINATES TO RESTART FILE AT STEP 29000
FINISHED WRITING RESTART COORDINATES
WRITING VELOCITIES TO RESTART FILE AT STEP 29000
FINISHED WRITING RESTART VELOCITIES
PRESSURE: 29000 -1360.6 -283.646 717.158 -283.646 312.146 -251.84 717.158 -251.84 -705.948
GPRESSURE: 29000 -383.883 -410.203 653.065 -355.931 53.0558 211.002 637.512 376.744 -93.0769
PRESSAVG: 29000 -258.311 -131.613 186.515 -131.613 245.028 174.908 186.515 174.908 69.1503
GPRESSAVG: 29000 -259.607 -126.465 184.126 -131.576 247.145 170.357 186.803 174.677 65.9371
TIMING: 29000  CPU: 46.908, 0.0015/step  Wall: 47.1998, 0.00151009/step, 0.00461415 hours remaining, 2289.937500 MB of memory in use.
ENERGY:   29000      1062.6974       613.9737         0.0000         0.0000         -53336.3580      4640.4871         0.0000         0.0000      2233.0231         -44786.1767       202.9087    -47019.1998    -44766.6455       202.4898           -584.8013      -141.3013     37271.3699        18.6225        17.8250

WRITING EXTENDED SYSTEM TO RESTART FILE AT STEP 29000
PRESSURE: 30000 28.9756 -135.57 122.242 -135.57 1166.42 627.414 122.242 627.414 -875.392
GPRESSURE: 30000 285.986 -112.141 48.2498 -245.203 635.529 306.161 -278.306 374.182 -169.777
PRESSAVG: 30000 -359.045 30.78 347.161 30.78 117.424 -14.2119 347.161 -14.2119 319.537
GPRESSAVG: 30000 -359.107 28.9537 350.108 30.6954 114.281 -13.2824 341.887 -11.5691 320.297
TIMING: 30000  CPU: 48.384, 0.001476/step  Wall: 48.6802, 0.00148033/step, 0.00411203 hours remaining, 2289.937500 MB of memory in use.
ETITLE:      TS           BOND          ANGLE          DIHED          IMPRP               ELECT            VDW       BOUNDARY           MISC        KINETIC               TOTAL           TEMP      POTENTIAL         TOTAL3        TEMPAVG            PRESSURE      GPRESSURE         VOLUME       PRESSAVG      GPRESSAVG

ENERGY:   30000      1061.3547       612.7660         0.0000         0.0000         -53411.4701      4706.1347         0.0000         0.0000      2212.6067         -44818.6081       201.0535    -47031.2148    -44798.5139       202.9116            106.6674       250.5794     37580.8039        25.9722        25.1568

WRITING EXTENDED SYSTEM TO RESTART FILE AT STEP 30000
WRITING COORDINATES TO DCD FILE production_200.dcd AT STEP 30000
WRITING COORDINATES TO RESTART FILE AT STEP 30000
FINISHED WRITING RESTART COORDINATES
WRITING VELOCITIES TO RESTART FILE AT STEP 30000
FINISHED WRITING RESTART VELOCITIES
WRITING COORDINATES TO DCD FILE production_200.dcd AT STEP 31000
WRITING COORDINATES TO RESTART FILE AT STEP 31000
FINISHED WRITING RESTART COORDINATES
WRITING VELOCITIES TO RESTART FILE AT STEP 31000
FINISHED WRITING RESTART VELOCITIES
PRESSURE: 31000 -555.235 -379.962 763.754 -379.962 -260.612 974.395 763.754 974.395 1606.15
GPRESSURE: 31000 43.7083 -610.317 562.446 -574.975 332.221 429.097 557.416 593.527 1221.31
PRESSAVG: 31000 -346.424 -55.7943 72.3486 -55.7943 265.621 110.384 72.3486 110.384 151.55
GPRESSAVG: 31000 -347.426 -57.1239 70.092 -54.7364 267.04 108.973 76.1884 108.475 153.659
TIMING: 31000  CPU: 49.868, 0.001484/step  Wall: 50.1738, 0.00149367/step, 0.00373417 hours remaining, 2289.937500 MB of memory in use.
ENERGY:   31000      1070.3726       587.5325         0.0000         0.0000         -53491.7981      4762.8796         0.0000         0.0000      2231.7801         -44839.2333       202.7957    -47071.0134    -44818.9050       202.2438            263.4328       532.4142     37431.5797        23.5824        24.4244

WRITING EXTENDED SYSTEM TO RESTART FILE AT STEP 31000
PRESSURE: 32000 -708.606 -224.687 -980.79 -224.687 -331.776 221.376 -980.79 221.376 -246.184
GPRESSURE: 32000 -1086.65 428.291 -159.112 28.3556 -0.537247 116.813 21.4906 322.182 -187.034
PRESSAVG: 32000 -458.843 145.976 55.7952 145.976 134.57 117.678 55.7952 117.678 242.142
GPRESSAVG: 32000 -458.519 147.222 58.4172 141.813 133.609 118.859 53.9653 116.326 243.462
TIMING: 32000  CPU: 51.532, 0.001664/step  Wall: 51.8388, 0.00166502/step, 0.00370004 hours remaining, 2289.937500 MB of memory in use.
ENERGY:   32000      1047.7885       600.1894         0.0000         0.0000         -53444.3109      4645.3118         0.0000         0.0000      2205.2847         -44945.7365       200.3882    -47151.0212    -44924.4446       199.6074           -428.8551      -424.7388     37484.2600       -27.3771       -27.1492

WRITING EXTENDED SYSTEM TO RESTART FILE AT STEP 32000
WRITING COORDINATES TO DCD FILE production_200.dcd AT STEP 32000
WRITING COORDINATES TO RESTART FILE AT STEP 32000
FINISHED WRITING RESTART COORDINATES
WRITING VELOCITIES TO RESTART FILE AT STEP 32000
FINISHED WRITING RESTART VELOCITIES
LDB: ============= START OF LOAD BALANCING ============== 52.6689
LDB: ============== END OF LOAD BALANCING =============== 52.669
Info: useSync: 0 useProxySync: 0
LDB: =============== DONE WITH MIGRATION ================ 52.6695
LDB: ============= START OF LOAD BALANCING ============== 52.8891
LDB: Largest compute 441 load 0.025368 is 19.8% of average load 0.128007
LDB: Average compute 0.005606 is 4.4% of average load 0.128007
LDB: TIME 52.8902 LOAD: AVG 0.128007 MAX 0.213008  PROXIES: TOTAL 63 MAXPE 5 MAXPATCH 7 None MEM: 2289.94 MB
LDB: TIME 52.8907 LOAD: AVG 0.128007 MAX 0.213008  PROXIES: TOTAL 102 MAXPE 5 MAXPATCH 13 RefineTorusLB MEM: 2289.94 MB
LDB: TIME 52.8914 LOAD: AVG 0.128007 MAX 0.136331  PROXIES: TOTAL 105 MAXPE 5 MAXPATCH 14 RefineTorusLB MEM: 2289.94 MB
LDB: ============== END OF LOAD BALANCING =============== 52.8919
Info: useSync: 0 useProxySync: 0
LDB: =============== DONE WITH MIGRATION ================ 52.8927
PRESSURE: 33000 -967.802 695.858 -1149.54 695.858 1760.45 -378.572 -1149.54 -378.572 1574.03
GPRESSURE: 33000 -813.85 505.439 -426.711 271.816 1242.54 182.899 -485.193 -31.7908 236.273
PRESSAVG: 33000 -242.563 176.426 23.0185 176.426 164.869 95.6861 23.0185 95.6861 124.322
GPRESSAVG: 33000 -242.173 176.442 24.6205 179.195 164.172 96.3383 26.9413 97.4116 119.44
TIMING: 33000  CPU: 53.136, 0.001604/step  Wall: 53.4542, 0.0016154/step, 0.00314106 hours remaining, 2289.937500 MB of memory in use.
ENERGY:   33000      1041.3915       656.1590         0.0000         0.0000         -53496.5279      4727.0947         0.0000         0.0000      2153.6443         -44918.2385       195.6958    -47071.8827    -44898.8884       198.2371            788.8909       221.6528     37271.8852        15.5430        13.8131

WRITING EXTENDED SYSTEM TO RESTART FILE AT STEP 33000
WRITING COORDINATES TO DCD FILE production_200.dcd AT STEP 33000
WRITING COORDINATES TO RESTART FILE AT STEP 33000
FINISHED WRITING RESTART COORDINATES
WRITING VELOCITIES TO RESTART FILE AT STEP 33000
FINISHED WRITING RESTART VELOCITIES
PRESSURE: 34000 661.48 203.488 -867.925 203.488 -620.935 1219.5 -867.925 1219.5 853.251
GPRESSURE: 34000 120.956 40.9308 -221.076 429.493 -26.2379 365.416 -195.916 291.871 256.713
PRESSAVG: 34000 -168.093 109.614 -63.0421 109.614 163.578 238.708 -63.0421 238.708 100.261
GPRESSAVG: 34000 -167.344 111.765 -67.6591 114.331 165.495 238.502 -64.569 235.793 105.019
TIMING: 34000  CPU: 55.176, 0.00204/step  Wall: 55.4984, 0.00204419/step, 0.00340698 hours remaining, 2289.937500 MB of memory in use.
ENERGY:   34000      1048.3711       599.0179         0.0000         0.0000         -53518.3290      4717.2224         0.0000         0.0000      2196.1638         -44957.5538       199.5594    -47153.7176    -44938.1489       198.6029            297.9322       117.1439     37364.9532        31.9150        34.3898

WRITING EXTENDED SYSTEM TO RESTART FILE AT STEP 34000
WRITING COORDINATES TO DCD FILE production_200.dcd AT STEP 34000
WRITING COORDINATES TO RESTART FILE AT STEP 34000
FINISHED WRITING RESTART COORDINATES
WRITING VELOCITIES TO RESTART FILE AT STEP 34000
FINISHED WRITING RESTART VELOCITIES
PRESSURE: 35000 512.61 206.471 904.687 206.471 -834.919 -364.73 904.687 -364.73 -128.709
GPRESSURE: 35000 -378.349 459.693 -49.1881 702.947 -19.1089 -324.498 301.051 -378.913 -395.5
PRESSAVG: 35000 -247.388 51.4883 57.3543 51.4883 24.9741 151.054 57.3543 151.054 176.299
GPRESSAVG: 35000 -248.708 50.9572 57.756 49.1547 26.6576 152.164 57.118 151.967 173.642
TIMING: 35000  CPU: 56.876, 0.0017/step  Wall: 57.2087, 0.00171023/step, 0.00237532 hours remaining, 2289.937500 MB of memory in use.
ENERGY:   35000      1037.5089       591.4633         0.0000         0.0000         -53415.8847      4645.1001         0.0000         0.0000      2181.2688         -44960.5436       198.2059    -47141.8124    -44940.8422       197.1556           -150.3393      -264.3194     37371.5075       -15.3715       -16.1363

WRITING EXTENDED SYSTEM TO RESTART FILE AT STEP 35000
WRITING COORDINATES TO DCD FILE production_200.dcd AT STEP 35000
WRITING COORDINATES TO RESTART FILE AT STEP 35000
FINISHED WRITING RESTART COORDINATES
WRITING VELOCITIES TO RESTART FILE AT STEP 35000
FINISHED WRITING RESTART VELOCITIES
PRESSURE: 36000 -1207.45 346.71 -39.7794 346.71 532.207 -842.746 -39.7794 -842.746 166.457
GPRESSURE: 36000 -475.446 267.136 156.521 345.471 22.481 -120.108 -19.1136 -122.877 299.215
PRESSAVG: 36000 -321.112 88.3713 147.635 88.3713 62.9555 129.283 147.635 129.283 253.523
GPRESSAVG: 36000 -320.036 87.468 146.126 85.7608 59.799 131.403 147.441 130.773 254.385
TIMING: 36000  CPU: 58.488, 0.001612/step  Wall: 58.8262, 0.00161754/step, 0.00179727 hours remaining, 2289.937500 MB of memory in use.
ENERGY:   36000      1065.0484       593.6211         0.0000         0.0000         -53441.9222      4663.0680         0.0000         0.0000      2197.1676         -44923.0171       199.6506    -47120.1846    -44904.7034       197.5759           -169.5963       -51.2501     37192.8073        -1.5443        -1.9508

WRITING EXTENDED SYSTEM TO RESTART FILE AT STEP 36000
WRITING COORDINATES TO DCD FILE production_200.dcd AT STEP 36000
WRITING COORDINATES TO RESTART FILE AT STEP 36000
FINISHED WRITING RESTART COORDINATES
WRITING VELOCITIES TO RESTART FILE AT STEP 36000
FINISHED WRITING RESTART VELOCITIES
LDB: ============= START OF LOAD BALANCING ============== 59.6825
LDB: ============== END OF LOAD BALANCING =============== 59.6826
Info: useSync: 0 useProxySync: 0
LDB: =============== DONE WITH MIGRATION ================ 59.6833
LDB: ============= START OF LOAD BALANCING ============== 59.8415
LDB: Largest compute 463 load 0.017635 is 14.3% of average load 0.123123
LDB: Average compute 0.005390 is 4.4% of average load 0.123123
LDB: TIME 59.8419 LOAD: AVG 0.123123 MAX 0.139864  PROXIES: TOTAL 63 MAXPE 5 MAXPATCH 7 None MEM: 2289.94 MB
LDB: TIME 59.8422 LOAD: AVG 0.123123 MAX 0.139864  PROXIES: TOTAL 105 MAXPE 5 MAXPATCH 14 RefineTorusLB MEM: 2289.94 MB
LDB: TIME 59.8428 LOAD: AVG 0.123123 MAX 0.13138  PROXIES: TOTAL 101 MAXPE 5 MAXPATCH 13 RefineTorusLB MEM: 2289.94 MB
LDB: ============== END OF LOAD BALANCING =============== 59.8432
Info: useSync: 0 useProxySync: 0
LDB: =============== DONE WITH MIGRATION ================ 59.8439
PRESSURE: 37000 373.806 -9.8762 355.835 -9.8762 -126.801 -584.963 355.835 -584.963 -353.284
GPRESSURE: 37000 -223.285 -36.2903 -121.082 169.278 1002.15 -459.431 -298.588 -332.954 -391.354
PRESSAVG: 37000 -416.376 175.59 59.3592 175.59 343.645 -49.8535 59.3592 -49.8535 62.8414
GPRESSAVG: 37000 -415.61 174.482 59.2079 179.13 345.887 -56.2732 62.7596 -45.8932 63.5062
TIMING: 37000  CPU: 60.028, 0.00154/step  Wall: 60.3753, 0.00154911/step, 0.00129092 hours remaining, 2289.937500 MB of memory in use.
ENERGY:   37000      1035.2969       617.8357         0.0000         0.0000         -53509.8721      4706.6154         0.0000         0.0000      2184.4422         -44965.6818       198.4943    -47150.1241    -44944.8163       197.6376            -35.4265       129.1721     37385.5779        -3.2967        -2.0721

WRITING EXTENDED SYSTEM TO RESTART FILE AT STEP 37000
WRITING COORDINATES TO DCD FILE production_200.dcd AT STEP 37000
WRITING COORDINATES TO RESTART FILE AT STEP 37000
FINISHED WRITING RESTART COORDINATES
WRITING VELOCITIES TO RESTART FILE AT STEP 37000
FINISHED WRITING RESTART VELOCITIES
PRESSURE: 38000 -320.94 -131.026 -145.569 -131.026 846.733 673.384 -145.569 673.384 -586.588
GPRESSURE: 38000 661.308 -130.742 49.0674 -549.821 777.486 563.452 225.299 436.282 -4.94636
PRESSAVG: 38000 -278.504 103.038 -23.0563 103.038 234.109 14.5907 -23.0563 14.5907 21.3099
GPRESSAVG: 38000 -278.786 103.047 -22.0884 101.557 236.943 19.6893 -27.403 12.0324 21.7814
TIMING: 38000  CPU: 61.532, 0.001504/step  Wall: 61.8861, 0.0015108/step, 0.000839334 hours remaining, 2289.937500 MB of memory in use.
ENERGY:   38000      1075.4157       583.1724         0.0000         0.0000         -53516.3292      4733.2873         0.0000         0.0000      2175.8699         -44948.5839       197.7153    -47124.4538    -44930.8912       197.5475            -20.2651       477.9492     37197.1991        -7.6950        -6.6872

WRITING EXTENDED SYSTEM TO RESTART FILE AT STEP 38000
WRITING COORDINATES TO DCD FILE production_200.dcd AT STEP 38000
WRITING COORDINATES TO RESTART FILE AT STEP 38000
FINISHED WRITING RESTART COORDINATES
WRITING VELOCITIES TO RESTART FILE AT STEP 38000
FINISHED WRITING RESTART VELOCITIES
PRESSURE: 39000 -1638.18 -559.533 35.9613 -559.533 1235.81 82.3335 35.9613 82.3335 1438.72
GPRESSURE: 39000 -731.813 -144.575 30.8219 -271.691 342.864 -268.905 457.752 -39.5753 369.784
PRESSAVG: 39000 -218.671 7.8865 12.9357 7.8865 91.1306 81.8229 12.9357 81.8229 78.2559
GPRESSAVG: 39000 -215.638 9.25645 13.5874 6.98486 90.2746 77.2569 19.1547 83.281 77.7019
TIMING: 39000  CPU: 63.052, 0.00152/step  Wall: 63.4102, 0.00152406/step, 0.000423349 hours remaining, 2289.937500 MB of memory in use.
ENERGY:   39000      1026.6161       552.9384         0.0000         0.0000         -53338.8319      4664.8022         0.0000         0.0000      2169.9518         -44924.5234       197.1776    -47094.4752    -44905.3576       198.1496            345.4499        -6.3884     37312.3459       -16.4282       -15.8871

WRITING EXTENDED SYSTEM TO RESTART FILE AT STEP 39000
WRITING COORDINATES TO DCD FILE production_200.dcd AT STEP 39000
WRITING COORDINATES TO RESTART FILE AT STEP 39000
FINISHED WRITING RESTART COORDINATES
WRITING VELOCITIES TO RESTART FILE AT STEP 39000
FINISHED WRITING RESTART VELOCITIES
PRESSURE: 40000 521.385 -784.162 158.491 -784.162 -1166.97 138.038 158.491 138.038 -85.2848
GPRESSURE: 40000 304.656 -483.748 -513.101 -615.938 75.0387 -572.903 185.606 -418.023 403.494
PRESSAVG: 40000 -353.27 -82.5734 -10.5573 -82.5734 150.749 102.832 -10.5573 102.832 255.064
GPRESSAVG: 40000 -357.342 -83.5808 -11.8083 -80.9746 148.679 107.423 -11.6833 102.242 254.986
TIMING: 40000  CPU: 64.568, 0.001516/step  Wall: 64.9367, 0.00152653/step, 0 hours remaining, 2289.937500 MB of memory in use.
ETITLE:      TS           BOND          ANGLE          DIHED          IMPRP               ELECT            VDW       BOUNDARY           MISC        KINETIC               TOTAL           TEMP      POTENTIAL         TOTAL3        TEMPAVG            PRESSURE      GPRESSURE         VOLUME       PRESSAVG      GPRESSAVG

ENERGY:   40000      1053.8064       593.6176         0.0000         0.0000         -53447.5993      4703.5122         0.0000         0.0000      2171.2873         -44925.3757       197.2989    -47096.6630    -44905.5686       200.3745           -243.6233       261.0631     37270.1274        17.5142        15.4410

WRITING EXTENDED SYSTEM TO RESTART FILE AT STEP 40000
WRITING COORDINATES TO DCD FILE production_200.dcd AT STEP 40000
WRITING COORDINATES TO RESTART FILE AT STEP 40000
FINISHED WRITING RESTART COORDINATES
WRITING VELOCITIES TO RESTART FILE AT STEP 40000
FINISHED WRITING RESTART VELOCITIES
WRITING COORDINATES TO OUTPUT FILE AT STEP 40000
CLOSING COORDINATE DCD FILE production_200.dcd
WRITING EXTENDED SYSTEM TO OUTPUT FILE AT STEP 40000
CLOSING EXTENDED SYSTEM TRAJECTORY FILE
WRITING VELOCITIES TO OUTPUT FILE AT STEP 40000
====================================================

WallClock: 65.380592  CPUTime: 64.660004  Memory: 2289.937500 MB
[Partition 0][Node 0] End of program
