Charm++: standalone mode (not using charmrun)
Charm++> Running in Multicore mode:  32 threads
Charm++> Using recursive bisection (scheme 3) for topology aware partitions
Converse/Charm++ Commit ID: v6.7.1-0-gbdf6a1b-namd-charm-6.7.1-build-2016-Nov-07-136676
CharmLB> Load balancer assumes all CPUs are same.
Charm++> Running on 1 unique compute nodes (64-way SMP).
Charm++> cpu topology info is gathered in 0.002 seconds.
Info: NAMD 2.12 for Linux-x86_64-multicore
Info: 
Info: Please visit http://www.ks.uiuc.edu/Research/namd/
Info: for updates, documentation, and support information.
Info: 
Info: Please cite Phillips et al., J. Comp. Chem. 26:1781-1802 (2005)
Info: in all publications reporting results obtained with NAMD.
Info: 
Info: Based on Charm++/Converse 60701 for multicore-linux64-iccstatic
Info: Built Wed Dec 21 11:36:52 CST 2016 by jim on harare.ks.uiuc.edu
Info: 1 NAMD  2.12  Linux-x86_64-multicore  32    nid01644  papajim
Info: Running on 32 processors, 1 nodes, 1 physical nodes.
Info: CPU topology information available.
Info: Charm++/Converse parallel runtime startup completed at 0.0372102 s
CkLoopLib is used in SMP with a simple dynamic scheduling (converse-level notification) but not using node-level queue
Info: 2273.31 MB of memory in use based on /proc/self/stat
Info: Configuration file is equilibrate_200.conf
Info: Working in the current directory /global/cscratch1/sd/papajim/georgepap/pegasus/namd_wf/run0001
TCL: Suspending until startup complete.
Info: EXTENDED SYSTEM FILE   init.xsc
Info: SIMULATION PARAMETERS:
Info: TIMESTEP               1
Info: NUMBER OF STEPS        0
Info: STEPS PER CYCLE        20
Info: PERIODIC CELL BASIS 1  33.748 0 0
Info: PERIODIC CELL BASIS 2  0 33.748 0
Info: PERIODIC CELL BASIS 3  0 0 33.748
Info: PERIODIC CELL CENTER   0 0 0
Info: WRAPPING WATERS AROUND PERIODIC BOUNDARIES ON OUTPUT.
Info: WRAPPING ALL CLUSTERS AROUND PERIODIC BOUNDARIES ON OUTPUT.
Info: LOAD BALANCER  Centralized
Info: LOAD BALANCING STRATEGY  New Load Balancers -- DEFAULT
Info: LDB PERIOD             4000 steps
Info: FIRST LDB TIMESTEP     100
Info: LAST LDB TIMESTEP     -1
Info: LDB BACKGROUND SCALING 1
Info: HOM BACKGROUND SCALING 1
Info: PME BACKGROUND SCALING 1
Info: MIN ATOMS PER PATCH    40
Info: INITIAL TEMPERATURE    200
Info: CENTER OF MASS MOVING INITIALLY? NO
Info: DIELECTRIC             1
Info: EXCLUDE                SCALED ONE-FOUR
Info: 1-4 ELECTROSTATICS SCALED BY 1
Info: MODIFIED 1-4 VDW PARAMETERS WILL BE USED
Info: DCD FILENAME           equilibrate_200.dcd
Info: DCD FREQUENCY          5000
Info: DCD FIRST STEP         5000
Info: DCD FILE WILL CONTAIN UNIT CELL DATA
Info: XST FILENAME           equilibrate_200.xst
Info: XST FREQUENCY          5000
Info: NO VELOCITY DCD OUTPUT
Info: NO FORCE DCD OUTPUT
Info: OUTPUT FILENAME        equilibrate_200
Info: BINARY OUTPUT FILES WILL BE USED
Info: RESTART FILENAME       equilibrate_200.restart
Info: RESTART FREQUENCY      5000
Info: BINARY RESTART FILES WILL BE USED
Info: SWITCHING ACTIVE
Info: SWITCHING ON           10
Info: SWITCHING OFF          12
Info: PAIRLIST DISTANCE      14
Info: PAIRLIST SHRINK RATE   0.01
Info: PAIRLIST GROW RATE     0.01
Info: PAIRLIST TRIGGER       0.3
Info: PAIRLISTS PER CYCLE    2
Info: PAIRLISTS ENABLED
Info: MARGIN                 0.495
Info: HYDROGEN GROUP CUTOFF  2.5
Info: PATCH DIMENSION        16.995
Info: ENERGY OUTPUT STEPS    5000
Info: CROSSTERM ENERGY INCLUDED IN DIHEDRAL
Info: TIMING OUTPUT STEPS    5000
Info: PRESSURE OUTPUT STEPS  5000
Info: LANGEVIN DYNAMICS ACTIVE
Info: LANGEVIN TEMPERATURE   200
Info: LANGEVIN USING BBK INTEGRATOR
Info: LANGEVIN DAMPING COEFFICIENT IS 1 INVERSE PS
Info: LANGEVIN DYNAMICS NOT APPLIED TO HYDROGENS
Info: LANGEVIN PISTON PRESSURE CONTROL ACTIVE
Info:        TARGET PRESSURE IS 1.01325 BAR
Info:     OSCILLATION PERIOD IS 100 FS
Info:             DECAY TIME IS 50 FS
Info:     PISTON TEMPERATURE IS 200 K
Info:       PRESSURE CONTROL IS ATOM-BASED
Info:    INITIAL STRAIN RATE IS 2.90287e-05 2.90287e-05 2.90287e-05
Info:       CELL FLUCTUATION IS ISOTROPIC
Info: PARTICLE MESH EWALD (PME) ACTIVE
Info: PME TOLERANCE               1e-06
Info: PME EWALD COEFFICIENT       0.257952
Info: PME INTERPOLATION ORDER     6
Info: PME GRID DIMENSIONS         40 40 40
Info: PME MAXIMUM GRID SPACING    1
Info: Attempting to read FFTW data from FFTW_NAMD_2.12_Linux-x86_64-multicore.txt
Info: Optimizing 6 FFT steps.  1... 2... 3... 4... 5... 6...   Done.
Info: Writing FFTW data to FFTW_NAMD_2.12_Linux-x86_64-multicore.txt
Info: FULL ELECTROSTATIC EVALUATION FREQUENCY      1
Info: USING VERLET I (r-RESPA) MTS SCHEME.
Info: C1 SPLITTING OF LONG RANGE ELECTROSTATICS
Info: PLACING ATOMS IN PATCHES BY HYDROGEN GROUPS
Info: RANDOM NUMBER SEED     1548384152
Info: USE HYDROGEN BONDS?    NO
Info: COORDINATE PDB         crd.md18_vmd_autopsf.pdb
Info: STRUCTURE FILE         Q42.psf
Info: PARAMETER file: CHARMM format! 
Info: PARAMETERS             par_all27_prot_lipid.inp
Info: USING ARITHMETIC MEAN TO COMBINE L-J SIGMA PARAMETERS
Info: SUMMARY OF PARAMETERS:
Info: 180 BONDS
Info: 447 ANGLES
Info: 566 DIHEDRAL
Info: 46 IMPROPER
Info: 6 CROSSTERM
Info: 120 VDW
Info: 0 VDW_PAIRS
Info: 0 NBTHOLE_PAIRS
Info: TIME FOR READING PSF FILE: 0.03581
Info: Reading pdb file crd.md18_vmd_autopsf.pdb
Info: TIME FOR READING PDB FILE: 0.0262029
Info: 
Info: ****************************
Info: STRUCTURE SUMMARY:
Info: 3692 ATOMS
Info: 2256 BONDS
Info: 1128 ANGLES
Info: 0 DIHEDRALS
Info: 0 IMPROPERS
Info: 0 CROSSTERMS
Info: 0 EXCLUSIONS
Info: 11076 DEGREES OF FREEDOM
Info: 1436 HYDROGEN GROUPS
Info: 3 ATOMS IN LARGEST HYDROGEN GROUP
Info: 1436 MIGRATION GROUPS
Info: 3 ATOMS IN LARGEST MIGRATION GROUP
Info: TOTAL MASS = 26849.6 amu
Info: TOTAL CHARGE = 0 e
Info: MASS DENSITY = 1.15999 g/cm^3
Info: ATOM DENSITY = 0.0960545 atoms/A^3
Info: *****************************
Info: 
Info: Entering startup at 14.7762 s, 2289.97 MB of memory in use
Info: Startup phase 0 took 0.000192165 s, 2289.97 MB of memory in use
Info: ADDED 3384 IMPLICIT EXCLUSIONS
Info: Startup phase 1 took 0.00145102 s, 2289.97 MB of memory in use
Info: NONBONDED TABLE R-SQUARED SPACING: 0.0625
Info: NONBONDED TABLE SIZE: 769 POINTS
Info: INCONSISTENCY IN FAST TABLE ENERGY VS FORCE: 0.000325096 AT 11.9556
Info: INCONSISTENCY IN SCOR TABLE ENERGY VS FORCE: 0.000324844 AT 11.9556
Info: ABSOLUTE IMPRECISION IN VDWA TABLE ENERGY: 4.59334e-32 AT 11.9974
Info: RELATIVE IMPRECISION IN VDWA TABLE ENERGY: 7.4108e-17 AT 11.9974
Info: INCONSISTENCY IN VDWA TABLE ENERGY VS FORCE: 0.0040507 AT 0.251946
Info: ABSOLUTE IMPRECISION IN VDWB TABLE ENERGY: 1.53481e-26 AT 11.9974
Info: RELATIVE IMPRECISION IN VDWB TABLE ENERGY: 7.96691e-18 AT 11.9974
Info: INCONSISTENCY IN VDWB TABLE ENERGY VS FORCE: 0.00150189 AT 0.251946
Info: Startup phase 2 took 0.00207591 s, 2289.97 MB of memory in use
Info: Startup phase 3 took 0.000149965 s, 2289.97 MB of memory in use
Info: Startup phase 4 took 0.039639 s, 2289.97 MB of memory in use
Info: Startup phase 5 took 0.000224113 s, 2289.97 MB of memory in use
Info: PATCH GRID IS 3 (PERIODIC) BY 3 (PERIODIC) BY 1 (PERIODIC)
Info: PATCH GRID IS 2-AWAY BY 2-AWAY BY 1-AWAY
Info: REMOVING COM VELOCITY -0.120234 0.0837221 0.00171314
Info: LARGEST PATCH (4) HAS 453 ATOMS
Info: TORUS A SIZE 32 USING 0
Info: TORUS B SIZE 1 USING 0
Info: TORUS C SIZE 1 USING 0
Info: TORUS MINIMAL MESH SIZE IS 1 BY 1 BY 1
Info: Placed 100% of base nodes on same physical node as patch
Info: Startup phase 6 took 0.00214791 s, 2289.97 MB of memory in use
Info: PME using 20 and 20 processors for FFT and reciprocal sum.
Info: PME GRID LOCATIONS: 1 3 5 6 7 9 11 13 14 15 ...
Info: PME TRANS LOCATIONS: 1 2 4 5 6 8 9 10 12 14 ...
Info: PME USING 1 GRID NODES AND 1 TRANS NODES
Info: Startup phase 7 took 0.00982809 s, 2289.97 MB of memory in use
Info: Startup phase 8 took 0.000322819 s, 2289.97 MB of memory in use
LDB: Central LB being created...
Info: Startup phase 9 took 0.000445127 s, 2289.97 MB of memory in use
Info: CREATING 441 COMPUTE OBJECTS
Info: useSync: 0 useProxySync: 0
Info: Startup phase 10 took 0.00262809 s, 2289.97 MB of memory in use
Info: Startup phase 11 took 0.000222921 s, 2289.97 MB of memory in use
Info: Startup phase 12 took 0.000132084 s, 2289.97 MB of memory in use
Info: Finished startup at 14.8357 s, 2289.97 MB of memory in use

TCL: Running for 5000 steps
PRESSURE: 0 -25690.4 4253.38 3790.23 4253.38 -20648.9 6220.4 3790.23 6220.4 7763.98
GPRESSURE: 0 39890.1 5056.74 8115.38 5163.08 44865.5 8147.61 6365.44 8993.52 84124
ETITLE:      TS           BOND          ANGLE          DIHED          IMPRP               ELECT            VDW       BOUNDARY           MISC        KINETIC               TOTAL           TEMP      POTENTIAL         TOTAL3        TEMPAVG            PRESSURE      GPRESSURE         VOLUME       PRESSAVG      GPRESSAVG

ENERGY:       0      5837.3073       206.2106         0.0000         0.0000         -54780.1017     11146.6687         0.0000         0.0000      2182.4373         -35407.4778       198.3121    -37589.9151    -34810.8043       198.3121         -12858.4287     56293.1986     38436.5254    -12858.4287     56293.1986

OPENING EXTENDED SYSTEM TRAJECTORY FILE
LDB: ============= START OF LOAD BALANCING ============== 14.9648
LDB: ============== END OF LOAD BALANCING =============== 14.9649
Info: useSync: 0 useProxySync: 0
LDB: =============== DONE WITH MIGRATION ================ 14.9657
LDB: ============= START OF LOAD BALANCING ============== 15.4027
LDB: Largest compute 13 load 0.118942 is 76.3% of average load 0.155985
LDB: Average compute 0.009777 is 6.3% of average load 0.155985
LDB: Partitioning computes with target load 0.019554
LDB: Increased migratable compute count from 387 to 520
LDB: Largest unpartitionable compute is 0.002378
LDB: ============== END OF LOAD BALANCING =============== 15.4038
Info: useSync: 0 useProxySync: 0
LDB: =============== DONE WITH MIGRATION ================ 15.4046
Info: Initial time: 32 CPUs 0.00549412 s/step 0.0635893 days/ns 2289.97 MB memory
LDB: ============= START OF LOAD BALANCING ============== 15.5173
LDB: ============== END OF LOAD BALANCING =============== 15.5175
Info: useSync: 0 useProxySync: 0
LDB: =============== DONE WITH MIGRATION ================ 15.518
LDB: ============= START OF LOAD BALANCING ============== 15.96
LDB: Largest compute 552 load 0.021640 is 15.5% of average load 0.139171
LDB: Average compute 0.006340 is 4.6% of average load 0.139171
LDB: TIME 15.9603 LOAD: AVG 0.139171 MAX 0.431103  PROXIES: TOTAL 63 MAXPE 5 MAXPATCH 7 None MEM: 2289.97 MB
LDB: TIME 15.9611 LOAD: AVG 0.139171 MAX 0.167006  PROXIES: TOTAL 90 MAXPE 6 MAXPATCH 13 TorusLB MEM: 2289.97 MB
LDB: ============== END OF LOAD BALANCING =============== 15.9623
Info: useSync: 0 useProxySync: 0
LDB: =============== DONE WITH MIGRATION ================ 15.9635
Info: Initial time: 32 CPUs 0.00553537 s/step 0.0640668 days/ns 2289.97 MB memory
LDB: ============= START OF LOAD BALANCING ============== 16.2414
LDB: Largest compute 133 load 0.031729 is 20.5% of average load 0.154624
LDB: Average compute 0.006719 is 4.3% of average load 0.154624
LDB: TIME 16.2418 LOAD: AVG 0.154624 MAX 0.234509  PROXIES: TOTAL 63 MAXPE 5 MAXPATCH 7 None MEM: 2289.97 MB
LDB: TIME 16.242 LOAD: AVG 0.154624 MAX 0.234509  PROXIES: TOTAL 90 MAXPE 6 MAXPATCH 13 RefineTorusLB MEM: 2289.97 MB
LDB: TIME 16.2461 LOAD: AVG 0.154624 MAX 0.165661  PROXIES: TOTAL 94 MAXPE 5 MAXPATCH 14 RefineTorusLB MEM: 2289.97 MB
LDB: ============== END OF LOAD BALANCING =============== 16.2468
Info: useSync: 0 useProxySync: 0
LDB: =============== DONE WITH MIGRATION ================ 16.2475
Info: Initial time: 32 CPUs 0.00270404 s/step 0.0312967 days/ns 2289.97 MB memory
LDB: ============= START OF LOAD BALANCING ============== 16.4213
LDB: Largest compute 134 load 0.024247 is 19.5% of average load 0.124140
LDB: Average compute 0.005523 is 4.4% of average load 0.124140
LDB: TIME 16.4216 LOAD: AVG 0.12414 MAX 0.157825  PROXIES: TOTAL 63 MAXPE 5 MAXPATCH 7 None MEM: 2289.97 MB
LDB: TIME 16.4218 LOAD: AVG 0.12414 MAX 0.157825  PROXIES: TOTAL 94 MAXPE 5 MAXPATCH 14 RefineTorusLB MEM: 2289.97 MB
LDB: TIME 16.4241 LOAD: AVG 0.12414 MAX 0.133002  PROXIES: TOTAL 95 MAXPE 5 MAXPATCH 14 RefineTorusLB MEM: 2289.97 MB
LDB: ============== END OF LOAD BALANCING =============== 16.4246
Info: useSync: 0 useProxySync: 0
LDB: =============== DONE WITH MIGRATION ================ 16.4252
Info: Benchmark time: 32 CPUs 0.00173143 s/step 0.0200397 days/ns 2289.97 MB memory
Info: Benchmark time: 32 CPUs 0.00151555 s/step 0.0175411 days/ns 2289.97 MB memory
Info: Benchmark time: 32 CPUs 0.00152744 s/step 0.0176787 days/ns 2289.97 MB memory
Info: Benchmark time: 32 CPUs 0.00148606 s/step 0.0171997 days/ns 2289.97 MB memory
Info: Benchmark time: 32 CPUs 0.0023005 s/step 0.0266262 days/ns 2289.97 MB memory
Info: Benchmark time: 32 CPUs 0.00233152 s/step 0.0269852 days/ns 2289.97 MB memory
LDB: ============= START OF LOAD BALANCING ============== 22.7476
LDB: ============== END OF LOAD BALANCING =============== 22.7478
Info: useSync: 0 useProxySync: 0
LDB: =============== DONE WITH MIGRATION ================ 22.7483
LDB: ============= START OF LOAD BALANCING ============== 22.9923
LDB: Largest compute 481 load 0.027492 is 20.2% of average load 0.136222
LDB: Average compute 0.005917 is 4.3% of average load 0.136222
LDB: TIME 22.9928 LOAD: AVG 0.136222 MAX 0.213087  PROXIES: TOTAL 63 MAXPE 5 MAXPATCH 7 None MEM: 2289.97 MB
LDB: TIME 22.9931 LOAD: AVG 0.136222 MAX 0.213087  PROXIES: TOTAL 95 MAXPE 5 MAXPATCH 14 RefineTorusLB MEM: 2289.97 MB
LDB: TIME 22.9944 LOAD: AVG 0.136222 MAX 0.145955  PROXIES: TOTAL 95 MAXPE 5 MAXPATCH 12 RefineTorusLB MEM: 2289.97 MB
LDB: ============== END OF LOAD BALANCING =============== 22.9949
Info: useSync: 0 useProxySync: 0
LDB: =============== DONE WITH MIGRATION ================ 22.9956
PRESSURE: 5000 -108.563 388.251 398.493 388.251 927.931 -360.093 398.493 -360.093 832.512
GPRESSURE: 5000 368.736 -94.2796 -83.301 -283.609 411.305 139.885 -126.611 47.0231 352.234
PRESSAVG: 5000 -63.631 161.356 103.313 161.356 201.126 42.6297 103.313 42.6297 -87.2792
GPRESSAVG: 5000 -75.7168 161.367 101.78 161.256 189.081 42.0145 103.713 42.5763 -100.994
TIMING: 5000  CPU: 9.128, 0.0018192/step  Wall: 9.1407, 0.00182194/step, 0 hours remaining, 2289.968750 MB of memory in use.
ENERGY:    5000      1372.1651       722.2654         0.0000         0.0000         -52034.0642      4425.3505         0.0000         0.0000      3162.4372         -42351.8460       287.3620    -45514.2832    -42319.4971       367.3779            550.6270       377.4250     37707.9350        16.7386         4.1231

WRITING EXTENDED SYSTEM TO RESTART FILE AT STEP 5000
OPENING COORDINATE DCD FILE
WRITING COORDINATES TO DCD FILE equilibrate_200.dcd AT STEP 5000
WRITING COORDINATES TO RESTART FILE AT STEP 5000
FINISHED WRITING RESTART COORDINATES
The last position output (seq=5000) takes 0.008 seconds, 2289.969 MB of memory in use
WRITING VELOCITIES TO RESTART FILE AT STEP 5000
FINISHED WRITING RESTART VELOCITIES
The last velocity output (seq=5000) takes 0.001 seconds, 2289.969 MB of memory in use
WRITING EXTENDED SYSTEM TO OUTPUT FILE AT STEP 5000
CLOSING EXTENDED SYSTEM TRAJECTORY FILE
WRITING COORDINATES TO OUTPUT FILE AT STEP 5000
CLOSING COORDINATE DCD FILE equilibrate_200.dcd
The last position output (seq=-2) takes 0.105 seconds, 2289.969 MB of memory in use
WRITING VELOCITIES TO OUTPUT FILE AT STEP 5000
The last velocity output (seq=-2) takes 0.001 seconds, 2289.969 MB of memory in use
====================================================

WallClock: 24.075426  CPUTime: 23.712000  Memory: 2289.968750 MB
[Partition 0][Node 0] End of program
