Charm++: standalone mode (not using charmrun)
Charm++> Running in Multicore mode:  32 threads
Charm++> Using recursive bisection (scheme 3) for topology aware partitions
Converse/Charm++ Commit ID: v6.7.1-0-gbdf6a1b-namd-charm-6.7.1-build-2016-Nov-07-136676
CharmLB> Load balancer assumes all CPUs are same.
Charm++> Running on 1 unique compute nodes (64-way SMP).
Charm++> cpu topology info is gathered in 0.002 seconds.
Info: NAMD 2.12 for Linux-x86_64-multicore
Info: 
Info: Please visit http://www.ks.uiuc.edu/Research/namd/
Info: for updates, documentation, and support information.
Info: 
Info: Please cite Phillips et al., J. Comp. Chem. 26:1781-1802 (2005)
Info: in all publications reporting results obtained with NAMD.
Info: 
Info: Based on Charm++/Converse 60701 for multicore-linux64-iccstatic
Info: Built Wed Dec 21 11:36:52 CST 2016 by jim on harare.ks.uiuc.edu
Info: 1 NAMD  2.12  Linux-x86_64-multicore  32    nid02291  papajim
Info: Running on 32 processors, 1 nodes, 1 physical nodes.
Info: CPU topology information available.
Info: Charm++/Converse parallel runtime startup completed at 0.0365179 s
CkLoopLib is used in SMP with a simple dynamic scheduling (converse-level notification) but not using node-level queue
Info: 2273.31 MB of memory in use based on /proc/self/stat
Info: Configuration file is production_250.conf
Info: Working in the current directory /global/cscratch1/sd/papajim/georgepap/pegasus/namd_wf/run0001
TCL: Suspending until startup complete.
Info: EXTENDED SYSTEM FILE   equilibrate_250.restart.xsc
Info: SIMULATION PARAMETERS:
Info: TIMESTEP               1
Info: NUMBER OF STEPS        0
Info: STEPS PER CYCLE        20
Info: PERIODIC CELL BASIS 1  33.7943 0 0
Info: PERIODIC CELL BASIS 2  0 33.7943 0
Info: PERIODIC CELL BASIS 3  0 0 33.7943
Info: PERIODIC CELL CENTER   0 0 0
Info: LOAD BALANCER  Centralized
Info: LOAD BALANCING STRATEGY  New Load Balancers -- DEFAULT
Info: LDB PERIOD             4000 steps
Info: FIRST LDB TIMESTEP     100
Info: LAST LDB TIMESTEP     -1
Info: LDB BACKGROUND SCALING 1
Info: HOM BACKGROUND SCALING 1
Info: PME BACKGROUND SCALING 1
Info: MIN ATOMS PER PATCH    40
Info: VELOCITY FILE          equilibrate_250.restart.vel
Info: CENTER OF MASS MOVING INITIALLY? NO
Info: DIELECTRIC             1
Info: EXCLUDE                SCALED ONE-FOUR
Info: 1-4 ELECTROSTATICS SCALED BY 1
Info: MODIFIED 1-4 VDW PARAMETERS WILL BE USED
Info: DCD FILENAME           production_250.dcd
Info: DCD FREQUENCY          1000
Info: DCD FIRST STEP         1000
Info: DCD FILE WILL CONTAIN UNIT CELL DATA
Info: XST FILENAME           production_250.xst
Info: XST FREQUENCY          1000
Info: NO VELOCITY DCD OUTPUT
Info: NO FORCE DCD OUTPUT
Info: OUTPUT FILENAME        production_250
Info: BINARY OUTPUT FILES WILL BE USED
Info: RESTART FILENAME       production_250.restart
Info: RESTART FREQUENCY      1000
Info: BINARY RESTART FILES WILL BE USED
Info: SWITCHING ACTIVE
Info: SWITCHING ON           10
Info: SWITCHING OFF          12
Info: PAIRLIST DISTANCE      14
Info: PAIRLIST SHRINK RATE   0.01
Info: PAIRLIST GROW RATE     0.01
Info: PAIRLIST TRIGGER       0.3
Info: PAIRLISTS PER CYCLE    2
Info: PAIRLISTS ENABLED
Info: MARGIN                 0.495
Info: HYDROGEN GROUP CUTOFF  2.5
Info: PATCH DIMENSION        16.995
Info: ENERGY OUTPUT STEPS    1000
Info: CROSSTERM ENERGY INCLUDED IN DIHEDRAL
Info: TIMING OUTPUT STEPS    1000
Info: PRESSURE OUTPUT STEPS  1000
Info: LANGEVIN DYNAMICS ACTIVE
Info: LANGEVIN TEMPERATURE   250
Info: LANGEVIN USING BBK INTEGRATOR
Info: LANGEVIN DAMPING COEFFICIENT IS 1 INVERSE PS
Info: LANGEVIN DYNAMICS NOT APPLIED TO HYDROGENS
Info: LANGEVIN PISTON PRESSURE CONTROL ACTIVE
Info:        TARGET PRESSURE IS 1.01325 BAR
Info:     OSCILLATION PERIOD IS 100 FS
Info:             DECAY TIME IS 50 FS
Info:     PISTON TEMPERATURE IS 250 K
Info:       PRESSURE CONTROL IS ATOM-BASED
Info:    INITIAL STRAIN RATE IS 3.84259e-05 3.84259e-05 3.84259e-05
Info:       CELL FLUCTUATION IS ISOTROPIC
Info: PARTICLE MESH EWALD (PME) ACTIVE
Info: PME TOLERANCE               1e-06
Info: PME EWALD COEFFICIENT       0.257952
Info: PME INTERPOLATION ORDER     6
Info: PME GRID DIMENSIONS         40 40 40
Info: PME MAXIMUM GRID SPACING    1
Info: Attempting to read FFTW data from FFTW_NAMD_2.12_Linux-x86_64-multicore.txt
Info: Optimizing 6 FFT steps.  1... 2... 3... 4... 5... 6...   Done.
Info: Writing FFTW data to FFTW_NAMD_2.12_Linux-x86_64-multicore.txt
Info: FULL ELECTROSTATIC EVALUATION FREQUENCY      1
Info: USING VERLET I (r-RESPA) MTS SCHEME.
Info: C1 SPLITTING OF LONG RANGE ELECTROSTATICS
Info: PLACING ATOMS IN PATCHES BY HYDROGEN GROUPS
Info: RANDOM NUMBER SEED     1548384473
Info: USE HYDROGEN BONDS?    NO
Info: COORDINATE PDB         crd.md18_vmd_autopsf.pdb
Info: STRUCTURE FILE         Q42.psf
Info: PARAMETER file: CHARMM format! 
Info: PARAMETERS             par_all27_prot_lipid.inp
Info: USING ARITHMETIC MEAN TO COMBINE L-J SIGMA PARAMETERS
Info: BINARY COORDINATES     equilibrate_250.restart.coor
Info: SUMMARY OF PARAMETERS:
Info: 180 BONDS
Info: 447 ANGLES
Info: 566 DIHEDRAL
Info: 46 IMPROPER
Info: 6 CROSSTERM
Info: 120 VDW
Info: 0 VDW_PAIRS
Info: 0 NBTHOLE_PAIRS
Info: TIME FOR READING PSF FILE: 0.045573
Info: Reading pdb file crd.md18_vmd_autopsf.pdb
Info: TIME FOR READING PDB FILE: 0.0371201
Info: 
Info: ****************************
Info: STRUCTURE SUMMARY:
Info: 3692 ATOMS
Info: 2256 BONDS
Info: 1128 ANGLES
Info: 0 DIHEDRALS
Info: 0 IMPROPERS
Info: 0 CROSSTERMS
Info: 0 EXCLUSIONS
Info: 11076 DEGREES OF FREEDOM
Info: 1436 HYDROGEN GROUPS
Info: 3 ATOMS IN LARGEST HYDROGEN GROUP
Info: 1436 MIGRATION GROUPS
Info: 3 ATOMS IN LARGEST MIGRATION GROUP
Info: TOTAL MASS = 26849.6 amu
Info: TOTAL CHARGE = 0 e
Info: MASS DENSITY = 1.15523 g/cm^3
Info: ATOM DENSITY = 0.0956605 atoms/A^3
Info: *****************************
Info: Reading from binary file equilibrate_250.restart.coor
Info: 
Info: Entering startup at 0.374436 s, 2289.81 MB of memory in use
Info: Startup phase 0 took 0.000194073 s, 2289.81 MB of memory in use
Info: ADDED 3384 IMPLICIT EXCLUSIONS
Info: Startup phase 1 took 0.00176311 s, 2289.81 MB of memory in use
Info: NONBONDED TABLE R-SQUARED SPACING: 0.0625
Info: NONBONDED TABLE SIZE: 769 POINTS
Info: INCONSISTENCY IN FAST TABLE ENERGY VS FORCE: 0.000325096 AT 11.9556
Info: INCONSISTENCY IN SCOR TABLE ENERGY VS FORCE: 0.000324844 AT 11.9556
Info: ABSOLUTE IMPRECISION IN VDWA TABLE ENERGY: 4.59334e-32 AT 11.9974
Info: RELATIVE IMPRECISION IN VDWA TABLE ENERGY: 7.4108e-17 AT 11.9974
Info: INCONSISTENCY IN VDWA TABLE ENERGY VS FORCE: 0.0040507 AT 0.251946
Info: ABSOLUTE IMPRECISION IN VDWB TABLE ENERGY: 1.53481e-26 AT 11.9974
Info: RELATIVE IMPRECISION IN VDWB TABLE ENERGY: 7.96691e-18 AT 11.9974
Info: INCONSISTENCY IN VDWB TABLE ENERGY VS FORCE: 0.00150189 AT 0.251946
Info: Startup phase 2 took 0.00286293 s, 2289.81 MB of memory in use
Info: Startup phase 3 took 0.000212908 s, 2289.81 MB of memory in use
Info: Startup phase 4 took 0.00618601 s, 2289.81 MB of memory in use
Info: Startup phase 5 took 0.000266075 s, 2289.81 MB of memory in use
Info: PATCH GRID IS 3 (PERIODIC) BY 3 (PERIODIC) BY 1 (PERIODIC)
Info: PATCH GRID IS 2-AWAY BY 2-AWAY BY 1-AWAY
Info: Reading from binary file equilibrate_250.restart.vel
Info: REMOVING COM VELOCITY -0.00616227 -0.0267 -0.0262419
Info: LARGEST PATCH (8) HAS 437 ATOMS
Info: TORUS A SIZE 32 USING 0
Info: TORUS B SIZE 1 USING 0
Info: TORUS C SIZE 1 USING 0
Info: TORUS MINIMAL MESH SIZE IS 1 BY 1 BY 1
Info: Placed 100% of base nodes on same physical node as patch
Info: Startup phase 6 took 0.0223289 s, 2289.81 MB of memory in use
Info: PME using 20 and 20 processors for FFT and reciprocal sum.
Info: PME GRID LOCATIONS: 1 3 5 6 7 9 11 13 14 15 ...
Info: PME TRANS LOCATIONS: 1 2 4 5 6 8 9 10 12 14 ...
Info: PME USING 1 GRID NODES AND 1 TRANS NODES
Info: Startup phase 7 took 0.00542212 s, 2289.81 MB of memory in use
Info: Startup phase 8 took 0.000351906 s, 2289.81 MB of memory in use
LDB: Central LB being created...
Info: Startup phase 9 took 0.000334024 s, 2289.81 MB of memory in use
Info: CREATING 441 COMPUTE OBJECTS
Info: useSync: 0 useProxySync: 0
Info: Startup phase 10 took 0.00282407 s, 2289.81 MB of memory in use
Info: Startup phase 11 took 0.000268936 s, 2289.81 MB of memory in use
Info: Startup phase 12 took 0.000159979 s, 2289.81 MB of memory in use
Info: Finished startup at 0.417611 s, 2289.81 MB of memory in use

TCL: Running for 40000 steps
PRESSURE: 0 -1041.1 -1126.62 -191.875 -1126.62 890.363 250.464 -191.875 250.464 227.319
GPRESSURE: 0 -699.155 -790.014 -501.695 -628.124 -1.10846 -82.0871 -121.414 -106.79 -167.972
ETITLE:      TS           BOND          ANGLE          DIHED          IMPRP               ELECT            VDW       BOUNDARY           MISC        KINETIC               TOTAL           TEMP      POTENTIAL         TOTAL3        TEMPAVG            PRESSURE      GPRESSURE         VOLUME       PRESSAVG      GPRESSAVG

ENERGY:       0      1425.7568       744.1387         0.0000         0.0000         -51087.9046      4189.3823         0.0000         0.0000      3695.2741         -41033.3528       335.7794    -44728.6269    -40996.7398       335.7794             25.5280      -289.4117     38594.8026        25.5280      -289.4117

OPENING EXTENDED SYSTEM TRAJECTORY FILE
LDB: ============= START OF LOAD BALANCING ============== 0.533912
LDB: ============== END OF LOAD BALANCING =============== 0.534087
Info: useSync: 0 useProxySync: 0
LDB: =============== DONE WITH MIGRATION ================ 0.535144
LDB: ============= START OF LOAD BALANCING ============== 0.914287
LDB: Largest compute 17 load 0.109602 is 74.0% of average load 0.148184
LDB: Average compute 0.009042 is 6.1% of average load 0.148184
LDB: Partitioning computes with target load 0.018084
LDB: Increased migratable compute count from 387 to 525
LDB: Largest unpartitionable compute is 0.002194
LDB: ============== END OF LOAD BALANCING =============== 0.915534
Info: useSync: 0 useProxySync: 0
LDB: =============== DONE WITH MIGRATION ================ 0.916437
Info: Initial time: 32 CPUs 0.00475829 s/step 0.0550728 days/ns 2289.81 MB memory
LDB: ============= START OF LOAD BALANCING ============== 1.01078
LDB: ============== END OF LOAD BALANCING =============== 1.01095
Info: useSync: 0 useProxySync: 0
LDB: =============== DONE WITH MIGRATION ================ 1.01184
LDB: ============= START OF LOAD BALANCING ============== 1.38881
LDB: Largest compute 570 load 0.019766 is 13.6% of average load 0.145529
LDB: Average compute 0.006525 is 4.5% of average load 0.145529
LDB: TIME 1.38932 LOAD: AVG 0.145529 MAX 0.365298  PROXIES: TOTAL 63 MAXPE 5 MAXPATCH 7 None MEM: 2289.81 MB
LDB: TIME 1.39004 LOAD: AVG 0.145529 MAX 0.174634  PROXIES: TOTAL 84 MAXPE 5 MAXPATCH 10 TorusLB MEM: 2289.81 MB
LDB: ============== END OF LOAD BALANCING =============== 1.39152
Info: useSync: 0 useProxySync: 0
LDB: =============== DONE WITH MIGRATION ================ 1.4216
Info: Initial time: 32 CPUs 0.00481717 s/step 0.0557543 days/ns 2289.81 MB memory
LDB: ============= START OF LOAD BALANCING ============== 1.73535
LDB: Largest compute 22 load 0.027794 is 16.5% of average load 0.168116
LDB: Average compute 0.007293 is 4.3% of average load 0.168116
LDB: TIME 1.7359 LOAD: AVG 0.168116 MAX 0.262792  PROXIES: TOTAL 63 MAXPE 5 MAXPATCH 7 None MEM: 2289.81 MB
LDB: TIME 1.73614 LOAD: AVG 0.168116 MAX 0.262792  PROXIES: TOTAL 84 MAXPE 5 MAXPATCH 10 RefineTorusLB MEM: 2289.81 MB
LDB: TIME 1.73831 LOAD: AVG 0.168116 MAX 0.180033  PROXIES: TOTAL 97 MAXPE 5 MAXPATCH 12 RefineTorusLB MEM: 2289.81 MB
LDB: ============== END OF LOAD BALANCING =============== 1.73918
Info: useSync: 0 useProxySync: 0
LDB: =============== DONE WITH MIGRATION ================ 1.73995
Info: Initial time: 32 CPUs 0.00300266 s/step 0.034753 days/ns 2289.81 MB memory
LDB: ============= START OF LOAD BALANCING ============== 2.04595
LDB: Largest compute 240 load 0.029493 is 18.6% of average load 0.158641
LDB: Average compute 0.007079 is 4.5% of average load 0.158641
LDB: TIME 2.04635 LOAD: AVG 0.158641 MAX 0.278898  PROXIES: TOTAL 63 MAXPE 5 MAXPATCH 7 None MEM: 2289.81 MB
LDB: TIME 2.04654 LOAD: AVG 0.158641 MAX 0.278898  PROXIES: TOTAL 97 MAXPE 5 MAXPATCH 12 RefineTorusLB MEM: 2289.81 MB
LDB: TIME 2.04978 LOAD: AVG 0.158641 MAX 0.16945  PROXIES: TOTAL 98 MAXPE 5 MAXPATCH 12 RefineTorusLB MEM: 2289.81 MB
LDB: ============== END OF LOAD BALANCING =============== 2.0506
Info: useSync: 0 useProxySync: 0
LDB: =============== DONE WITH MIGRATION ================ 2.05136
Info: Benchmark time: 32 CPUs 0.00302261 s/step 0.0349839 days/ns 2289.81 MB memory
Info: Benchmark time: 32 CPUs 0.00207425 s/step 0.0240075 days/ns 2289.81 MB memory
Info: Benchmark time: 32 CPUs 0.00185691 s/step 0.021492 days/ns 2289.81 MB memory
Info: Benchmark time: 32 CPUs 0.00215687 s/step 0.0249638 days/ns 2289.81 MB memory
Info: Benchmark time: 32 CPUs 0.0019298 s/step 0.0223357 days/ns 2289.81 MB memory
Info: Benchmark time: 32 CPUs 0.00211416 s/step 0.0244694 days/ns 2289.81 MB memory
PRESSURE: 1000 -867.907 -2.87088 -1281.97 -2.87088 -560.552 -202.106 -1281.97 -202.106 -1338.2
GPRESSURE: 1000 -168.798 -596.367 -277.556 -26.7718 -1180.33 348.367 -234.19 408.711 -1000.6
PRESSAVG: 1000 -51.6575 -180.655 70.8192 -180.655 -25.5841 -35.8682 70.8192 -35.8682 17.9811
GPRESSAVG: 1000 -55.2063 -179.538 74.1201 -182.718 -17.9795 -38.2353 73.97 -34.6553 19.8112
TIMING: 1000  CPU: 2.824, 0.002792/step  Wall: 2.84004, 0.00280815/step, 0.0304216 hours remaining, 2289.812500 MB of memory in use.
ENERGY:    1000      1443.0849       709.2252         0.0000         0.0000         -51266.4972      4169.6326         0.0000         0.0000      3489.4140         -41455.1406       317.0735    -44944.5546    -41421.2639       325.2675           -922.2195      -783.2426     38715.6556       -19.7535       -17.7915

WRITING EXTENDED SYSTEM TO RESTART FILE AT STEP 1000
OPENING COORDINATE DCD FILE
WRITING COORDINATES TO DCD FILE production_250.dcd AT STEP 1000
WRITING COORDINATES TO RESTART FILE AT STEP 1000
FINISHED WRITING RESTART COORDINATES
The last position output (seq=1000) takes 0.009 seconds, 2289.812 MB of memory in use
WRITING VELOCITIES TO RESTART FILE AT STEP 1000
FINISHED WRITING RESTART VELOCITIES
The last velocity output (seq=1000) takes 0.002 seconds, 2289.812 MB of memory in use
PRESSURE: 2000 -840.879 375.506 2564.09 375.506 1345.24 -4.17573 2564.09 -4.17573 213.339
GPRESSURE: 2000 198.455 149.882 373.599 20.1232 1018.88 224.43 356.299 23.8641 -654.717
PRESSAVG: 2000 82.0351 -191.911 -63.9708 -191.911 145.675 -5.92157 -63.9708 -5.92157 -150.675
GPRESSAVG: 2000 81.6803 -192.164 -66.4602 -191.312 135.424 -3.32737 -65.4131 -9.50678 -153.808
TIMING: 2000  CPU: 4.728, 0.001904/step  Wall: 4.7565, 0.00191646/step, 0.0202293 hours remaining, 2289.812500 MB of memory in use.
ENERGY:    2000      1383.5855       734.1042         0.0000         0.0000         -51694.3239      4312.9965         0.0000         0.0000      3408.2916         -41855.3461       309.7021    -45263.6377    -41820.6756       310.8401            239.2346       187.5402     37889.6710        25.6784        21.0988

WRITING EXTENDED SYSTEM TO RESTART FILE AT STEP 2000
WRITING COORDINATES TO DCD FILE production_250.dcd AT STEP 2000
WRITING COORDINATES TO RESTART FILE AT STEP 2000
FINISHED WRITING RESTART COORDINATES
The last position output (seq=2000) takes 0.002 seconds, 2289.812 MB of memory in use
WRITING VELOCITIES TO RESTART FILE AT STEP 2000
FINISHED WRITING RESTART VELOCITIES
The last velocity output (seq=2000) takes 0.002 seconds, 2289.812 MB of memory in use
PRESSURE: 3000 -1180.04 10.6502 -734.595 10.6502 -2837.9 -343.877 -734.595 -343.877 -593.872
GPRESSURE: 3000 -973.016 2.74332 -912.26 28.3906 -1220.07 500.991 -805.913 767.223 111.718
PRESSAVG: 3000 -132.384 -346.459 57.8891 -346.459 177.588 184.203 57.8891 184.203 -8.01176
GPRESSAVG: 3000 -132.965 -347.87 60.0637 -341.627 188.515 182.612 56.1427 187.11 -9.48438
TIMING: 3000  CPU: 6.488, 0.00176/step  Wall: 6.52439, 0.00176789/step, 0.01817 hours remaining, 2289.812500 MB of memory in use.
ENERGY:    3000      1407.5221       720.7205         0.0000         0.0000         -51767.4420      4258.7447         0.0000         0.0000      3244.1124         -42136.3422       294.7836    -45380.4546    -42102.4927       299.3618          -1537.2704      -693.7887     38289.3046        12.3974        15.3552

WRITING EXTENDED SYSTEM TO RESTART FILE AT STEP 3000
WRITING COORDINATES TO DCD FILE production_250.dcd AT STEP 3000
WRITING COORDINATES TO RESTART FILE AT STEP 3000
FINISHED WRITING RESTART COORDINATES
The last position output (seq=3000) takes 0.003 seconds, 2289.812 MB of memory in use
WRITING VELOCITIES TO RESTART FILE AT STEP 3000
FINISHED WRITING RESTART VELOCITIES
The last velocity output (seq=3000) takes 0.002 seconds, 2289.812 MB of memory in use
PRESSURE: 4000 1109.98 -1245.49 -1037.34 -1245.49 -901.181 -580.779 -1037.34 -580.779 -246.47
GPRESSURE: 4000 268.184 -1086.6 -192.592 -733.467 434.388 -669.813 -695.755 -514.245 1093.13
PRESSAVG: 4000 -81.6013 -372.508 0.359705 -372.508 70.7285 175.959 0.359705 175.959 -26.5737
GPRESSAVG: 4000 -78.2431 -371.352 2.43848 -373.264 66.9766 178.004 3.70283 169.719 -22.9292
TIMING: 4000  CPU: 8.256, 0.001768/step  Wall: 8.30074, 0.00177635/step, 0.0177635 hours remaining, 2289.812500 MB of memory in use.
ENERGY:    4000      1362.8867       708.3771         0.0000         0.0000         -52011.9799      4439.4854         0.0000         0.0000      3186.4135         -42314.8173       289.5407    -45501.2307    -42283.9790       291.1482            -12.5578       598.5658     38044.5580       -12.4821       -11.3986

WRITING EXTENDED SYSTEM TO RESTART FILE AT STEP 4000
WRITING COORDINATES TO DCD FILE production_250.dcd AT STEP 4000
WRITING COORDINATES TO RESTART FILE AT STEP 4000
FINISHED WRITING RESTART COORDINATES
The last position output (seq=4000) takes 0.002 seconds, 2289.812 MB of memory in use
WRITING VELOCITIES TO RESTART FILE AT STEP 4000
FINISHED WRITING RESTART VELOCITIES
The last velocity output (seq=4000) takes 0.002 seconds, 2289.812 MB of memory in use
LDB: ============= START OF LOAD BALANCING ============== 9.24369
LDB: ============== END OF LOAD BALANCING =============== 9.24385
Info: useSync: 0 useProxySync: 0
LDB: =============== DONE WITH MIGRATION ================ 9.24455
LDB: ============= START OF LOAD BALANCING ============== 9.41727
LDB: Largest compute 463 load 0.017540 is 14.5% of average load 0.121234
LDB: Average compute 0.005265 is 4.3% of average load 0.121234
LDB: TIME 9.41767 LOAD: AVG 0.121234 MAX 0.164079  PROXIES: TOTAL 63 MAXPE 5 MAXPATCH 7 None MEM: 2289.81 MB
LDB: TIME 9.41789 LOAD: AVG 0.121234 MAX 0.164079  PROXIES: TOTAL 98 MAXPE 5 MAXPATCH 12 RefineTorusLB MEM: 2289.81 MB
LDB: TIME 9.4213 LOAD: AVG 0.121234 MAX 0.129707  PROXIES: TOTAL 97 MAXPE 5 MAXPATCH 12 RefineTorusLB MEM: 2289.81 MB
LDB: ============== END OF LOAD BALANCING =============== 9.42196
Info: useSync: 0 useProxySync: 0
LDB: =============== DONE WITH MIGRATION ================ 9.42277
PRESSURE: 5000 -439.002 1012.62 -1081.5 1012.62 -1756.6 502.934 -1081.5 502.934 -698.875
GPRESSURE: 5000 -565.564 160.97 -401.367 127.095 -1747.85 63.1809 -600.898 -37.2751 -518.977
PRESSAVG: 5000 -85.0342 -264.101 -132.191 -264.101 22.0387 154.419 -132.191 154.419 139.589
GPRESSAVG: 5000 -86.852 -267.349 -137.136 -264.795 20.6894 149.545 -134.211 159.444 138.086
TIMING: 5000  CPU: 9.876, 0.00162/step  Wall: 9.92753, 0.00162678/step, 0.0158159 hours remaining, 2289.812500 MB of memory in use.
ENERGY:    5000      1309.4103       670.9502         0.0000         0.0000         -51844.5248      4255.9509         0.0000         0.0000      3133.0746         -42475.1389       284.6939    -45608.2135    -42444.4644       287.2964           -964.8268      -944.1309     38212.9350        25.5312        23.9745

WRITING EXTENDED SYSTEM TO RESTART FILE AT STEP 5000
WRITING COORDINATES TO DCD FILE production_250.dcd AT STEP 5000
WRITING COORDINATES TO RESTART FILE AT STEP 5000
FINISHED WRITING RESTART COORDINATES
The last position output (seq=5000) takes 0.003 seconds, 2289.812 MB of memory in use
WRITING VELOCITIES TO RESTART FILE AT STEP 5000
FINISHED WRITING RESTART VELOCITIES
The last velocity output (seq=5000) takes 0.002 seconds, 2289.812 MB of memory in use
PRESSURE: 6000 -1383.08 -822.362 973.846 -822.362 -1394.75 292.941 973.846 292.941 -1494.15
GPRESSURE: 6000 -1534.75 -83.3 244.828 -106.175 -2.66098 688.232 383.01 423.469 -1201.87
PRESSAVG: 6000 -36.0316 -134.295 -21.6241 -134.295 239.639 176.095 -21.6241 176.095 -240.413
GPRESSAVG: 6000 -33.3993 -130.185 -20.7068 -129.182 241.657 177.181 -21.6633 176.945 -240.347
TIMING: 6000  CPU: 11.44, 0.001564/step  Wall: 11.4995, 0.00157194/step, 0.0148461 hours remaining, 2289.812500 MB of memory in use.
ENERGY:    6000      1313.5110       688.2002         0.0000         0.0000         -52002.4824      4287.0157         0.0000         0.0000      3092.1467         -42621.6087       280.9749    -45713.7555    -42590.2499       282.8369          -1423.9945      -913.0921     38089.6463       -12.2685       -10.6963

WRITING EXTENDED SYSTEM TO RESTART FILE AT STEP 6000
WRITING COORDINATES TO DCD FILE production_250.dcd AT STEP 6000
WRITING COORDINATES TO RESTART FILE AT STEP 6000
FINISHED WRITING RESTART COORDINATES
The last position output (seq=6000) takes 0.003 seconds, 2289.812 MB of memory in use
WRITING VELOCITIES TO RESTART FILE AT STEP 6000
FINISHED WRITING RESTART VELOCITIES
PRESSURE: 7000 669.856 -675.435 -34.4599 -675.435 -824.518 1464.35 -34.4599 1464.35 166.503
GPRESSURE: 7000 274.031 -336.592 -8.37455 -319.556 -471.495 294.918 143.875 739.87 -212.07
PRESSAVG: 7000 -204.031 -180.628 97.7625 -180.628 167.178 214.718 97.7625 214.718 26.1554
GPRESSAVG: 7000 -202.548 -183.092 97.3724 -183.07 168.765 212.379 96.9992 213.63 25.1201
TIMING: 7000  CPU: 12.996, 0.001556/step  Wall: 13.0646, 0.00156513/step, 0.014347 hours remaining, 2289.812500 MB of memory in use.
ENERGY:    7000      1264.2358       697.9035         0.0000         0.0000         -52126.2307      4369.1404         0.0000         0.0000      3001.5094         -42793.4417       272.7389    -45794.9510    -42763.7402       276.0088              3.9471      -136.5114     37711.3068        -3.5660        -2.8877

WRITING EXTENDED SYSTEM TO RESTART FILE AT STEP 7000
WRITING COORDINATES TO DCD FILE production_250.dcd AT STEP 7000
WRITING COORDINATES TO RESTART FILE AT STEP 7000
FINISHED WRITING RESTART COORDINATES
The last position output (seq=7000) takes 0.002 seconds, 2289.812 MB of memory in use
WRITING VELOCITIES TO RESTART FILE AT STEP 7000
FINISHED WRITING RESTART VELOCITIES
PRESSURE: 8000 -1482.04 -66.4261 497.676 -66.4261 398.981 1223.37 497.676 1223.37 -1124.95
GPRESSURE: 8000 -360.559 -91.2515 21.1435 7.90814 -176.376 348.952 272.95 75.0883 -330.257
PRESSAVG: 8000 -84.6003 -233.844 109.066 -233.844 152.14 288.748 109.066 288.748 -108.323
GPRESSAVG: 8000 -89.8274 -235.345 109.889 -233.898 147.792 290.943 108.494 287.412 -107.15
TIMING: 8000  CPU: 14.564, 0.001568/step  Wall: 14.6401, 0.00157553/step, 0.0140047 hours remaining, 2289.812500 MB of memory in use.
ENERGY:    8000      1258.6270       668.2062         0.0000         0.0000         -52167.6157      4373.6440         0.0000         0.0000      3041.3308         -42825.8077       276.3574    -45867.1385    -42796.6787       272.4180           -736.0022      -289.0642     37883.1544       -13.5944       -16.3954

WRITING EXTENDED SYSTEM TO RESTART FILE AT STEP 8000
WRITING COORDINATES TO DCD FILE production_250.dcd AT STEP 8000
WRITING COORDINATES TO RESTART FILE AT STEP 8000
FINISHED WRITING RESTART COORDINATES
The last position output (seq=8000) takes 0.002 seconds, 2289.812 MB of memory in use
WRITING VELOCITIES TO RESTART FILE AT STEP 8000
FINISHED WRITING RESTART VELOCITIES
LDB: ============= START OF LOAD BALANCING ============== 15.6042
LDB: ============== END OF LOAD BALANCING =============== 15.6043
Info: useSync: 0 useProxySync: 0
LDB: =============== DONE WITH MIGRATION ================ 15.6047
LDB: ============= START OF LOAD BALANCING ============== 15.7621
LDB: Largest compute 489 load 0.019082 is 15.7% of average load 0.121602
LDB: Average compute 0.005305 is 4.4% of average load 0.121602
LDB: TIME 15.7625 LOAD: AVG 0.121602 MAX 0.139142  PROXIES: TOTAL 63 MAXPE 5 MAXPATCH 7 None MEM: 2289.81 MB
LDB: TIME 15.7627 LOAD: AVG 0.121602 MAX 0.139142  PROXIES: TOTAL 97 MAXPE 5 MAXPATCH 12 RefineTorusLB MEM: 2289.81 MB
LDB: TIME 15.7633 LOAD: AVG 0.121602 MAX 0.129626  PROXIES: TOTAL 97 MAXPE 5 MAXPATCH 12 RefineTorusLB MEM: 2289.81 MB
LDB: ============== END OF LOAD BALANCING =============== 15.7638
Info: useSync: 0 useProxySync: 0
LDB: =============== DONE WITH MIGRATION ================ 15.7644
PRESSURE: 9000 -116.368 -1117.09 563.455 -1117.09 2329.89 -1087.38 563.455 -1087.38 658.621
GPRESSURE: 9000 203.152 -534.831 -163.258 -207.987 1280.99 161.258 837.161 -41.9402 194.575
PRESSAVG: 9000 -257.869 -291.16 -15.5491 -291.16 117.333 293.976 -15.5491 293.976 164.854
GPRESSAVG: 9000 -255.797 -287.962 -15.6444 -292.241 120.78 293.851 -15.1194 294.26 164.106
TIMING: 9000  CPU: 16.092, 0.001528/step  Wall: 16.2612, 0.00162107/step, 0.0139592 hours remaining, 2289.812500 MB of memory in use.
ENERGY:    9000      1196.5777       670.4747         0.0000         0.0000         -52265.8488      4493.6382         0.0000         0.0000      2963.5796         -42941.5786       269.2924    -45905.1581    -42912.9628       270.8446            957.3815       559.5736     37777.6761         8.1063         9.6963

WRITING EXTENDED SYSTEM TO RESTART FILE AT STEP 9000
WRITING COORDINATES TO DCD FILE production_250.dcd AT STEP 9000
WRITING COORDINATES TO RESTART FILE AT STEP 9000
FINISHED WRITING RESTART COORDINATES
The last position output (seq=9000) takes 0.002 seconds, 2289.812 MB of memory in use
WRITING VELOCITIES TO RESTART FILE AT STEP 9000
FINISHED WRITING RESTART VELOCITIES
PRESSURE: 10000 -1702.54 403.881 35.9549 403.881 -2466.24 -124.462 35.9549 -124.462 -330.198
GPRESSURE: 10000 -1060.51 -495.513 -352.454 -26.7106 -1204.09 96.5408 -497.549 435.681 219.947
PRESSAVG: 10000 -193.074 -295.678 17.5834 -295.678 -82.0074 43.947 17.5834 43.947 313.067
GPRESSAVG: 10000 -193.802 -300.804 19.3849 -296.415 -85.7498 45.1866 18.914 47.2999 314.455
TIMING: 10000  CPU: 17.612, 0.00152/step  Wall: 17.7882, 0.00152702/step, 0.0127252 hours remaining, 2289.812500 MB of memory in use.
ETITLE:      TS           BOND          ANGLE          DIHED          IMPRP               ELECT            VDW       BOUNDARY           MISC        KINETIC               TOTAL           TEMP      POTENTIAL         TOTAL3        TEMPAVG            PRESSURE      GPRESSURE         VOLUME       PRESSAVG      GPRESSAVG

ENERGY:   10000      1269.5966       652.6127         0.0000         0.0000         -52218.5982      4305.9728         0.0000         0.0000      2930.3830         -43060.0331       266.2759    -45990.4161    -43034.3912       267.3301          -1499.6608      -681.5484     37639.9526        12.6620        11.6345

WRITING EXTENDED SYSTEM TO RESTART FILE AT STEP 10000
WRITING COORDINATES TO DCD FILE production_250.dcd AT STEP 10000
WRITING COORDINATES TO RESTART FILE AT STEP 10000
FINISHED WRITING RESTART COORDINATES
The last position output (seq=10000) takes 0.002 seconds, 2289.812 MB of memory in use
WRITING VELOCITIES TO RESTART FILE AT STEP 10000
FINISHED WRITING RESTART VELOCITIES
PRESSURE: 11000 -953.827 -364.013 528.442 -364.013 1366.48 41.8681 528.442 41.8681 1586.46
GPRESSURE: 11000 340.479 -375.32 57.523 -108.575 878.028 288.027 -200.686 75.6756 772.515
PRESSAVG: 11000 -87.3834 110.273 109.393 110.273 25.2388 209.141 109.393 209.141 142.805
GPRESSAVG: 11000 -86.3674 116.993 108.503 108.672 26.3619 208.061 105.244 207.408 140.507
TIMING: 11000  CPU: 19.128, 0.001516/step  Wall: 19.3104, 0.00152223/step, 0.0122624 hours remaining, 2289.812500 MB of memory in use.
ENERGY:   11000      1203.8406       626.4968         0.0000         0.0000         -52348.7809      4503.0531         0.0000         0.0000      2880.3209         -43135.0695       261.7269    -46015.3904    -43108.7519       263.6776            666.3695       663.6742     37651.5760        26.8869        26.8339

WRITING EXTENDED SYSTEM TO RESTART FILE AT STEP 11000
WRITING COORDINATES TO DCD FILE production_250.dcd AT STEP 11000
WRITING COORDINATES TO RESTART FILE AT STEP 11000
FINISHED WRITING RESTART COORDINATES
WRITING VELOCITIES TO RESTART FILE AT STEP 11000
FINISHED WRITING RESTART VELOCITIES
PRESSURE: 12000 -1401.87 -147.828 -501.015 -147.828 -3034.97 628.686 -501.015 628.686 -20.5636
GPRESSURE: 12000 -230.226 -836.382 490.523 -446.083 -1063.91 469.537 724.383 466.363 -307.162
PRESSAVG: 12000 96.604 -129.792 64.8722 -129.792 -84.4907 -9.58271 64.8722 -9.58271 34.6982
GPRESSAVG: 12000 101.322 -133.818 67.0519 -130.39 -84.6218 -9.89234 65.5873 -8.48736 37.3652
TIMING: 12000  CPU: 20.688, 0.00156/step  Wall: 20.8793, 0.00156889/step, 0.0122025 hours remaining, 2289.812500 MB of memory in use.
ENERGY:   12000      1204.8458       650.8227         0.0000         0.0000         -52333.2058      4382.1994         0.0000         0.0000      2874.9505         -43220.3873       261.2389    -46095.3378    -43192.6854       261.1246          -1485.8014      -533.7675     37705.0877        15.6038        18.0219

WRITING EXTENDED SYSTEM TO RESTART FILE AT STEP 12000
WRITING COORDINATES TO DCD FILE production_250.dcd AT STEP 12000
WRITING COORDINATES TO RESTART FILE AT STEP 12000
FINISHED WRITING RESTART COORDINATES
WRITING VELOCITIES TO RESTART FILE AT STEP 12000
FINISHED WRITING RESTART VELOCITIES
LDB: ============= START OF LOAD BALANCING ============== 21.7457
LDB: ============== END OF LOAD BALANCING =============== 21.7459
Info: useSync: 0 useProxySync: 0
LDB: =============== DONE WITH MIGRATION ================ 21.7462
LDB: ============= START OF LOAD BALANCING ============== 21.897
LDB: Largest compute 555 load 0.018298 is 15.0% of average load 0.121880
LDB: Average compute 0.005327 is 4.4% of average load 0.121880
LDB: TIME 21.8973 LOAD: AVG 0.12188 MAX 0.134388  PROXIES: TOTAL 63 MAXPE 5 MAXPATCH 7 None MEM: 2289.81 MB
LDB: TIME 21.8976 LOAD: AVG 0.12188 MAX 0.134388  PROXIES: TOTAL 97 MAXPE 5 MAXPATCH 12 RefineTorusLB MEM: 2289.81 MB
LDB: TIME 21.8978 LOAD: AVG 0.12188 MAX 0.130378  PROXIES: TOTAL 97 MAXPE 5 MAXPATCH 12 RefineTorusLB MEM: 2289.81 MB
LDB: ============== END OF LOAD BALANCING =============== 21.8983
Info: useSync: 0 useProxySync: 0
LDB: =============== DONE WITH MIGRATION ================ 21.8988
PRESSURE: 13000 -794.523 -364.882 -475.099 -364.882 -1618.89 1241.4 -475.099 1241.4 -1795.77
GPRESSURE: 13000 -4.80115 -166.695 -508.623 -166.916 -1107.81 379.295 -529.325 631.173 -323.247
PRESSAVG: 13000 -123.014 -227.619 134.77 -227.619 -53.3122 111.088 134.77 111.088 188.303
GPRESSAVG: 13000 -124.175 -229.292 133.839 -223.005 -51.1703 114.105 135.527 108.798 190.013
TIMING: 13000  CPU: 22.2, 0.001512/step  Wall: 22.3961, 0.00151678/step, 0.0113759 hours remaining, 2289.812500 MB of memory in use.
ENERGY:   13000      1234.9831       644.3507         0.0000         0.0000         -52346.4073      4389.4077         0.0000         0.0000      2853.6488         -43224.0169       259.3033    -46077.6657    -43199.8245       257.9438          -1403.0623      -478.6200     37807.8521         3.9921         4.8890

WRITING EXTENDED SYSTEM TO RESTART FILE AT STEP 13000
WRITING COORDINATES TO DCD FILE production_250.dcd AT STEP 13000
WRITING COORDINATES TO RESTART FILE AT STEP 13000
FINISHED WRITING RESTART COORDINATES
WRITING VELOCITIES TO RESTART FILE AT STEP 13000
FINISHED WRITING RESTART VELOCITIES
PRESSURE: 14000 -595.214 53.4475 116.374 53.4475 -849.876 124.937 116.374 124.937 -1722.44
GPRESSURE: 14000 -780.784 381.093 434.195 -5.69935 -955.207 418.117 502.752 73.9185 -1189.47
PRESSAVG: 14000 75.8379 58.8655 23.6852 58.8655 -196.243 121.164 23.6852 121.164 19.6894
GPRESSAVG: 14000 71.9799 61.2554 21.2733 57.7909 -199.864 120.425 24.5842 121.44 17.6826
TIMING: 14000  CPU: 23.74, 0.00154/step  Wall: 23.9969, 0.00160076/step, 0.0115611 hours remaining, 2289.812500 MB of memory in use.
ENERGY:   14000      1195.3811       682.0498         0.0000         0.0000         -52230.8896      4315.7680         0.0000         0.0000      2783.9272         -43253.7636       252.9678    -46037.6908    -43229.5599       258.8525          -1055.8436      -975.1529     37700.2979       -33.5719       -36.7339

WRITING EXTENDED SYSTEM TO RESTART FILE AT STEP 14000
WRITING COORDINATES TO DCD FILE production_250.dcd AT STEP 14000
WRITING COORDINATES TO RESTART FILE AT STEP 14000
FINISHED WRITING RESTART COORDINATES
WRITING VELOCITIES TO RESTART FILE AT STEP 14000
FINISHED WRITING RESTART VELOCITIES
PRESSURE: 15000 875.888 -259.785 -1195.51 -259.785 -427.314 -409.575 -1195.51 -409.575 1412.22
GPRESSURE: 15000 62.8773 -240.881 -526.884 -249.411 -1088.68 137.011 -708.658 138.52 28.5317
PRESSAVG: 15000 27.3554 -99.3871 -13.1378 -99.3871 -125.273 83.8956 -13.1378 83.8956 79.1153
GPRESSAVG: 15000 28.2253 -97.7642 -11.6949 -100.854 -123.896 85.7674 -10.7762 88.8205 80.544
TIMING: 15000  CPU: 25.268, 0.001528/step  Wall: 25.5319, 0.00153506/step, 0.0106602 hours remaining, 2289.812500 MB of memory in use.
ENERGY:   15000      1127.5101       634.6457         0.0000         0.0000         -52234.4882      4379.2208         0.0000         0.0000      2804.9326         -43288.1790       254.8765    -46093.1116    -43264.4985       256.5440            620.2658      -332.4225     37732.5642        -6.2674        -5.0423

WRITING EXTENDED SYSTEM TO RESTART FILE AT STEP 15000
WRITING COORDINATES TO DCD FILE production_250.dcd AT STEP 15000
WRITING COORDINATES TO RESTART FILE AT STEP 15000
FINISHED WRITING RESTART COORDINATES
WRITING VELOCITIES TO RESTART FILE AT STEP 15000
FINISHED WRITING RESTART VELOCITIES
PRESSURE: 16000 -467.244 -832.978 159.545 -832.978 -895.722 -1204.47 159.545 -1204.47 117.113
GPRESSURE: 16000 -539.57 -816.882 -35.0185 -624.283 -1195.37 -164.422 53.5333 -459.162 -954.983
PRESSAVG: 16000 20.5434 -166.546 73.2225 -166.546 -331.968 69.3432 73.2225 69.3432 297.123
GPRESSAVG: 16000 19.9331 -169.622 74.4308 -162.875 -331.083 68.5775 69.1894 66.5784 299.998
TIMING: 16000  CPU: 26.784, 0.001516/step  Wall: 27.0558, 0.00152382/step, 0.0101588 hours remaining, 2289.812500 MB of memory in use.
ENERGY:   16000      1109.0483       634.2233         0.0000         0.0000         -52228.7137      4340.3947         0.0000         0.0000      2830.6850         -43314.3624       257.2166    -46145.0474    -43286.8179       256.3143           -415.2842      -896.6419     37893.2996        -4.7669        -3.7172

WRITING EXTENDED SYSTEM TO RESTART FILE AT STEP 16000
WRITING COORDINATES TO DCD FILE production_250.dcd AT STEP 16000
WRITING COORDINATES TO RESTART FILE AT STEP 16000
FINISHED WRITING RESTART COORDINATES
WRITING VELOCITIES TO RESTART FILE AT STEP 16000
FINISHED WRITING RESTART VELOCITIES
LDB: ============= START OF LOAD BALANCING ============== 27.9315
LDB: ============== END OF LOAD BALANCING =============== 27.9316
Info: useSync: 0 useProxySync: 0
LDB: =============== DONE WITH MIGRATION ================ 27.932
LDB: ============= START OF LOAD BALANCING ============== 28.0828
LDB: Largest compute 555 load 0.018360 is 15.1% of average load 0.121697
LDB: Average compute 0.005308 is 4.4% of average load 0.121697
LDB: TIME 28.0832 LOAD: AVG 0.121697 MAX 0.129246  PROXIES: TOTAL 63 MAXPE 5 MAXPATCH 7 None MEM: 2289.81 MB
LDB: TIME 28.0834 LOAD: AVG 0.121697 MAX 0.129246  PROXIES: TOTAL 97 MAXPE 5 MAXPATCH 12 RefineTorusLB MEM: 2289.81 MB
LDB: TIME 28.0836 LOAD: AVG 0.121697 MAX 0.129246  PROXIES: TOTAL 97 MAXPE 5 MAXPATCH 12 RefineTorusLB MEM: 2289.81 MB
LDB: ============== END OF LOAD BALANCING =============== 28.0839
Info: useSync: 0 useProxySync: 0
LDB: =============== DONE WITH MIGRATION ================ 28.0845
PRESSURE: 17000 909.921 -679.029 321.624 -679.029 300.381 -770.744 321.624 -770.744 18.3983
GPRESSURE: 17000 219.833 -406.123 -353.054 -365.031 -51.3509 -495.728 -12.0935 -444.953 44.5855
PRESSAVG: 17000 50.5463 -525.286 -0.0481911 -525.286 -99.5185 -48.5211 -0.0481911 -48.5211 122.954
GPRESSAVG: 17000 54.3497 -522.014 -0.336673 -527.897 -100.601 -49.332 3.59224 -45.2126 120.313
TIMING: 17000  CPU: 28.292, 0.001508/step  Wall: 28.578, 0.00152228/step, 0.00972571 hours remaining, 2289.812500 MB of memory in use.
ENERGY:   17000      1147.5226       639.3926         0.0000         0.0000         -52420.4050      4466.5387         0.0000         0.0000      2786.5790         -43380.3721       253.2088    -46166.9511    -43357.9083       253.2422            409.5668        71.0227     37781.2588        24.6606        24.6869

WRITING EXTENDED SYSTEM TO RESTART FILE AT STEP 17000
WRITING COORDINATES TO DCD FILE production_250.dcd AT STEP 17000
WRITING COORDINATES TO RESTART FILE AT STEP 17000
FINISHED WRITING RESTART COORDINATES
WRITING VELOCITIES TO RESTART FILE AT STEP 17000
FINISHED WRITING RESTART VELOCITIES
PRESSURE: 18000 559.584 -310.143 250.454 -310.143 -552.423 -531.237 250.454 -531.237 663.341
GPRESSURE: 18000 326.348 158.826 -403.158 113.211 -184.164 -179.396 -218.982 -628.12 906.716
PRESSAVG: 18000 118.604 -449.208 217.466 -449.208 -331.473 127.157 217.466 127.157 173.756
GPRESSAVG: 18000 115.56 -451.631 215.365 -450.408 -333.106 122.177 215.858 122.661 173.434
TIMING: 18000  CPU: 29.808, 0.001516/step  Wall: 30.1021, 0.00152409/step, 0.0093139 hours remaining, 2289.812500 MB of memory in use.
ENERGY:   18000      1141.9753       686.2373         0.0000         0.0000         -52521.0531      4513.6920         0.0000         0.0000      2779.0827         -43400.0658       252.5276    -46179.1485    -43376.1071       252.1904            223.5003       349.6335     37825.3784       -13.0375       -14.7038

WRITING EXTENDED SYSTEM TO RESTART FILE AT STEP 18000
WRITING COORDINATES TO DCD FILE production_250.dcd AT STEP 18000
WRITING COORDINATES TO RESTART FILE AT STEP 18000
FINISHED WRITING RESTART COORDINATES
WRITING VELOCITIES TO RESTART FILE AT STEP 18000
FINISHED WRITING RESTART VELOCITIES
PRESSURE: 19000 20.6425 -95.1779 883.004 -95.1779 701.768 -557.527 883.004 -557.527 1844.77
GPRESSURE: 19000 539.396 -210.194 285.564 -419.161 270.981 101.318 393.034 -96.9045 273.532
PRESSAVG: 19000 207.374 -480.41 239.82 -480.41 -213.725 9.66241 239.82 9.66241 42.0959
GPRESSAVG: 19000 210.563 -480.789 239.205 -480.487 -212.634 15.0901 241.723 11.4448 40.2309
TIMING: 19000  CPU: 31.316, 0.001508/step  Wall: 31.615, 0.00151288/step, 0.00882512 hours remaining, 2289.812500 MB of memory in use.
ENERGY:   19000      1150.2484       655.0608         0.0000         0.0000         -52495.5702      4494.3244         0.0000         0.0000      2715.0307         -43480.9059       246.7074    -46195.9365    -43458.5774       251.0885            855.7269       361.3029     37619.2974        11.9150        12.7199

WRITING EXTENDED SYSTEM TO RESTART FILE AT STEP 19000
WRITING COORDINATES TO DCD FILE production_250.dcd AT STEP 19000
WRITING COORDINATES TO RESTART FILE AT STEP 19000
FINISHED WRITING RESTART COORDINATES
WRITING VELOCITIES TO RESTART FILE AT STEP 19000
FINISHED WRITING RESTART VELOCITIES
PRESSURE: 20000 1941.61 -290.044 213.349 -290.044 -1697.58 226.014 213.349 226.014 899.171
GPRESSURE: 20000 1060.93 -371.011 212.804 -0.748064 -204.099 -154.603 385.64 204.648 148.923
PRESSAVG: 20000 75.2857 -313.28 24.2033 -313.28 -414.203 -188.249 24.2033 -188.249 265.907
GPRESSAVG: 20000 74.6335 -312.182 30.364 -311.797 -415.377 -191.713 21.7304 -187.927 268.529
TIMING: 20000  CPU: 32.832, 0.001516/step  Wall: 33.1366, 0.00152157/step, 0.00845318 hours remaining, 2289.812500 MB of memory in use.
ETITLE:      TS           BOND          ANGLE          DIHED          IMPRP               ELECT            VDW       BOUNDARY           MISC        KINETIC               TOTAL           TEMP      POTENTIAL         TOTAL3        TEMPAVG            PRESSURE      GPRESSURE         VOLUME       PRESSAVG      GPRESSAVG

ENERGY:   20000      1134.2577       673.3330         0.0000         0.0000         -52470.6463      4472.2110         0.0000         0.0000      2725.5662         -43465.2783       247.6647    -46190.8446    -43443.4199       250.2594            381.0675       335.2507     37481.3292       -24.3368       -24.0714

WRITING EXTENDED SYSTEM TO RESTART FILE AT STEP 20000
WRITING COORDINATES TO DCD FILE production_250.dcd AT STEP 20000
WRITING COORDINATES TO RESTART FILE AT STEP 20000
FINISHED WRITING RESTART COORDINATES
WRITING VELOCITIES TO RESTART FILE AT STEP 20000
FINISHED WRITING RESTART VELOCITIES
LDB: ============= START OF LOAD BALANCING ============== 34.0131
LDB: ============== END OF LOAD BALANCING =============== 34.0132
Info: useSync: 0 useProxySync: 0
LDB: =============== DONE WITH MIGRATION ================ 34.0135
LDB: ============= START OF LOAD BALANCING ============== 34.1659
LDB: Largest compute 549 load 0.018855 is 15.5% of average load 0.121513
LDB: Average compute 0.005300 is 4.4% of average load 0.121513
LDB: TIME 34.1662 LOAD: AVG 0.121513 MAX 0.133158  PROXIES: TOTAL 63 MAXPE 5 MAXPATCH 7 None MEM: 2289.81 MB
LDB: TIME 34.1664 LOAD: AVG 0.121513 MAX 0.133158  PROXIES: TOTAL 97 MAXPE 5 MAXPATCH 12 RefineTorusLB MEM: 2289.81 MB
LDB: TIME 34.1666 LOAD: AVG 0.121513 MAX 0.130115  PROXIES: TOTAL 97 MAXPE 5 MAXPATCH 12 RefineTorusLB MEM: 2289.81 MB
LDB: ============== END OF LOAD BALANCING =============== 34.167
Info: useSync: 0 useProxySync: 0
LDB: =============== DONE WITH MIGRATION ================ 34.1676
PRESSURE: 21000 -3227.88 -296.272 -571.747 -296.272 -47.6297 -580.006 -571.747 -580.006 -2004.95
GPRESSURE: 21000 -2169.98 75.8474 85.1181 -23.8401 -998.46 -201.626 29.3488 -142.754 -1053.84
PRESSAVG: 21000 210.185 -388.988 52.15 -388.988 -336.795 58.8975 52.15 58.8975 234.943
GPRESSAVG: 21000 208.4 -388.808 50.4398 -388.594 -336.132 62.7021 51.3893 57.1328 233.039
TIMING: 21000  CPU: 34.356, 0.001524/step  Wall: 34.6686, 0.00153197/step, 0.00808538 hours remaining, 2289.812500 MB of memory in use.
ENERGY:   21000      1157.8786       602.7294         0.0000         0.0000         -52210.2282      4267.0187         0.0000         0.0000      2717.6802         -43464.9213       246.9482    -46182.6015    -43443.7617       249.5429          -1760.1529     -1407.4256     37871.1618        36.1114        35.1022

WRITING EXTENDED SYSTEM TO RESTART FILE AT STEP 21000
WRITING COORDINATES TO DCD FILE production_250.dcd AT STEP 21000
WRITING COORDINATES TO RESTART FILE AT STEP 21000
FINISHED WRITING RESTART COORDINATES
WRITING VELOCITIES TO RESTART FILE AT STEP 21000
FINISHED WRITING RESTART VELOCITIES
PRESSURE: 22000 -70.6268 1008.59 1160.6 1008.59 773.344 500.312 1160.6 500.312 -1559.72
GPRESSURE: 22000 425.868 287.472 686.344 519.775 -28.6689 524.064 686.327 496.65 132.142
PRESSAVG: 22000 108.611 -30.0363 119.267 -30.0363 -255.579 56.9179 119.267 56.9179 177.092
GPRESSAVG: 22000 105.662 -36.4654 114.131 -32.7876 -257.459 56.2811 122.777 56.6963 180.085
TIMING: 22000  CPU: 36.036, 0.00168/step  Wall: 37.045, 0.00237644/step, 0.0118822 hours remaining, 2289.812500 MB of memory in use.
ENERGY:   22000      1127.9800       651.8542         0.0000         0.0000         -52508.3722      4480.8317         0.0000         0.0000      2756.0137         -43491.6926       250.4314    -46247.7064    -43464.5941       248.8331           -285.6665       176.4470     37851.1627        10.0409         9.4292

WRITING EXTENDED SYSTEM TO RESTART FILE AT STEP 22000
WRITING COORDINATES TO DCD FILE production_250.dcd AT STEP 22000
WRITING COORDINATES TO RESTART FILE AT STEP 22000
FINISHED WRITING RESTART COORDINATES
WRITING VELOCITIES TO RESTART FILE AT STEP 22000
FINISHED WRITING RESTART VELOCITIES
PRESSURE: 23000 1186.41 -550.942 -381.799 -550.942 -791.555 -33.8246 -381.799 -33.8246 2021.69
GPRESSURE: 23000 744.246 -874.484 -40.4182 -495.269 130.177 -65.394 -358.685 -150.047 1245.3
PRESSAVG: 23000 -62.347 -82.1025 210.658 -82.1025 -204.353 46.4386 210.658 46.4386 311.663
GPRESSAVG: 23000 -62.0737 -80.8839 215.879 -79.2333 -203.868 47.6124 207.973 48.7741 310.937
TIMING: 23000  CPU: 38.248, 0.002212/step  Wall: 39.2612, 0.00221616/step, 0.0104652 hours remaining, 2289.812500 MB of memory in use.
ENERGY:   23000      1127.4629       669.5228         0.0000         0.0000         -52622.9393      4577.0164         0.0000         0.0000      2746.3382         -43502.5989       249.5522    -46248.9372    -43479.3256       248.9229            805.5152       706.5760     37735.6693        14.9877        14.9984

WRITING EXTENDED SYSTEM TO RESTART FILE AT STEP 23000
WRITING COORDINATES TO DCD FILE production_250.dcd AT STEP 23000
WRITING COORDINATES TO RESTART FILE AT STEP 23000
FINISHED WRITING RESTART COORDINATES
WRITING VELOCITIES TO RESTART FILE AT STEP 23000
FINISHED WRITING RESTART VELOCITIES
PRESSURE: 24000 -305.7 266.968 495.467 266.968 782.38 -534.083 495.467 -534.083 877.591
GPRESSURE: 24000 -24.1224 -219.19 181.884 66.4948 -512.843 -704.601 -82.879 -832.268 1196.59
PRESSAVG: 24000 -131.353 -226.497 200.687 -226.497 -260.348 98.2769 200.687 98.2769 424.943
GPRESSAVG: 24000 -128.189 -226.015 196.569 -229.292 -261.733 94.914 202.185 99.2951 425.086
TIMING: 24000  CPU: 39.824, 0.001576/step  Wall: 40.8448, 0.0015836/step, 0.00703824 hours remaining, 2289.812500 MB of memory in use.
ENERGY:   24000      1111.8071       621.4550         0.0000         0.0000         -52477.2043      4483.0449         0.0000         0.0000      2770.4958         -43490.4016       251.7474    -46260.8974    -43464.4869       249.9917            451.4237       219.8749     37560.8195        11.0806        11.7212

WRITING EXTENDED SYSTEM TO RESTART FILE AT STEP 24000
WRITING COORDINATES TO DCD FILE production_250.dcd AT STEP 24000
WRITING COORDINATES TO RESTART FILE AT STEP 24000
FINISHED WRITING RESTART COORDINATES
WRITING VELOCITIES TO RESTART FILE AT STEP 24000
FINISHED WRITING RESTART VELOCITIES
LDB: ============= START OF LOAD BALANCING ============== 41.7169
LDB: ============== END OF LOAD BALANCING =============== 41.717
Info: useSync: 0 useProxySync: 0
LDB: =============== DONE WITH MIGRATION ================ 41.7175
LDB: ============= START OF LOAD BALANCING ============== 41.8707
LDB: Largest compute 489 load 0.017419 is 14.3% of average load 0.121864
LDB: Average compute 0.005316 is 4.4% of average load 0.121864
LDB: TIME 41.8711 LOAD: AVG 0.121864 MAX 0.133175  PROXIES: TOTAL 63 MAXPE 5 MAXPATCH 7 None MEM: 2289.81 MB
LDB: TIME 41.8714 LOAD: AVG 0.121864 MAX 0.133175  PROXIES: TOTAL 97 MAXPE 5 MAXPATCH 12 RefineTorusLB MEM: 2289.81 MB
LDB: TIME 41.8721 LOAD: AVG 0.121864 MAX 0.130489  PROXIES: TOTAL 96 MAXPE 5 MAXPATCH 12 RefineTorusLB MEM: 2289.81 MB
LDB: ============== END OF LOAD BALANCING =============== 41.8725
Info: useSync: 0 useProxySync: 0
LDB: =============== DONE WITH MIGRATION ================ 41.8732
PRESSURE: 25000 -96.6908 713.548 696.732 713.548 1542.36 243.69 696.732 243.69 356.371
GPRESSURE: 25000 314.558 263.235 43.9684 212.369 531.468 134.774 244.841 344.421 744.677
PRESSAVG: 25000 137.341 -116.545 287.848 -116.545 -196.161 -175.058 287.848 -175.058 104.148
GPRESSAVG: 25000 135.787 -116.169 289.466 -115.892 -196.334 -174.12 284.581 -177.951 106.453
TIMING: 25000  CPU: 41.336, 0.001512/step  Wall: 42.3628, 0.00151801/step, 0.00632503 hours remaining, 2289.812500 MB of memory in use.
ENERGY:   25000      1128.6999       671.0681         0.0000         0.0000         -52585.3354      4529.9062         0.0000         0.0000      2760.0429         -43495.6184       250.7975    -46255.6613    -43471.7065       248.5362            600.6811       530.2343     37472.0294        15.1092        15.3019

WRITING EXTENDED SYSTEM TO RESTART FILE AT STEP 25000
WRITING COORDINATES TO DCD FILE production_250.dcd AT STEP 25000
WRITING COORDINATES TO RESTART FILE AT STEP 25000
FINISHED WRITING RESTART COORDINATES
WRITING VELOCITIES TO RESTART FILE AT STEP 25000
FINISHED WRITING RESTART VELOCITIES
PRESSURE: 26000 734.709 -734.607 -255.704 -734.607 -53.3531 -190.246 -255.704 -190.246 -1025.86
GPRESSURE: 26000 347.807 -447.647 -126.853 -385.581 68.112 210.278 513.471 403.857 25.687
PRESSAVG: 26000 177.02 -162.087 -12.702 -162.087 -26.5049 -172.412 -12.702 -172.412 -59.0337
GPRESSAVG: 26000 176.622 -157.32 -12.1915 -159.026 -25.1964 -167.392 -9.56198 -169.298 -60.6622
TIMING: 26000  CPU: 42.828, 0.001492/step  Wall: 43.9203, 0.00155753/step, 0.00605706 hours remaining, 2289.812500 MB of memory in use.
ENERGY:   26000      1164.3306       631.1313         0.0000         0.0000         -52521.4106      4478.1401         0.0000         0.0000      2708.1159         -43539.6927       246.0791    -46247.8086    -43517.0880       248.6125           -114.8348       147.2021     37575.6481        30.4939        30.2545

WRITING EXTENDED SYSTEM TO RESTART FILE AT STEP 26000
WRITING COORDINATES TO DCD FILE production_250.dcd AT STEP 26000
WRITING COORDINATES TO RESTART FILE AT STEP 26000
FINISHED WRITING RESTART COORDINATES
WRITING VELOCITIES TO RESTART FILE AT STEP 26000
FINISHED WRITING RESTART VELOCITIES
PRESSURE: 27000 -1959.53 353.269 767.706 353.269 1171.46 -892.932 767.706 -892.932 -113.933
GPRESSURE: 27000 -694.929 -999.65 1559.15 -684.935 0.925862 -180.982 1343.56 -189.674 1.22533
PRESSAVG: 27000 1.62866 -218.042 505.888 -218.042 39.8397 -263.286 505.888 -263.286 -25.6006
GPRESSAVG: 27000 3.76646 -221.762 502.312 -219.573 42.9265 -263.588 506.757 -264.702 -27.7662
TIMING: 27000  CPU: 44.324, 0.001496/step  Wall: 45.4218, 0.0015015/step, 0.00542207 hours remaining, 2289.812500 MB of memory in use.
ENERGY:   27000      1146.7894       661.3009         0.0000         0.0000         -52475.4816      4446.1700         0.0000         0.0000      2688.5219         -43532.6994       244.2986    -46221.2214    -43510.7575       247.2976           -300.6687      -230.9259     37753.9433         5.2893         6.3089

WRITING EXTENDED SYSTEM TO RESTART FILE AT STEP 27000
WRITING COORDINATES TO DCD FILE production_250.dcd AT STEP 27000
WRITING COORDINATES TO RESTART FILE AT STEP 27000
FINISHED WRITING RESTART COORDINATES
WRITING VELOCITIES TO RESTART FILE AT STEP 27000
FINISHED WRITING RESTART VELOCITIES
PRESSURE: 28000 -96.3544 729.357 -1544.13 729.357 -452.175 -450.454 -1544.13 -450.454 426.531
GPRESSURE: 28000 242.861 -891.213 -814.502 -284.331 -149.201 -716.77 -825.776 -363.624 291.381
PRESSAVG: 28000 -134.484 -263.208 203.32 -263.208 143.84 -383.035 203.32 -383.035 -55.792
GPRESSAVG: 28000 -135.247 -262.196 208.983 -264.742 138.876 -385.092 201.891 -383.683 -52.2423
TIMING: 28000  CPU: 45.84, 0.001516/step  Wall: 46.9486, 0.00152686/step, 0.00508953 hours remaining, 2289.812500 MB of memory in use.
ENERGY:   28000      1129.7611       641.7992         0.0000         0.0000         -52492.1368      4473.7440         0.0000         0.0000      2751.4018         -43495.4307       250.0123    -46246.8325    -43468.7983       247.9779            -40.6660       128.3470     37574.3877       -15.4786       -16.2044

WRITING EXTENDED SYSTEM TO RESTART FILE AT STEP 28000
WRITING COORDINATES TO DCD FILE production_250.dcd AT STEP 28000
WRITING COORDINATES TO RESTART FILE AT STEP 28000
FINISHED WRITING RESTART COORDINATES
WRITING VELOCITIES TO RESTART FILE AT STEP 28000
FINISHED WRITING RESTART VELOCITIES
LDB: ============= START OF LOAD BALANCING ============== 48.0383
LDB: ============== END OF LOAD BALANCING =============== 48.0386
Info: useSync: 0 useProxySync: 0
LDB: =============== DONE WITH MIGRATION ================ 48.039
LDB: ============= START OF LOAD BALANCING ============== 48.2585
LDB: Largest compute 559 load 0.023655 is 18.6% of average load 0.126942
LDB: Average compute 0.005525 is 4.4% of average load 0.126942
LDB: TIME 48.2589 LOAD: AVG 0.126942 MAX 0.204399  PROXIES: TOTAL 63 MAXPE 5 MAXPATCH 7 None MEM: 2289.81 MB
LDB: TIME 48.2592 LOAD: AVG 0.126942 MAX 0.204399  PROXIES: TOTAL 96 MAXPE 5 MAXPATCH 12 RefineTorusLB MEM: 2289.81 MB
LDB: TIME 48.2598 LOAD: AVG 0.126942 MAX 0.136956  PROXIES: TOTAL 99 MAXPE 5 MAXPATCH 12 RefineTorusLB MEM: 2289.81 MB
LDB: ============== END OF LOAD BALANCING =============== 48.2603
Info: useSync: 0 useProxySync: 0
LDB: =============== DONE WITH MIGRATION ================ 48.261
PRESSURE: 29000 441.835 219.417 -723.584 219.417 97.2995 -291.358 -723.584 -291.358 1103.75
GPRESSURE: 29000 -297.388 -62.0739 129.254 214.495 -104.68 -310.142 279.169 203.572 646.555
PRESSAVG: 29000 -8.92196 -205.142 70.0551 -205.142 -155.638 -172.184 70.0551 -172.184 249.734
GPRESSAVG: 29000 -7.69919 -207.249 70.1042 -202.942 -154.332 -174.74 71.1109 -171.161 245.792
TIMING: 29000  CPU: 47.796, 0.001956/step  Wall: 48.9129, 0.0019642/step, 0.00600173 hours remaining, 2289.812500 MB of memory in use.
ENERGY:   29000      1122.9934       592.8215         0.0000         0.0000         -52511.0758      4499.5389         0.0000         0.0000      2767.4274         -43528.2946       251.4685    -46295.7220    -43504.2335       248.0271            547.6276        81.4954     37799.6421        28.3913        27.9200

WRITING EXTENDED SYSTEM TO RESTART FILE AT STEP 29000
WRITING COORDINATES TO DCD FILE production_250.dcd AT STEP 29000
WRITING COORDINATES TO RESTART FILE AT STEP 29000
FINISHED WRITING RESTART COORDINATES
WRITING VELOCITIES TO RESTART FILE AT STEP 29000
FINISHED WRITING RESTART VELOCITIES
PRESSURE: 30000 216.51 76.1572 -1212.06 76.1572 -287.608 -672.8 -1212.06 -672.8 1969.24
GPRESSURE: 30000 293.351 501.23 -704.222 341.716 342.667 -559.505 -776.871 -140.029 483.326
PRESSAVG: 30000 24.8717 -33.0495 79.7629 -33.0495 -179.587 -217.586 79.7629 -217.586 235.155
GPRESSAVG: 30000 23.7072 -33.3828 78.5638 -34.4117 -177.786 -215.631 78.224 -221.422 235.243
TIMING: 30000  CPU: 49.688, 0.001892/step  Wall: 50.8377, 0.00192482/step, 0.00534673 hours remaining, 2289.812500 MB of memory in use.
ETITLE:      TS           BOND          ANGLE          DIHED          IMPRP               ELECT            VDW       BOUNDARY           MISC        KINETIC               TOTAL           TEMP      POTENTIAL         TOTAL3        TEMPAVG            PRESSURE      GPRESSURE         VOLUME       PRESSAVG      GPRESSAVG

ENERGY:   30000      1105.1325       643.2000         0.0000         0.0000         -52522.4686      4511.1461         0.0000         0.0000      2774.7696         -43488.2204       252.1357    -46262.9900    -43463.5622       249.1412            632.7138       373.1146     37622.4785        26.8131        27.0550

WRITING EXTENDED SYSTEM TO RESTART FILE AT STEP 30000
WRITING COORDINATES TO DCD FILE production_250.dcd AT STEP 30000
WRITING COORDINATES TO RESTART FILE AT STEP 30000
FINISHED WRITING RESTART COORDINATES
WRITING VELOCITIES TO RESTART FILE AT STEP 30000
FINISHED WRITING RESTART VELOCITIES
PRESSURE: 31000 1084.87 105.045 59.135 105.045 692.515 698.731 59.135 698.731 3233.55
GPRESSURE: 31000 830.888 96.7735 39.4042 315.218 1275.49 -473.176 -232.211 -518.651 1325.21
PRESSAVG: 31000 -195.925 -44.3501 265.98 -44.3501 -160.341 -209.862 265.98 -209.862 435.234
GPRESSAVG: 31000 -195.168 -43.6155 265.323 -45.4047 -160.603 -213.013 267.943 -209.699 438.105
TIMING: 31000  CPU: 51.588, 0.0019/step  Wall: 52.7447, 0.00190706/step, 0.00476766 hours remaining, 2289.812500 MB of memory in use.
ENERGY:   31000      1132.5823       651.6164         0.0000         0.0000         -52633.2119      4618.9556         0.0000         0.0000      2751.7572         -43478.3003       250.0446    -46230.0575    -43454.7701       249.1140           1670.3143      1143.8608     37687.4951        26.3226        27.4447

WRITING EXTENDED SYSTEM TO RESTART FILE AT STEP 31000
WRITING COORDINATES TO DCD FILE production_250.dcd AT STEP 31000
WRITING COORDINATES TO RESTART FILE AT STEP 31000
FINISHED WRITING RESTART COORDINATES
WRITING VELOCITIES TO RESTART FILE AT STEP 31000
FINISHED WRITING RESTART VELOCITIES
PRESSURE: 32000 1620.52 290.5 572.637 290.5 -116.748 -783.709 572.637 -783.709 2902.42
GPRESSURE: 32000 553.035 179.937 113.13 136.745 -141.324 -21.6669 303.766 -92.9463 1079.19
PRESSAVG: 32000 -162.363 -74.6691 353.613 -74.6691 -66.7088 -213.818 353.613 -213.818 166.492
GPRESSAVG: 32000 -163.51 -71.904 352.258 -75.2555 -64.632 -208.406 350.682 -213.951 162.604
TIMING: 32000  CPU: 53.108, 0.00152/step  Wall: 54.273, 0.00152826/step, 0.00339614 hours remaining, 2289.812500 MB of memory in use.
ENERGY:   32000      1096.9590       661.8806         0.0000         0.0000         -52515.3694      4517.2288         0.0000         0.0000      2794.7637         -43444.5374       253.9525    -46239.3010    -43419.6623       250.9839           1468.7313       496.9659     37828.0544       -20.8600       -21.8459

WRITING EXTENDED SYSTEM TO RESTART FILE AT STEP 32000
WRITING COORDINATES TO DCD FILE production_250.dcd AT STEP 32000
WRITING COORDINATES TO RESTART FILE AT STEP 32000
FINISHED WRITING RESTART COORDINATES
WRITING VELOCITIES TO RESTART FILE AT STEP 32000
FINISHED WRITING RESTART VELOCITIES
LDB: ============= START OF LOAD BALANCING ============== 55.1448
LDB: ============== END OF LOAD BALANCING =============== 55.1449
Info: useSync: 0 useProxySync: 0
LDB: =============== DONE WITH MIGRATION ================ 55.1454
LDB: ============= START OF LOAD BALANCING ============== 55.3559
LDB: Largest compute 489 load 0.028334 is 22.2% of average load 0.127421
LDB: Average compute 0.005541 is 4.3% of average load 0.127421
LDB: TIME 55.3563 LOAD: AVG 0.127421 MAX 0.207098  PROXIES: TOTAL 63 MAXPE 5 MAXPATCH 7 None MEM: 2289.81 MB
LDB: TIME 55.3566 LOAD: AVG 0.127421 MAX 0.207098  PROXIES: TOTAL 99 MAXPE 5 MAXPATCH 12 RefineTorusLB MEM: 2289.81 MB
LDB: TIME 55.3571 LOAD: AVG 0.127421 MAX 0.136342  PROXIES: TOTAL 99 MAXPE 5 MAXPATCH 13 RefineTorusLB MEM: 2289.81 MB
LDB: ============== END OF LOAD BALANCING =============== 55.3576
Info: useSync: 0 useProxySync: 0
LDB: =============== DONE WITH MIGRATION ================ 55.3583
PRESSURE: 33000 1790.3 146.716 244.37 146.716 50.5995 -521.979 244.37 -521.979 861.832
GPRESSURE: 33000 246.947 103.555 268.214 -292.48 715.875 -313.586 495.331 -217.461 -307.383
PRESSAVG: 33000 8.6204 -0.862813 68.1582 -0.862813 -156.525 41.8092 68.1582 41.8092 161.766
GPRESSAVG: 33000 5.64616 -4.61542 70.3238 3.51336 -155.958 38.5471 70.8503 41.0128 162.1
TIMING: 33000  CPU: 54.7, 0.001592/step  Wall: 55.87, 0.00159704/step, 0.00310536 hours remaining, 2289.812500 MB of memory in use.
ENERGY:   33000      1111.8356       660.9882         0.0000         0.0000         -52436.1640      4456.8895         0.0000         0.0000      2800.5226         -43405.9281       254.4758    -46206.4507    -43381.6498       252.1624            900.9109       218.4797     37556.2777         4.6205         3.9293

WRITING EXTENDED SYSTEM TO RESTART FILE AT STEP 33000
WRITING COORDINATES TO DCD FILE production_250.dcd AT STEP 33000
WRITING COORDINATES TO RESTART FILE AT STEP 33000
FINISHED WRITING RESTART COORDINATES
WRITING VELOCITIES TO RESTART FILE AT STEP 33000
FINISHED WRITING RESTART VELOCITIES
PRESSURE: 34000 -395.101 -315.761 229.431 -315.761 -452.751 -332.446 229.431 -332.446 590.81
GPRESSURE: 34000 -530.109 -104.133 -39.7597 -199.388 -400.771 -47.7176 99.9737 564.086 29.0945
PRESSAVG: 34000 -257.404 -69.2059 205.538 -69.2059 140.245 38.0901 205.538 38.0901 264.518
GPRESSAVG: 34000 -251.54 -67.8457 206.814 -72.769 138.998 44.2505 203.037 41.4452 267.232
TIMING: 34000  CPU: 56.24, 0.00154/step  Wall: 57.4146, 0.00154452/step, 0.00257421 hours remaining, 2289.812500 MB of memory in use.
ENERGY:   34000      1108.0024       638.7726         0.0000         0.0000         -52384.4417      4413.9020         0.0000         0.0000      2800.2940         -43423.4707       254.4550    -46223.7648    -43396.9666       252.1589            -85.6808      -300.5952     37816.3154        49.1195        51.5636

WRITING EXTENDED SYSTEM TO RESTART FILE AT STEP 34000
WRITING COORDINATES TO DCD FILE production_250.dcd AT STEP 34000
WRITING COORDINATES TO RESTART FILE AT STEP 34000
FINISHED WRITING RESTART COORDINATES
WRITING VELOCITIES TO RESTART FILE AT STEP 34000
FINISHED WRITING RESTART VELOCITIES
PRESSURE: 35000 124.303 -230.913 -251.029 -230.913 -844.856 -395.865 -251.029 -395.865 849.804
GPRESSURE: 35000 51.3261 208.386 788.65 433.133 -262.479 -687.536 663.497 -455.758 -203.537
PRESSAVG: 35000 -103.741 -229.53 13.8641 -229.53 -191.375 -211.235 13.8641 -211.235 233.841
GPRESSAVG: 35000 -104.18 -228.739 11.8657 -229.493 -190.301 -213.053 14.4259 -213.753 230.202
TIMING: 35000  CPU: 57.76, 0.00152/step  Wall: 58.9442, 0.00152962/step, 0.00212447 hours remaining, 2289.812500 MB of memory in use.
ENERGY:   35000      1113.2723       615.5323         0.0000         0.0000         -52331.1902      4431.9623         0.0000         0.0000      2803.2691         -43367.1543       254.7254    -46170.4234    -43342.5916       253.8778             43.0838      -138.2300     37918.8482       -20.4250       -21.4262

WRITING EXTENDED SYSTEM TO RESTART FILE AT STEP 35000
WRITING COORDINATES TO DCD FILE production_250.dcd AT STEP 35000
WRITING COORDINATES TO RESTART FILE AT STEP 35000
FINISHED WRITING RESTART COORDINATES
WRITING VELOCITIES TO RESTART FILE AT STEP 35000
FINISHED WRITING RESTART VELOCITIES
PRESSURE: 36000 193.307 276.425 1602.22 276.425 1768.62 31.2767 1602.22 31.2767 333.03
GPRESSURE: 36000 938.652 -15.0427 11.9892 51.7709 524.711 500.205 -360.788 572.211 209.379
PRESSAVG: 36000 30.2287 -39.7923 -251.917 -39.7923 -47.5107 -110.874 -251.917 -110.874 8.66374
GPRESSAVG: 36000 28.6959 -41.3762 -252.942 -40.4539 -48.2317 -106.184 -251.14 -110.803 9.5498
TIMING: 36000  CPU: 59.28, 0.00152/step  Wall: 60.4671, 0.00152289/step, 0.0016921 hours remaining, 2289.812500 MB of memory in use.
ENERGY:   36000      1117.9742       662.1768         0.0000         0.0000         -52532.6500      4546.2195         0.0000         0.0000      2780.1737         -43426.1057       252.6268    -46206.2795    -43402.9863       254.0126            764.9849       557.5810     37709.0643        -2.8728        -3.3287

WRITING EXTENDED SYSTEM TO RESTART FILE AT STEP 36000
WRITING COORDINATES TO DCD FILE production_250.dcd AT STEP 36000
WRITING COORDINATES TO RESTART FILE AT STEP 36000
FINISHED WRITING RESTART COORDINATES
WRITING VELOCITIES TO RESTART FILE AT STEP 36000
FINISHED WRITING RESTART VELOCITIES
LDB: ============= START OF LOAD BALANCING ============== 61.3837
LDB: ============== END OF LOAD BALANCING =============== 61.3839
Info: useSync: 0 useProxySync: 0
LDB: =============== DONE WITH MIGRATION ================ 61.3853
LDB: ============= START OF LOAD BALANCING ============== 61.5401
LDB: Largest compute 22 load 0.018130 is 14.8% of average load 0.122256
LDB: Average compute 0.005326 is 4.4% of average load 0.122256
LDB: TIME 61.5406 LOAD: AVG 0.122256 MAX 0.137484  PROXIES: TOTAL 63 MAXPE 5 MAXPATCH 7 None MEM: 2289.81 MB
LDB: TIME 61.5408 LOAD: AVG 0.122256 MAX 0.137484  PROXIES: TOTAL 99 MAXPE 5 MAXPATCH 13 RefineTorusLB MEM: 2289.81 MB
LDB: TIME 61.5413 LOAD: AVG 0.122256 MAX 0.130811  PROXIES: TOTAL 99 MAXPE 5 MAXPATCH 13 RefineTorusLB MEM: 2289.81 MB
LDB: ============== END OF LOAD BALANCING =============== 61.5418
Info: useSync: 0 useProxySync: 0
LDB: =============== DONE WITH MIGRATION ================ 61.5424
PRESSURE: 37000 -1414.56 1013.95 -70.5442 1013.95 -1986.21 -1763.7 -70.5442 -1763.7 448.001
GPRESSURE: 37000 21.3357 212.314 -427.093 316.63 -360.695 -28.0419 -432.901 -431.228 79.3816
PRESSAVG: 37000 -182.554 64.5552 -124.339 64.5552 27.4208 101.209 -124.339 101.209 138.045
GPRESSAVG: 37000 -179.039 62.8806 -122.802 63.7352 25.8285 98.9409 -121.256 105.926 138.5
TIMING: 37000  CPU: 60.852, 0.001572/step  Wall: 62.0495, 0.00158246/step, 0.00131872 hours remaining, 2289.812500 MB of memory in use.
ENERGY:   37000      1137.3509       695.7913         0.0000         0.0000         -52461.7348      4457.4415         0.0000         0.0000      2758.6383         -43412.5127       250.6699    -46171.1510    -43386.0318       251.8211           -984.2557       -86.6593     37747.0487        -5.6959        -4.9035

WRITING EXTENDED SYSTEM TO RESTART FILE AT STEP 37000
WRITING COORDINATES TO DCD FILE production_250.dcd AT STEP 37000
WRITING COORDINATES TO RESTART FILE AT STEP 37000
FINISHED WRITING RESTART COORDINATES
WRITING VELOCITIES TO RESTART FILE AT STEP 37000
FINISHED WRITING RESTART VELOCITIES
PRESSURE: 38000 -400.332 1311.07 203.932 1311.07 -395.61 -59.0553 203.932 -59.0553 -566.943
GPRESSURE: 38000 1027.25 227.799 486.178 86.1267 -386.878 -242.048 25.1423 -832.274 264.876
PRESSAVG: 38000 -51.6204 -115.464 23.0507 -115.464 -108.997 -169.669 23.0507 -169.669 116.479
GPRESSAVG: 38000 -55.4593 -116.311 25.7776 -116.24 -109.824 -173.265 21.0213 -169.703 117.048
TIMING: 38000  CPU: 62.388, 0.001536/step  Wall: 63.5926, 0.00154308/step, 0.000857266 hours remaining, 2289.812500 MB of memory in use.
ENERGY:   38000      1150.5401       662.4172         0.0000         0.0000         -52504.8022      4469.5807         0.0000         0.0000      2769.7078         -43452.5565       251.6758    -46222.2643    -43428.6820       250.7449           -454.2950       301.7480     37433.9884       -14.7128       -16.0784

WRITING EXTENDED SYSTEM TO RESTART FILE AT STEP 38000
WRITING COORDINATES TO DCD FILE production_250.dcd AT STEP 38000
WRITING COORDINATES TO RESTART FILE AT STEP 38000
FINISHED WRITING RESTART COORDINATES
WRITING VELOCITIES TO RESTART FILE AT STEP 38000
FINISHED WRITING RESTART VELOCITIES
PRESSURE: 39000 -650.044 1139.15 904.598 1139.15 -1803.77 -477.061 904.598 -477.061 -793.457
GPRESSURE: 39000 565.597 915.374 69.4792 1238.82 -604.97 -83.4217 238.019 -609.955 16.9989
PRESSAVG: 39000 77.8492 52.228 154.012 52.228 -81.657 -172.285 154.012 -172.285 -36.1016
GPRESSAVG: 39000 79.3768 50.7324 152.685 57.1641 -78.1546 -170.054 153.353 -172.876 -35.0991
TIMING: 39000  CPU: 63.956, 0.001568/step  Wall: 65.1659, 0.00157334/step, 0.000437038 hours remaining, 2289.812500 MB of memory in use.
ENERGY:   39000      1160.2648       640.5309         0.0000         0.0000         -52563.2455      4480.4511         0.0000         0.0000      2722.8815         -43559.1171       247.4208    -46281.9986    -43535.1648       247.4108          -1082.4226        -7.4580     37647.6541       -13.3031       -11.2923

WRITING EXTENDED SYSTEM TO RESTART FILE AT STEP 39000
WRITING COORDINATES TO DCD FILE production_250.dcd AT STEP 39000
WRITING COORDINATES TO RESTART FILE AT STEP 39000
FINISHED WRITING RESTART COORDINATES
WRITING VELOCITIES TO RESTART FILE AT STEP 39000
FINISHED WRITING RESTART VELOCITIES
PRESSURE: 40000 1220.95 61.2512 127.314 61.2512 251.481 -115.711 127.314 -115.711 1715.72
GPRESSURE: 40000 -351.434 59.8805 -176.833 369.858 -148.614 -617.338 195.189 -920.173 64.4895
PRESSAVG: 40000 38.7947 11.6688 313.672 11.6688 169.053 -293.62 313.672 -293.62 -159.316
GPRESSAVG: 40000 42.2335 9.08167 309.712 9.98712 166.419 -298.887 314.19 -293.595 -164.123
TIMING: 40000  CPU: 65.544, 0.001588/step  Wall: 66.7607, 0.00159477/step, 0 hours remaining, 2289.812500 MB of memory in use.
ETITLE:      TS           BOND          ANGLE          DIHED          IMPRP               ELECT            VDW       BOUNDARY           MISC        KINETIC               TOTAL           TEMP      POTENTIAL         TOTAL3        TEMPAVG            PRESSURE      GPRESSURE         VOLUME       PRESSAVG      GPRESSAVG

ENERGY:   40000      1080.9190       648.2321         0.0000         0.0000         -52391.7863      4426.0545         0.0000         0.0000      2728.5158         -43508.0649       247.9328    -46236.5807    -43482.8758       246.8100           1062.7187      -145.1863     37523.3656        16.1772        14.8431

WRITING EXTENDED SYSTEM TO RESTART FILE AT STEP 40000
WRITING COORDINATES TO DCD FILE production_250.dcd AT STEP 40000
WRITING COORDINATES TO RESTART FILE AT STEP 40000
FINISHED WRITING RESTART COORDINATES
WRITING VELOCITIES TO RESTART FILE AT STEP 40000
FINISHED WRITING RESTART VELOCITIES
WRITING EXTENDED SYSTEM TO OUTPUT FILE AT STEP 40000
CLOSING EXTENDED SYSTEM TRAJECTORY FILE
WRITING COORDINATES TO OUTPUT FILE AT STEP 40000
CLOSING COORDINATE DCD FILE production_250.dcd
WRITING VELOCITIES TO OUTPUT FILE AT STEP 40000
====================================================

WallClock: 67.247803  CPUTime: 65.667999  Memory: 2289.812500 MB
[Partition 0][Node 0] End of program
